
> nx run admin-dashboard:build:production

 ÔÜá You are using a non-standard "NODE_ENV" value in your environment. This creates inconsistencies in the project and is strongly advised against. Read more: https://nextjs.org/docs/messages/non-standard-node-env
  [1m[38;2;173;127;168mÔû▓ Next.js 14.2.3[39m[22m
 [37m[1m [22m[39m Creating an optimized production build ...
Failed to compile.

./src/app/components/CommandSearch.tsx
Module not found: Can't resolve 'react/jsx-runtime'
https://nextjs.org/docs/messages/module-not-found
Import trace for requested module:
./src/app/page.tsx
./src/app/components/KPITransportPanel.tsx
Module not found: Can't resolve 'react/jsx-runtime'
https://nextjs.org/docs/messages/module-not-found
Import trace for requested module:
./src/app/page.tsx
./src/app/components/TripDrawer.tsx
Module not found: Can't resolve 'react/jsx-runtime'
https://nextjs.org/docs/messages/module-not-found
Import trace for requested module:
./src/app/page.tsx
./src/app/components/analytics/RevenueOverview.tsx
Module not found: Can't resolve 'react/jsx-runtime'
https://nextjs.org/docs/messages/module-not-found
Import trace for requested module:
./src/app/page.tsx
./src/app/components/analytics/UserAnalytics.tsx
Module not found: Can't resolve 'react/jsx-runtime'
https://nextjs.org/docs/messages/module-not-found
Import trace for requested module:
./src/app/page.tsx
> Build failed because of webpack errors
Build process exited due to code 1  



 NX   Running target build for project admin-dashboard failed

Failed tasks:

- admin-dashboard:build:production

Hint: run the command with --verbose for more details.

