ERROR: failed to build: invalid tag "us-central1-docker.pkg.dev/going-5d1ae/going-repo-prod/": invalid reference format
invalid reference format
ERROR: failed to build: invalid tag "us-central1-docker.pkg.dev/going-5d1ae/going-repo-prod/": invalid reference format
invalid reference format
ERROR: failed to build: invalid tag "us-central1-docker.pkg.dev/going-5d1ae/going-repo-prod/": invalid reference format
invalid reference format
ERROR: failed to build: invalid tag "us-central1-docker.pkg.dev/going-5d1ae/going-repo-prod/": invalid reference format
invalid reference format
ERROR: failed to build: invalid tag "us-central1-docker.pkg.dev/going-5d1ae/going-repo-prod/": invalid reference format
invalid reference format
ERROR: failed to build: invalid tag "us-central1-docker.pkg.dev/going-5d1ae/going-repo-prod/": invalid reference format
invalid reference format
ERROR: failed to build: invalid tag "us-central1-docker.pkg.dev/going-5d1ae/going-repo-prod/": invalid reference format
invalid reference format
ERROR: failed to build: invalid tag "us-central1-docker.pkg.dev/going-5d1ae/going-repo-prod/": invalid reference format
invalid reference format
ERROR: failed to build: invalid tag "us-central1-docker.pkg.dev/going-5d1ae/going-repo-prod/": invalid reference format
invalid reference format
ERROR: failed to build: invalid tag "us-central1-docker.pkg.dev/going-5d1ae/going-repo-prod/": invalid reference format
invalid reference format
ERROR: failed to build: invalid tag "us-central1-docker.pkg.dev/going-5d1ae/going-repo-prod/": invalid reference format
invalid reference format
#0 building with "desktop-linux" instance using docker driver

#1 [internal] load build definition from Dockerfile.migrations
#1 transferring dockerfile: 613B 0.0s done
#1 DONE 0.1s

#2 [auth] library/node:pull token for registry-1.docker.io
#2 DONE 0.0s

#3 [internal] load metadata for docker.io/library/node:18-alpine
#3 DONE 1.2s

#4 [internal] load .dockerignore
#4 transferring context: 207B 0.0s done
#4 DONE 0.0s

#5 [internal] load build context
#5 DONE 0.0s

#6 [1/6] FROM docker.io/library/node:18-alpine@sha256:8d6421d663b4c28fd3ebc498332f249011d118945588d0a35cb9bc4b8ca09d9e
#6 resolve docker.io/library/node:18-alpine@sha256:8d6421d663b4c28fd3ebc498332f249011d118945588d0a35cb9bc4b8ca09d9e 0.1s done
#6 DONE 0.1s

#7 [2/6] WORKDIR /app
#7 CACHED

#5 [internal] load build context
#5 transferring context: 290B 0.2s done
#5 DONE 0.2s

#8 [3/6] RUN apk add --no-cache openssl
#8 0.437 fetch https://dl-cdn.alpinelinux.org/alpine/v3.21/main/x86_64/APKINDEX.tar.gz
#8 0.952 fetch https://dl-cdn.alpinelinux.org/alpine/v3.21/community/x86_64/APKINDEX.tar.gz
#8 1.636 (1/3) Upgrading libcrypto3 (3.3.3-r0 -> 3.3.5-r0)
#8 1.776 (2/3) Upgrading libssl3 (3.3.3-r0 -> 3.3.5-r0)
#8 1.831 (3/3) Installing openssl (3.3.5-r0)
#8 1.880 Executing busybox-1.37.0-r12.trigger
#8 1.894 OK: 10 MiB in 18 packages
#8 DONE 2.1s

#9 [4/6] COPY libs/shared/prisma-client/prisma/schema.prisma ./prisma/schema.prisma
#9 DONE 0.1s

#10 [5/6] COPY package.json package-lock.json ./
#10 DONE 0.2s

#11 [6/6] RUN npm install prisma --legacy-peer-deps
#11 6.571 npm warn EBADENGINE Unsupported engine {
#11 6.571 npm warn EBADENGINE   package: '@isaacs/balanced-match@4.0.1',
#11 6.571 npm warn EBADENGINE   required: { node: '20 || >=22' },
#11 6.571 npm warn EBADENGINE   current: { node: 'v18.20.8', npm: '10.8.2' }
#11 6.571 npm warn EBADENGINE }
#11 6.572 npm warn EBADENGINE Unsupported engine {
#11 6.572 npm warn EBADENGINE   package: '@isaacs/brace-expansion@5.0.0',
#11 6.572 npm warn EBADENGINE   required: { node: '20 || >=22' },
#11 6.572 npm warn EBADENGINE   current: { node: 'v18.20.8', npm: '10.8.2' }
#11 6.572 npm warn EBADENGINE }
#11 6.575 npm warn EBADENGINE Unsupported engine {
#11 6.575 npm warn EBADENGINE   package: '@nestjs/core@11.1.11',
#11 6.575 npm warn EBADENGINE   required: { node: '>= 20' },
#11 6.575 npm warn EBADENGINE   current: { node: 'v18.20.8', npm: '10.8.2' }
#11 6.575 npm warn EBADENGINE }
#11 6.587 npm warn EBADENGINE Unsupported engine {
#11 6.587 npm warn EBADENGINE   package: 'file-type@21.2.0',
#11 6.587 npm warn EBADENGINE   required: { node: '>=20' },
#11 6.587 npm warn EBADENGINE   current: { node: 'v18.20.8', npm: '10.8.2' }
#11 6.587 npm warn EBADENGINE }
#11 6.590 npm warn EBADENGINE Unsupported engine {
#11 6.590 npm warn EBADENGINE   package: 'hashery@1.4.0',
#11 6.590 npm warn EBADENGINE   required: { node: '>=20' },
#11 6.590 npm warn EBADENGINE   current: { node: 'v18.20.8', npm: '10.8.2' }
#11 6.590 npm warn EBADENGINE }
#11 6.598 npm warn EBADENGINE Unsupported engine {
#11 6.598 npm warn EBADENGINE   package: 'react-router@7.11.0',
#11 6.598 npm warn EBADENGINE   required: { node: '>=20.0.0' },
#11 6.598 npm warn EBADENGINE   current: { node: 'v18.20.8', npm: '10.8.2' }
#11 6.598 npm warn EBADENGINE }
#11 6.598 npm warn EBADENGINE Unsupported engine {
#11 6.598 npm warn EBADENGINE   package: 'react-router-dom@7.11.0',
#11 6.598 npm warn EBADENGINE   required: { node: '>=20.0.0' },
#11 6.598 npm warn EBADENGINE   current: { node: 'v18.20.8', npm: '10.8.2' }
#11 6.598 npm warn EBADENGINE }
#11 6.604 npm warn EBADENGINE Unsupported engine {
#11 6.604 npm warn EBADENGINE   package: 'vite@7.3.0',
#11 6.604 npm warn EBADENGINE   required: { node: '^20.19.0 || >=22.12.0' },
#11 6.604 npm warn EBADENGINE   current: { node: 'v18.20.8', npm: '10.8.2' }
#11 6.604 npm warn EBADENGINE }
#11 6.605 npm warn EBADENGINE Unsupported engine {
#11 6.605 npm warn EBADENGINE   package: 'workbox-build@7.4.0',
#11 6.605 npm warn EBADENGINE   required: { node: '>=20.0.0' },
#11 6.605 npm warn EBADENGINE   current: { node: 'v18.20.8', npm: '10.8.2' }
#11 6.605 npm warn EBADENGINE }
#11 6.606 npm warn EBADENGINE Unsupported engine {
#11 6.606 npm warn EBADENGINE   package: 'glob@11.1.0',
#11 6.606 npm warn EBADENGINE   required: { node: '20 || >=22' },
#11 6.606 npm warn EBADENGINE   current: { node: 'v18.20.8', npm: '10.8.2' }
#11 6.606 npm warn EBADENGINE }
#11 6.606 npm warn EBADENGINE Unsupported engine {
#11 6.606 npm warn EBADENGINE   package: 'jackspeak@4.1.1',
#11 6.606 npm warn EBADENGINE   required: { node: '20 || >=22' },
#11 6.606 npm warn EBADENGINE   current: { node: 'v18.20.8', npm: '10.8.2' }
#11 6.606 npm warn EBADENGINE }
#11 6.607 npm warn EBADENGINE Unsupported engine {
#11 6.607 npm warn EBADENGINE   package: 'lru-cache@11.2.4',
#11 6.607 npm warn EBADENGINE   required: { node: '20 || >=22' },
#11 6.607 npm warn EBADENGINE   current: { node: 'v18.20.8', npm: '10.8.2' }
#11 6.607 npm warn EBADENGINE }
#11 6.607 npm warn EBADENGINE Unsupported engine {
#11 6.607 npm warn EBADENGINE   package: 'minimatch@10.1.1',
#11 6.607 npm warn EBADENGINE   required: { node: '20 || >=22' },
#11 6.607 npm warn EBADENGINE   current: { node: 'v18.20.8', npm: '10.8.2' }
#11 6.607 npm warn EBADENGINE }
#11 6.607 npm warn EBADENGINE Unsupported engine {
#11 6.607 npm warn EBADENGINE   package: 'path-scurry@2.0.1',
#11 6.607 npm warn EBADENGINE   required: { node: '20 || >=22' },
#11 6.607 npm warn EBADENGINE   current: { node: 'v18.20.8', npm: '10.8.2' }
#11 6.607 npm warn EBADENGINE }
#11 19.08 npm warn deprecated whatwg-encoding@2.0.0: Use @exodus/bytes instead for a more spec-conformant and faster implementation
#11 21.37 npm warn deprecated stringify-package@1.0.1: This module is not used anymore, and has been replaced by @npmcli/package-json
#11 21.74 npm warn deprecated stable@0.1.8: Modern JS already guarantees Array#sort() is a stable sort, so this library is deprecated. See the compatibility table on MDN: https://developer.mozilla.org/en-US/docs/Web/JavaScript/Reference/Global_Objects/Array/sort#browser_compatibility
#11 23.35 npm warn deprecated scmp@2.1.0: Just use Node.js's crypto.timingSafeEqual()
#11 23.81 npm warn deprecated sourcemap-codec@1.4.8: Please use @jridgewell/sourcemap-codec instead
#11 23.83 npm warn deprecated rimraf@3.0.2: Rimraf versions prior to v4 are no longer supported
#11 25.33 npm warn deprecated q@1.5.1: You or someone you depend on is using Q, the JavaScript Promise library that gave JavaScript developers strong feelings about promises. They can almost certainly migrate to the native JavaScript promise now. Thank you literally everyone for joining me in this bet against the odds. Be excellent to each other.
#11 25.33 npm warn deprecated
#11 25.33 npm warn deprecated (For a CapTP with native promises, see @endo/eventual-send and @endo/captp)
#11 31.64 npm warn deprecated keygrip@1.1.0: Package no longer supported. Contact Support at https://www.npmjs.com/support for more info.
#11 33.62 npm warn deprecated inflight@1.0.6: This module is not supported, and leaks memory. Do not use it. Check out lru-cache if you want a good and tested way to coalesce async requests by a key value, which is much more comprehensive and powerful.
