#0 building with "desktop-linux" instance using docker driver

#1 [internal] load build definition from Dockerfile.spa
#1 transferring dockerfile: 1.77kB 0.0s done
#1 DONE 0.1s

#2 [internal] load metadata for docker.io/library/node:20-alpine
#2 ...

#3 [internal] load metadata for docker.io/library/nginx:alpine
#3 DONE 0.7s

#2 [internal] load metadata for docker.io/library/node:20-alpine
#2 DONE 0.7s

#4 [internal] load .dockerignore
#4 transferring context: 207B 0.0s done
#4 DONE 0.1s

#5 [internal] load build context
#5 DONE 0.0s

#6 [runner 1/3] FROM docker.io/library/nginx:alpine@sha256:c083c3799197cfff91fe5c3c558db3d2eea65ccbbfd419fa42a64d2c39a24027
#6 resolve docker.io/library/nginx:alpine@sha256:c083c3799197cfff91fe5c3c558db3d2eea65ccbbfd419fa42a64d2c39a24027
#6 resolve docker.io/library/nginx:alpine@sha256:c083c3799197cfff91fe5c3c558db3d2eea65ccbbfd419fa42a64d2c39a24027 0.3s done
#6 DONE 0.3s

#7 [builder  1/10] FROM docker.io/library/node:20-alpine@sha256:658d0f63e501824d6c23e06d4bb95c71e7d704537c9d9272f488ac03a370d448
#7 resolve docker.io/library/node:20-alpine@sha256:658d0f63e501824d6c23e06d4bb95c71e7d704537c9d9272f488ac03a370d448 0.3s done
#7 DONE 0.3s

#8 [builder  2/10] WORKDIR /app
#8 CACHED

#5 [internal] load build context
#5 transferring context: 513.59kB 0.8s done
#5 DONE 0.8s

#9 [builder  3/10] RUN apk add --no-cache libc6-compat
#9 ...

#10 [runner 2/3] COPY apps/enterprise-portal/nginx.conf /etc/nginx/conf.d/default.conf
#10 ERROR: failed to calculate checksum of ref 619tq4pqbqepg79etxsvcfioj::zd2nejnc51xxqdudhq5cihmmm: "/apps/enterprise-portal/nginx.conf": not found

#9 [builder  3/10] RUN apk add --no-cache libc6-compat
#9 CANCELED
------
 > [runner 2/3] COPY apps/enterprise-portal/nginx.conf /etc/nginx/conf.d/default.conf:
------
Dockerfile.spa:47
--------------------
  45 |     
  46 |     # Copy custom nginx configuration
  47 | >>> COPY apps/${APP_NAME}/nginx.conf /etc/nginx/conf.d/default.conf
  48 |     
  49 |     # Copy build artifacts to Nginx html directory
--------------------
ERROR: failed to build: failed to solve: failed to compute cache key: failed to calculate checksum of ref 619tq4pqbqepg79etxsvcfioj::zd2nejnc51xxqdudhq5cihmmm: "/apps/enterprise-portal/nginx.conf": not found

View build details: docker-desktop://dashboard/build/desktop-linux/desktop-linux/ghhsky6xjyg20czoonp5bn5x1
