#0 building with "desktop-linux" instance using docker driver

#1 [internal] load build definition from Dockerfile.frontend
#1 transferring dockerfile: 1.35kB 0.0s done
#1 DONE 0.0s

#2 [internal] load metadata for docker.io/library/node:18-alpine
#2 DONE 0.7s

#3 [internal] load .dockerignore
#3 transferring context: 84B done
#3 DONE 0.0s

#4 [internal] load build context
#4 DONE 0.0s

#5 [builder 1/8] FROM docker.io/library/node:18-alpine@sha256:8d6421d663b4c28fd3ebc498332f249011d118945588d0a35cb9bc4b8ca09d9e
#5 resolve docker.io/library/node:18-alpine@sha256:8d6421d663b4c28fd3ebc498332f249011d118945588d0a35cb9bc4b8ca09d9e 0.1s done
#5 DONE 0.1s

#6 [builder 2/8] WORKDIR /app
#6 CACHED

#7 [runner 3/6] RUN addgroup -g 1001 -S nodejs && adduser -S nextjs -u 1001
#7 CACHED

#4 [internal] load build context
#4 transferring context: 634.17kB 0.9s done
#4 DONE 1.0s

#8 [builder 3/8] RUN apk add --no-cache libc6-compat
#8 CACHED

#9 [builder 4/8] COPY package*.json nx.json tsconfig.base.json ./
#9 CACHED

#10 [builder 5/8] RUN npm install --legacy-peer-deps
#10 CACHED

#11 [builder 6/8] COPY . .
#11 DONE 65.4s

#12 [builder 7/8] RUN rm -rf apps/mobile-driver-app apps/mobile-user-app apps/frontend-webapp apps/enterprise-portal &&     rm -rf apps/*-e2e &&     rm -rf tools/guardian
#12 DONE 3.0s

#13 [builder 8/8] RUN npx nx build admin-dashboard --prod --skip-nx-cache
#13 3.634 Convert compiler options from json failed, No inputs were found in config file 'tsconfig.json'. Specified 'include' paths were '["jest.config.ts","jest.config.cts","src/**/*.test.ts","src/**/*.spec.ts","src/**/*.test.tsx","src/**/*.spec.tsx","src/**/*.test.js","src/**/*.spec.js","src/**/*.test.jsx","src/**/*.spec.jsx","src/**/*.d.ts"]' and 'exclude' paths were '["node_modules","jest.config.ts","jest.config.cts","**/*.spec.ts","**/*.test.ts","src/**/*.spec.ts","src/**/*.test.ts"]'.
#13 7.746 
#13 7.746 > nx run admin-dashboard:build:production
#13 7.746 
#13 8.562  ÔÜá You are using a non-standard "NODE_ENV" value in your environment. This creates inconsistencies in the project and is strongly advised against. Read more: https://nextjs.org/docs/messages/non-standard-node-env
#13 12.45 Attention: Next.js now collects completely anonymous telemetry regarding usage.
#13 12.45 This information is used to shape Next.js' roadmap and prioritize features.
#13 12.45 You can learn more, including how to opt-out if you'd not like to participate in this anonymous program, by visiting the following URL:
#13 12.45 https://nextjs.org/telemetry
#13 13.19   Ôû▓ Next.js 14.2.3
#13 13.23    Creating an optimized production build ...
#13 13.68  ÔÜá Found lockfile missing swc dependencies, patching...
#13 16.26  ÔÜá Lockfile was successfully patched, please run "npm install" to ensure @next/swc dependencies are downloaded
#13 35.46  Ô£ô Compiled successfully
#13 35.46    Skipping linting
#13 35.46    Checking validity of types ...
#13 42.08    Collecting page data ...
#13 43.00    Generating static pages (0/6) ...
#13 43.43 TypeError: Cannot read properties of null (reading 'useContext')
#13 43.43     at t.useContext (/app/node_modules/next/dist/compiled/next-server/app-page.runtime.prod.js:12:109363)
#13 43.43     at d (/app/dist/apps/admin-dashboard/.next/server/chunks/942.js:1:21631)
#13 43.43     at h (/app/dist/apps/admin-dashboard/.next/server/chunks/942.js:1:13550)
#13 43.43     at au (/app/node_modules/next/dist/compiled/next-server/app-page.runtime.dev.js:35:10446)
#13 43.43     at /app/node_modules/next/dist/compiled/next-server/app-page.runtime.dev.js:35:15122
#13 43.43     at aw (/app/node_modules/next/dist/compiled/next-server/app-page.runtime.dev.js:35:16908)
#13 43.43     at a_ (/app/node_modules/next/dist/compiled/next-server/app-page.runtime.dev.js:35:49776)
#13 43.43     at ab (/app/node_modules/next/dist/compiled/next-server/app-page.runtime.dev.js:35:11808)
#13 43.44    Generating static pages (1/6) 
#13 43.44     at /app/node_modules/next/dist/compiled/next-server/app-page.runtime.dev.js:35:16871
#13 43.44     at aw (/app/node_modules/next/dist/compiled/next-server/app-page.runtime.dev.js:35:16908) {
#13 43.44   digest: '2208701404'
#13 43.44 }
#13 43.44 TypeError: Cannot read properties of null (reading 'useContext')
#13 43.44     at t.useContext (/app/node_modules/next/dist/compiled/next-server/app-page.runtime.prod.js:12:109363)
#13 43.44     at d (/app/dist/apps/admin-dashboard/.next/server/chunks/942.js:1:21631)
#13 43.44     at h (/app/dist/apps/admin-dashboard/.next/server/chunks/942.js:1:13550)
#13 43.44     at au (/app/node_modules/next/dist/compiled/next-server/app-page.runtime.dev.js:35:10446)
#13 43.44     at /app/node_modules/next/dist/compiled/next-server/app-page.runtime.dev.js:35:15122
#13 43.44     at aw (/app/node_modules/next/dist/compiled/next-server/app-page.runtime.dev.js:35:16908)
#13 43.44     at a_ (/app/node_modules/next/dist/compiled/next-server/app-page.runtime.dev.js:35:49776)
#13 43.44     at ab (/app/node_modules/next/dist/compiled/next-server/app-page.runtime.dev.js:35:11808)
#13 43.44     at /app/node_modules/next/dist/compiled/next-server/app-page.runtime.dev.js:35:16871
#13 43.44     at aw (/app/node_modules/next/dist/compiled/next-server/app-page.runtime.dev.js:35:16908)
#13 43.44 Error occurred prerendering page "/_not-found". Read more: https://nextjs.org/docs/messages/prerender-error
#13 43.44 TypeError: Cannot read properties of null (reading 'useContext')
#13 43.44     at t.useContext (/app/node_modules/next/dist/compiled/next-server/app-page.runtime.prod.js:12:109363)
#13 43.44     at d (/app/dist/apps/admin-dashboard/.next/server/chunks/942.js:1:21631)
#13 43.44     at h (/app/dist/apps/admin-dashboard/.next/server/chunks/942.js:1:13550)
#13 43.44     at au (/app/node_modules/next/dist/compiled/next-server/app-page.runtime.dev.js:35:10446)
#13 43.44     at /app/node_modules/next/dist/compiled/next-server/app-page.runtime.dev.js:35:15122
#13 43.44     at aw (/app/node_modules/next/dist/compiled/next-server/app-page.runtime.dev.js:35:16908)
#13 43.44     at a_ (/app/node_modules/next/dist/compiled/next-server/app-page.runtime.dev.js:35:49776)
#13 43.44     at ab (/app/node_modules/next/dist/compiled/next-server/app-page.runtime.dev.js:35:11808)
#13 43.44     at /app/node_modules/next/dist/compiled/next-server/app-page.runtime.dev.js:35:16871
#13 43.44     at aw (/app/node_modules/next/dist/compiled/next-server/app-page.runtime.dev.js:35:16908)
#13 43.99 Error: <Html> should not be imported outside of pages/_document.
#13 43.99 Read more: https://nextjs.org/docs/messages/no-document-import-in-page
#13 43.99     at Z (/app/node_modules/next/dist/compiled/next-server/pages.runtime.prod.js:16:5430)
#13 43.99     at I (/app/dist/apps/admin-dashboard/.next/server/chunks/135.js:6:1263)
#13 43.99     at renderWithHooks (/app/node_modules/react-dom/cjs/react-dom-server.browser.development.js:5658:16)
#13 43.99     at renderIndeterminateComponent (/app/node_modules/react-dom/cjs/react-dom-server.browser.development.js:5732:15)
#13 43.99     at renderElement (/app/node_modules/react-dom/cjs/react-dom-server.browser.development.js:5957:7)
#13 43.99     at renderNodeDestructiveImpl (/app/node_modules/react-dom/cjs/react-dom-server.browser.development.js:6115:11)
#13 43.99     at renderNodeDestructive (/app/node_modules/react-dom/cjs/react-dom-server.browser.development.js:6087:14)
#13 43.99     at finishClassComponent (/app/node_modules/react-dom/cjs/react-dom-server.browser.development.js:5688:3)
#13 43.99     at renderClassComponent (/app/node_modules/react-dom/cjs/react-dom-server.browser.development.js:5696:3)
#13 43.99     at renderElement (/app/node_modules/react-dom/cjs/react-dom-server.browser.development.js:5954:7)
#13 43.99 Error occurred prerendering page "/404". Read more: https://nextjs.org/docs/messages/prerender-error
#13 43.99 Error: <Html> should not be imported outside of pages/_document.
#13 43.99 Read more: https://nextjs.org/docs/messages/no-document-import-in-page
#13 43.99     at Z (/app/node_modules/next/dist/compiled/next-server/pages.runtime.prod.js:16:5430)
#13 43.99     at I (/app/dist/apps/admin-dashboard/.next/server/chunks/135.js:6:1263)
#13 43.99     at renderWithHooks (/app/node_modules/react-dom/cjs/react-dom-server.browser.development.js:5658:16)
#13 43.99     at renderIndeterminateComponent (/app/node_modules/react-dom/cjs/react-dom-server.browser.development.js:5732:15)
#13 43.99     at renderElement (/app/node_modules/react-dom/cjs/react-dom-server.browser.development.js:5957:7)
#13 43.99     at renderNodeDestructiveImpl (/app/node_modules/react-dom/cjs/react-dom-server.browser.development.js:6115:11)
#13 43.99     at renderNodeDestructive (/app/node_modules/react-dom/cjs/react-dom-server.browser.development.js:6087:14)
#13 43.99     at finishClassComponent (/app/node_modules/react-dom/cjs/react-dom-server.browser.development.js:5688:3)
#13 43.99     at renderClassComponent (/app/node_modules/react-dom/cjs/react-dom-server.browser.development.js:5696:3)
#13 43.99     at renderElement (/app/node_modules/react-dom/cjs/react-dom-server.browser.development.js:5954:7)
#13 43.99    Generating static pages (2/6) 
#13 43.99 Error: <Html> should not be imported outside of pages/_document.
#13 43.99 Read more: https://nextjs.org/docs/messages/no-document-import-in-page
#13 43.99     at Z (/app/node_modules/next/dist/compiled/next-server/pages.runtime.prod.js:16:5430)
#13 43.99     at I (/app/dist/apps/admin-dashboard/.next/server/chunks/135.js:6:1263)
#13 43.99     at renderWithHooks (/app/node_modules/react-dom/cjs/react-dom-server.browser.development.js:5658:16)
#13 43.99     at renderIndeterminateComponent (/app/node_modules/react-dom/cjs/react-dom-server.browser.development.js:5732:15)
#13 43.99     at renderElement (/app/node_modules/react-dom/cjs/react-dom-server.browser.development.js:5957:7)
#13 43.99     at renderNodeDestructiveImpl (/app/node_modules/react-dom/cjs/react-dom-server.browser.development.js:6115:11)
#13 43.99     at renderNodeDestructive (/app/node_modules/react-dom/cjs/react-dom-server.browser.development.js:6087:14)
#13 43.99     at finishClassComponent (/app/node_modules/react-dom/cjs/react-dom-server.browser.development.js:5688:3)
#13 43.99     at renderClassComponent (/app/node_modules/react-dom/cjs/react-dom-server.browser.development.js:5696:3)
#13 43.99     at renderElement (/app/node_modules/react-dom/cjs/react-dom-server.browser.development.js:5954:7)
#13 43.99 Error occurred prerendering page "/500". Read more: https://nextjs.org/docs/messages/prerender-error
#13 43.99 Error: <Html> should not be imported outside of pages/_document.
#13 43.99 Read more: https://nextjs.org/docs/messages/no-document-import-in-page
#13 43.99     at Z (/app/node_modules/next/dist/compiled/next-server/pages.runtime.prod.js:16:5430)
#13 43.99     at I (/app/dist/apps/admin-dashboard/.next/server/chunks/135.js:6:1263)
#13 43.99     at renderWithHooks (/app/node_modules/react-dom/cjs/react-dom-server.browser.development.js:5658:16)
#13 43.99     at renderIndeterminateComponent (/app/node_modules/react-dom/cjs/react-dom-server.browser.development.js:5732:15)
#13 43.99     at renderElement (/app/node_modules/react-dom/cjs/react-dom-server.browser.development.js:5957:7)
#13 43.99     at renderNodeDestructiveImpl (/app/node_modules/react-dom/cjs/react-dom-server.browser.development.js:6115:11)
#13 43.99     at renderNodeDestructive (/app/node_modules/react-dom/cjs/react-dom-server.browser.development.js:6087:14)
#13 43.99     at finishClassComponent (/app/node_modules/react-dom/cjs/react-dom-server.browser.development.js:5688:3)
#13 43.99     at renderClassComponent (/app/node_modules/react-dom/cjs/react-dom-server.browser.development.js:5696:3)
#13 43.99     at renderElement (/app/node_modules/react-dom/cjs/react-dom-server.browser.development.js:5954:7)
#13 43.99 TypeError: Cannot read properties of null (reading 'useContext')
#13 43.99     at t.useContext (/app/node_modules/next/dist/compiled/next-server/app-page.runtime.prod.js:12:109363)
#13 43.99     at d (/app/dist/apps/admin-dashboard/.next/server/chunks/942.js:1:21631)
#13 43.99     at h (/app/dist/apps/admin-dashboard/.next/server/chunks/942.js:1:13550)
#13 43.99     at au (/app/node_modules/next/dist/compiled/next-server/app-page.runtime.dev.js:35:10446)
#13 43.99     at /app/node_modules/next/dist/compiled/next-server/app-page.runtime.dev.js:35:15122
#13 43.99     at aw (/app/node_modules/next/dist/compiled/next-server/app-page.runtime.dev.js:35:16908)
#13 43.99     at a_ (/app/node_modules/next/dist/compiled/next-server/app-page.runtime.dev.js:35:49776)
#13 43.99     at ab (/app/node_modules/next/dist/compiled/next-server/app-page.runtime.dev.js:35:11808)
#13 43.99     at /app/node_modules/next/dist/compiled/next-server/app-page.runtime.dev.js:35:16871
#13 43.99     at aw (/app/node_modules/next/dist/compiled/next-server/app-page.runtime.dev.js:35:16908) {
#13 43.99   digest: '2208701404'
#13 43.99 }
#13 43.99 TypeError: Cannot read properties of null (reading 'useContext')
#13 43.99     at t.useContext (/app/node_modules/next/dist/compiled/next-server/app-page.runtime.prod.js:12:109363)
#13 43.99     at d (/app/dist/apps/admin-dashboard/.next/server/chunks/942.js:1:21631)
#13 43.99     at h (/app/dist/apps/admin-dashboard/.next/server/chunks/942.js:1:13550)
#13 43.99     at au (/app/node_modules/next/dist/compiled/next-server/app-page.runtime.dev.js:35:10446)
#13 43.99     at /app/node_modules/next/dist/compiled/next-server/app-page.runtime.dev.js:35:15122
#13 43.99     at aw (/app/node_modules/next/dist/compiled/next-server/app-page.runtime.dev.js:35:16908)
#13 43.99     at a_ (/app/node_modules/next/dist/compiled/next-server/app-page.runtime.dev.js:35:49776)
#13 43.99     at ab (/app/node_modules/next/dist/compiled/next-server/app-page.runtime.dev.js:35:11808)
#13 43.99     at /app/node_modules/next/dist/compiled/next-server/app-page.runtime.dev.js:35:16871
#13 43.99     at aw (/app/node_modules/next/dist/compiled/next-server/app-page.runtime.dev.js:35:16908)
#13 43.99 Error occurred prerendering page "/login". Read more: https://nextjs.org/docs/messages/prerender-error
#13 43.99 TypeError: Cannot read properties of null (reading 'useContext')
#13 43.99     at t.useContext (/app/node_modules/next/dist/compiled/next-server/app-page.runtime.prod.js:12:109363)
#13 43.99     at d (/app/dist/apps/admin-dashboard/.next/server/chunks/942.js:1:21631)
#13 43.99     at h (/app/dist/apps/admin-dashboard/.next/server/chunks/942.js:1:13550)
#13 43.99     at au (/app/node_modules/next/dist/compiled/next-server/app-page.runtime.dev.js:35:10446)
#13 43.99     at /app/node_modules/next/dist/compiled/next-server/app-page.runtime.dev.js:35:15122
#13 43.99     at aw (/app/node_modules/next/dist/compiled/next-server/app-page.runtime.dev.js:35:16908)
#13 43.99     at a_ (/app/node_modules/next/dist/compiled/next-server/app-page.runtime.dev.js:35:49776)
#13 43.99     at ab (/app/node_modules/next/dist/compiled/next-server/app-page.runtime.dev.js:35:11808)
#13 43.99     at /app/node_modules/next/dist/compiled/next-server/app-page.runtime.dev.js:35:16871
#13 43.99     at aw (/app/node_modules/next/dist/compiled/next-server/app-page.runtime.dev.js:35:16908)
#13 43.99    Generating static pages (4/6) 
#13 43.99  Ô£ô Generating static pages (6/6)
#13 43.99 TypeError: Cannot read properties of null (reading 'useContext')
#13 43.99     at t.useContext (/app/node_modules/next/dist/compiled/next-server/app-page.runtime.prod.js:12:109363)
#13 43.99     at d (/app/dist/apps/admin-dashboard/.next/server/chunks/942.js:1:21631)
#13 43.99     at h (/app/dist/apps/admin-dashboard/.next/server/chunks/942.js:1:13550)
#13 43.99     at au (/app/node_modules/next/dist/compiled/next-server/app-page.runtime.dev.js:35:10446)
#13 43.99     at /app/node_modules/next/dist/compiled/next-server/app-page.runtime.dev.js:35:15122
#13 43.99     at aw (/app/node_modules/next/dist/compiled/next-server/app-page.runtime.dev.js:35:16908)
#13 43.99     at a_ (/app/node_modules/next/dist/compiled/next-server/app-page.runtime.dev.js:35:49776)
#13 43.99     at ab (/app/node_modules/next/dist/compiled/next-server/app-page.runtime.dev.js:35:11808)
#13 43.99     at /app/node_modules/next/dist/compiled/next-server/app-page.runtime.dev.js:35:16871
#13 43.99     at aw (/app/node_modules/next/dist/compiled/next-server/app-page.runtime.dev.js:35:16908) {
#13 43.99   digest: '2208701404'
#13 43.99 }
#13 43.99 TypeError: Cannot read properties of null (reading 'useContext')
#13 43.99     at t.useContext (/app/node_modules/next/dist/compiled/next-server/app-page.runtime.prod.js:12:109363)
#13 43.99     at d (/app/dist/apps/admin-dashboard/.next/server/chunks/942.js:1:21631)
#13 43.99     at h (/app/dist/apps/admin-dashboard/.next/server/chunks/942.js:1:13550)
#13 43.99     at au (/app/node_modules/next/dist/compiled/next-server/app-page.runtime.dev.js:35:10446)
#13 43.99     at /app/node_modules/next/dist/compiled/next-server/app-page.runtime.dev.js:35:15122
#13 43.99     at aw (/app/node_modules/next/dist/compiled/next-server/app-page.runtime.dev.js:35:16908)
#13 43.99     at a_ (/app/node_modules/next/dist/compiled/next-server/app-page.runtime.dev.js:35:49776)
#13 43.99     at ab (/app/node_modules/next/dist/compiled/next-server/app-page.runtime.dev.js:35:11808)
#13 43.99     at /app/node_modules/next/dist/compiled/next-server/app-page.runtime.dev.js:35:16871
#13 43.99     at aw (/app/node_modules/next/dist/compiled/next-server/app-page.runtime.dev.js:35:16908)
#13 43.99 Error occurred prerendering page "/". Read more: https://nextjs.org/docs/messages/prerender-error
#13 43.99 TypeError: Cannot read properties of null (reading 'useContext')
#13 43.99     at t.useContext (/app/node_modules/next/dist/compiled/next-server/app-page.runtime.prod.js:12:109363)
#13 43.99     at d (/app/dist/apps/admin-dashboard/.next/server/chunks/942.js:1:21631)
#13 43.99     at h (/app/dist/apps/admin-dashboard/.next/server/chunks/942.js:1:13550)
#13 43.99     at au (/app/node_modules/next/dist/compiled/next-server/app-page.runtime.dev.js:35:10446)
#13 43.99     at /app/node_modules/next/dist/compiled/next-server/app-page.runtime.dev.js:35:15122
#13 43.99     at aw (/app/node_modules/next/dist/compiled/next-server/app-page.runtime.dev.js:35:16908)
#13 43.99     at a_ (/app/node_modules/next/dist/compiled/next-server/app-page.runtime.dev.js:35:49776)
#13 43.99     at ab (/app/node_modules/next/dist/compiled/next-server/app-page.runtime.dev.js:35:11808)
#13 43.99     at /app/node_modules/next/dist/compiled/next-server/app-page.runtime.dev.js:35:16871
#13 43.99     at aw (/app/node_modules/next/dist/compiled/next-server/app-page.runtime.dev.js:35:16908)
#13 44.00 > Export encountered errors on following paths:
#13 44.00 	/_error: /404
#13 44.00 	/_error: /500
#13 44.00 	/_not-found/page: /_not-found
#13 44.00 	/login/page: /login
#13 44.00 	/page: /
#13 44.10 Build process exited due to code 1  
#13 44.15 
#13 44.15 
#13 44.15 
#13 44.15  NX   Running target build for project admin-dashboard failed
#13 44.15 
#13 44.15 Failed tasks:
#13 44.15 
#13 44.15 - admin-dashboard:build:production
#13 44.15 
#13 44.15 Hint: run the command with --verbose for more details.
#13 44.15 
#13 ERROR: process "/bin/sh -c npx nx build ${APP_NAME} --prod --skip-nx-cache" did not complete successfully: exit code: 1
------
 > [builder 8/8] RUN npx nx build admin-dashboard --prod --skip-nx-cache:
44.15 
44.15 
44.15  NX   Running target build for project admin-dashboard failed
44.15 
44.15 Failed tasks:
44.15 
44.15 - admin-dashboard:build:production
44.15 
44.15 Hint: run the command with --verbose for more details.
44.15 
------
Dockerfile.frontend:27
--------------------
  25 |     
  26 |     # Construimos el frontend
  27 | >>> RUN npx nx build ${APP_NAME} --prod --skip-nx-cache
  28 |     
  29 |     # ==========================================
--------------------
ERROR: failed to build: failed to solve: process "/bin/sh -c npx nx build ${APP_NAME} --prod --skip-nx-cache" did not complete successfully: exit code: 1

View build details: docker-desktop://dashboard/build/desktop-linux/desktop-linux/jzzsxgaz7kgm1qoewndrsfqha
