#0 building with "desktop-linux" instance using docker driver

#1 [internal] load build definition from Dockerfile.prod
#1 transferring dockerfile: 2.39kB 0.0s done
#1 DONE 0.1s

#2 [auth] library/node:pull token for registry-1.docker.io
#2 DONE 0.0s

#3 [internal] load metadata for docker.io/library/node:18-alpine
#3 DONE 1.3s

#4 [internal] load .dockerignore
#4 transferring context: 433B 0.0s done
#4 DONE 0.0s

#5 [internal] load build context
#5 DONE 0.0s

#6 [builder 1/8] FROM docker.io/library/node:18-alpine@sha256:8d6421d663b4c28fd3ebc498332f249011d118945588d0a35cb9bc4b8ca09d9e
#6 resolve docker.io/library/node:18-alpine@sha256:8d6421d663b4c28fd3ebc498332f249011d118945588d0a35cb9bc4b8ca09d9e 0.1s done
#6 CACHED

#7 [runner 2/7] WORKDIR /app
#7 CACHED

#5 [internal] load build context
#5 transferring context: 665.09kB 1.3s done
#5 DONE 1.4s

#8 [runner 3/7] RUN apk add --no-cache dumb-init
#8 0.976 fetch https://dl-cdn.alpinelinux.org/alpine/v3.21/main/x86_64/APKINDEX.tar.gz
#8 1.652 fetch https://dl-cdn.alpinelinux.org/alpine/v3.21/community/x86_64/APKINDEX.tar.gz
#8 3.099 (1/1) Installing dumb-init (1.2.5-r3)
#8 3.149 Executing busybox-1.37.0-r12.trigger
#8 3.161 OK: 10 MiB in 18 packages
#8 DONE 3.4s

#9 [builder 2/8] RUN apk add --no-cache libc6-compat
#9 0.978 fetch https://dl-cdn.alpinelinux.org/alpine/v3.21/main/x86_64/APKINDEX.tar.gz
#9 1.652 fetch https://dl-cdn.alpinelinux.org/alpine/v3.21/community/x86_64/APKINDEX.tar.gz
#9 3.116 (1/3) Installing musl-obstack (1.2.3-r2)
#9 3.164 (2/3) Installing libucontext (1.3.2-r0)
#9 3.210 (3/3) Installing gcompat (1.1.0-r4)
#9 3.277 OK: 10 MiB in 20 packages
#9 ...

#10 [runner 4/7] RUN addgroup -g 1001 -S nodejs &&     adduser -S nestjs -u 1001
#10 DONE 3.5s

#9 [builder 2/8] RUN apk add --no-cache libc6-compat
#9 DONE 7.0s

#11 [builder 3/8] WORKDIR /app
#11 DONE 0.1s

#12 [builder 4/8] COPY package*.json nx.json tsconfig.base.json ./
#12 DONE 0.4s

#13 [builder 5/8] COPY . .
#13 DONE 95.7s

#14 [builder 6/8] RUN rm -rf apps/mobile-driver-app apps/mobile-user-app apps/admin-dashboard apps/frontend-webapp apps/enterprise-portal &&     rm -rf apps/admin-dashboard-e2e apps/frontend-webapp-e2e apps/*-e2e
#14 DONE 2.4s

#15 [builder 7/8] RUN npm install --legacy-peer-deps
#15 5.463 npm warn EBADENGINE Unsupported engine {
#15 5.463 npm warn EBADENGINE   package: '@isaacs/balanced-match@4.0.1',
#15 5.463 npm warn EBADENGINE   required: { node: '20 || >=22' },
#15 5.463 npm warn EBADENGINE   current: { node: 'v18.20.8', npm: '10.8.2' }
#15 5.463 npm warn EBADENGINE }
#15 5.463 npm warn EBADENGINE Unsupported engine {
#15 5.463 npm warn EBADENGINE   package: '@isaacs/brace-expansion@5.0.0',
#15 5.463 npm warn EBADENGINE   required: { node: '20 || >=22' },
#15 5.463 npm warn EBADENGINE   current: { node: 'v18.20.8', npm: '10.8.2' }
#15 5.463 npm warn EBADENGINE }
#15 5.467 npm warn EBADENGINE Unsupported engine {
#15 5.467 npm warn EBADENGINE   package: '@nestjs/core@11.1.11',
#15 5.467 npm warn EBADENGINE   required: { node: '>= 20' },
#15 5.467 npm warn EBADENGINE   current: { node: 'v18.20.8', npm: '10.8.2' }
#15 5.467 npm warn EBADENGINE }
#15 5.480 npm warn EBADENGINE Unsupported engine {
#15 5.480 npm warn EBADENGINE   package: 'file-type@21.2.0',
#15 5.480 npm warn EBADENGINE   required: { node: '>=20' },
#15 5.480 npm warn EBADENGINE   current: { node: 'v18.20.8', npm: '10.8.2' }
#15 5.480 npm warn EBADENGINE }
#15 5.485 npm warn EBADENGINE Unsupported engine {
#15 5.485 npm warn EBADENGINE   package: 'hashery@1.4.0',
#15 5.485 npm warn EBADENGINE   required: { node: '>=20' },
#15 5.485 npm warn EBADENGINE   current: { node: 'v18.20.8', npm: '10.8.2' }
#15 5.485 npm warn EBADENGINE }
#15 5.494 npm warn EBADENGINE Unsupported engine {
#15 5.494 npm warn EBADENGINE   package: 'react-router@7.11.0',
#15 5.494 npm warn EBADENGINE   required: { node: '>=20.0.0' },
#15 5.494 npm warn EBADENGINE   current: { node: 'v18.20.8', npm: '10.8.2' }
#15 5.494 npm warn EBADENGINE }
#15 5.494 npm warn EBADENGINE Unsupported engine {
#15 5.494 npm warn EBADENGINE   package: 'react-router-dom@7.11.0',
#15 5.494 npm warn EBADENGINE   required: { node: '>=20.0.0' },
#15 5.494 npm warn EBADENGINE   current: { node: 'v18.20.8', npm: '10.8.2' }
#15 5.494 npm warn EBADENGINE }
#15 5.503 npm warn EBADENGINE Unsupported engine {
#15 5.503 npm warn EBADENGINE   package: 'vite@7.3.0',
#15 5.503 npm warn EBADENGINE   required: { node: '^20.19.0 || >=22.12.0' },
#15 5.503 npm warn EBADENGINE   current: { node: 'v18.20.8', npm: '10.8.2' }
#15 5.503 npm warn EBADENGINE }
#15 5.506 npm warn EBADENGINE Unsupported engine {
#15 5.506 npm warn EBADENGINE   package: 'workbox-build@7.4.0',
#15 5.506 npm warn EBADENGINE   required: { node: '>=20.0.0' },
#15 5.506 npm warn EBADENGINE   current: { node: 'v18.20.8', npm: '10.8.2' }
#15 5.506 npm warn EBADENGINE }
#15 5.506 npm warn EBADENGINE Unsupported engine {
#15 5.506 npm warn EBADENGINE   package: 'glob@11.1.0',
#15 5.506 npm warn EBADENGINE   required: { node: '20 || >=22' },
#15 5.506 npm warn EBADENGINE   current: { node: 'v18.20.8', npm: '10.8.2' }
#15 5.506 npm warn EBADENGINE }
#15 5.507 npm warn EBADENGINE Unsupported engine {
#15 5.507 npm warn EBADENGINE   package: 'jackspeak@4.1.1',
#15 5.507 npm warn EBADENGINE   required: { node: '20 || >=22' },
#15 5.507 npm warn EBADENGINE   current: { node: 'v18.20.8', npm: '10.8.2' }
#15 5.507 npm warn EBADENGINE }
#15 5.507 npm warn EBADENGINE Unsupported engine {
#15 5.507 npm warn EBADENGINE   package: 'lru-cache@11.2.4',
#15 5.507 npm warn EBADENGINE   required: { node: '20 || >=22' },
#15 5.507 npm warn EBADENGINE   current: { node: 'v18.20.8', npm: '10.8.2' }
#15 5.507 npm warn EBADENGINE }
#15 5.508 npm warn EBADENGINE Unsupported engine {
#15 5.508 npm warn EBADENGINE   package: 'minimatch@10.1.1',
#15 5.508 npm warn EBADENGINE   required: { node: '20 || >=22' },
#15 5.508 npm warn EBADENGINE   current: { node: 'v18.20.8', npm: '10.8.2' }
#15 5.508 npm warn EBADENGINE }
#15 5.508 npm warn EBADENGINE Unsupported engine {
#15 5.508 npm warn EBADENGINE   package: 'path-scurry@2.0.1',
#15 5.508 npm warn EBADENGINE   required: { node: '20 || >=22' },
#15 5.508 npm warn EBADENGINE   current: { node: 'v18.20.8', npm: '10.8.2' }
#15 5.508 npm warn EBADENGINE }
#15 17.64 npm warn deprecated whatwg-encoding@2.0.0: Use @exodus/bytes instead for a more spec-conformant and faster implementation
#15 20.09 npm warn deprecated stringify-package@1.0.1: This module is not used anymore, and has been replaced by @npmcli/package-json
#15 20.65 npm warn deprecated stable@0.1.8: Modern JS already guarantees Array#sort() is a stable sort, so this library is deprecated. See the compatibility table on MDN: https://developer.mozilla.org/en-US/docs/Web/JavaScript/Reference/Global_Objects/Array/sort#browser_compatibility
#15 21.57 npm warn deprecated sourcemap-codec@1.4.8: Please use @jridgewell/sourcemap-codec instead
#15 22.38 npm warn deprecated scmp@2.1.0: Just use Node.js's crypto.timingSafeEqual()
#15 23.26 npm warn deprecated rimraf@3.0.2: Rimraf versions prior to v4 are no longer supported
#15 24.71 npm warn deprecated q@1.5.1: You or someone you depend on is using Q, the JavaScript Promise library that gave JavaScript developers strong feelings about promises. They can almost certainly migrate to the native JavaScript promise now. Thank you literally everyone for joining me in this bet against the odds. Be excellent to each other.
#15 24.71 npm warn deprecated
#15 24.71 npm warn deprecated (For a CapTP with native promises, see @endo/eventual-send and @endo/captp)
#15 30.50 npm warn deprecated keygrip@1.1.0: Package no longer supported. Contact Support at https://www.npmjs.com/support for more info.
#15 32.44 npm warn deprecated inflight@1.0.6: This module is not supported, and leaks memory. Do not use it. Check out lru-cache if you want a good and tested way to coalesce async requests by a key value, which is much more comprehensive and powerful.
#15 37.28 npm warn deprecated domexception@4.0.0: Use your platform's native DOMException instead
#15 41.04 npm warn deprecated abab@2.0.6: Use your platform's native atob() and btoa() methods instead
#15 68.46 npm warn deprecated glob@7.2.3: Glob versions prior to v9 are no longer supported
#15 70.65 npm warn deprecated glob@7.2.3: Glob versions prior to v9 are no longer supported
#15 70.65 npm warn deprecated glob@7.2.3: Glob versions prior to v9 are no longer supported
#15 70.65 npm warn deprecated glob@7.2.3: Glob versions prior to v9 are no longer supported
#15 71.30 npm warn deprecated source-map@0.8.0-beta.0: The work that was done in this beta branch won't be included in future versions
#15 73.20 npm warn deprecated whatwg-encoding@3.1.1: Use @exodus/bytes instead for a more spec-conformant and faster implementation
#15 80.62 npm warn deprecated glob@8.1.0: Glob versions prior to v9 are no longer supported
#15 81.42 npm warn deprecated glob@7.2.3: Glob versions prior to v9 are no longer supported
#15 160.5 npm warn deprecated next@14.2.3: This version has a security vulnerability. Please upgrade to a patched version. See https://nextjs.org/blog/security-update-2025-12-11 for more details.
#15 168.8 
#15 168.8 > going-monorepo-clean@2.0.0 prepare
#15 168.8 > husky install
#15 168.8 
#15 168.9 husky - install command is DEPRECATED
#15 168.9 .git can't be found
#15 168.9 added 3114 packages, and audited 3115 packages in 3m
#15 168.9 
#15 168.9 439 packages are looking for funding
#15 169.0   run `npm fund` for details
#15 169.2 
#15 169.2 6 vulnerabilities (1 moderate, 4 high, 1 critical)
#15 169.2 
#15 169.2 To address issues that do not require attention, run:
#15 169.2   npm audit fix
#15 169.2 
#15 169.2 To address all issues (including breaking changes), run:
#15 169.2   npm audit fix --force
#15 169.2 
#15 169.2 Run `npm audit` for details.
#15 169.2 npm notice
#15 169.2 npm notice New major version of npm available! 10.8.2 -> 11.7.0
#15 169.2 npm notice Changelog: https://github.com/npm/cli/releases/tag/v11.7.0
#15 169.2 npm notice To update run: npm install -g npm@11.7.0
#15 169.2 npm notice
#15 DONE 173.0s

#16 [builder 8/8] RUN npx nx build api-gateway --prod
#16 10.60 
#16 10.60  NX   Running target build for project api-gateway and 2 tasks it depends on:
#16 10.60 
#16 10.61 
#16 13.92 
#16 13.92 > nx run @going-monorepo-clean/prisma-client:build
#16 13.92 
#16 13.92 Compiling TypeScript files for project "@going-monorepo-clean/prisma-client"...
#16 13.92 Done compiling TypeScript files for project "@going-monorepo-clean/prisma-client".
#16 18.40 
#16 18.40 > nx run @going/shared/observability:build
#16 18.40 
#16 18.40 Compiling TypeScript files for project "@going/shared/observability"...
#16 18.40 Done compiling TypeScript files for project "@going/shared/observability".
#16 18.41 
#16 18.41 > nx run api-gateway:build
#16 18.41 
#16 18.42 > webpack-cli build --node-env=production
#16 18.42 
#16 27.66 chunk (runtime: main) main.js (main) 37.1 KiB [entry] [rendered]
#16 27.66 webpack compiled successfully (a5ddcfc2eea319b5)
#16 27.73 
#16 27.73 
#16 27.73 
#16 27.73  NX   Successfully ran target build for project api-gateway and 2 tasks it depends on
#16 27.73 
#16 27.73 
#16 DONE 28.1s

#17 [runner 5/7] COPY --from=builder --chown=nestjs:nodejs /app/dist/apps/api-gateway/package*.json ./
#17 DONE 0.2s

#18 [runner 6/7] RUN npm install --omit=dev --ignore-scripts &&     npm install class-validator class-transformer @nestjs/platform-socket.io socket.io
#18 3.339 npm warn EBADENGINE Unsupported engine {
#18 3.339 npm warn EBADENGINE   package: '@nestjs/core@11.1.11',
#18 3.339 npm warn EBADENGINE   required: { node: '>= 20' },
#18 3.339 npm warn EBADENGINE   current: { node: 'v18.20.8', npm: '10.8.2' }
#18 3.339 npm warn EBADENGINE }
#18 3.346 npm warn EBADENGINE Unsupported engine {
#18 3.346 npm warn EBADENGINE   package: 'file-type@21.2.0',
#18 3.346 npm warn EBADENGINE   required: { node: '>=20' },
#18 3.346 npm warn EBADENGINE   current: { node: 'v18.20.8', npm: '10.8.2' }
#18 3.346 npm warn EBADENGINE }
#18 19.04 
#18 19.04 added 419 packages, and audited 420 packages in 18s
#18 19.04 
#18 19.04 56 packages are looking for funding
#18 19.04   run `npm fund` for details
#18 19.04 
#18 19.04 found 0 vulnerabilities
#18 19.05 npm notice
#18 19.05 npm notice New major version of npm available! 10.8.2 -> 11.7.0
#18 19.05 npm notice Changelog: https://github.com/npm/cli/releases/tag/v11.7.0
#18 19.05 npm notice To update run: npm install -g npm@11.7.0
#18 19.05 npm notice
#18 23.01 npm warn EBADENGINE Unsupported engine {
#18 23.01 npm warn EBADENGINE   package: '@nestjs/core@11.1.11',
#18 23.01 npm warn EBADENGINE   required: { node: '>= 20' },
#18 23.01 npm warn EBADENGINE   current: { node: 'v18.20.8', npm: '10.8.2' }
#18 23.01 npm warn EBADENGINE }
#18 23.02 npm warn EBADENGINE Unsupported engine {
#18 23.02 npm warn EBADENGINE   package: 'file-type@21.2.0',
#18 23.02 npm warn EBADENGINE   required: { node: '>=20' },
#18 23.02 npm warn EBADENGINE   current: { node: 'v18.20.8', npm: '10.8.2' }
#18 23.02 npm warn EBADENGINE }
#18 23.49 
#18 23.49 up to date, audited 420 packages in 4s
#18 23.49 
#18 23.49 56 packages are looking for funding
#18 23.49   run `npm fund` for details
#18 23.49 
#18 23.49 found 0 vulnerabilities
#18 DONE 25.2s

#19 [runner 7/7] COPY --from=builder --chown=nestjs:nodejs /app/dist/apps/api-gateway ./
#19 DONE 0.5s

#20 exporting to image
#20 exporting layers
#20 exporting layers 13.1s done
#20 exporting manifest sha256:8c1095a7fccf144541e54c0f5c5e16976de682638f28cee77f3d81c8fb8870bd 0.0s done
#20 exporting config sha256:90d7199be9e10d135ab06be53d1c56c38261ccf0f9cf1591fcf4f7387ff9a8f3 0.1s done
#20 exporting attestation manifest sha256:5c1cfd4dfe9d3210ede7cbf3563884d824c843165e35b140e5569b871311637e
#20 exporting attestation manifest sha256:5c1cfd4dfe9d3210ede7cbf3563884d824c843165e35b140e5569b871311637e 0.2s done
#20 exporting manifest list sha256:a04055a04ff0016574a50f41a3ffee6c81c50818d3d6bf8eca90a9c99847aadc
#20 exporting manifest list sha256:a04055a04ff0016574a50f41a3ffee6c81c50818d3d6bf8eca90a9c99847aadc 0.0s done
#20 naming to us-central1-docker.pkg.dev/going-5d1ae/going-repo-prod/api-gateway:latest 0.0s done
#20 unpacking to us-central1-docker.pkg.dev/going-5d1ae/going-repo-prod/api-gateway:latest
#20 unpacking to us-central1-docker.pkg.dev/going-5d1ae/going-repo-prod/api-gateway:latest 8.3s done
#20 DONE 22.2s

View build details: docker-desktop://dashboard/build/desktop-linux/desktop-linux/itnzjgc0kietyt8xzpomm8gzu
