#0 building with "desktop-linux" instance using docker driver

#1 [internal] load build definition from Dockerfile.migrations
#1 transferring dockerfile: 613B 0.0s done
#1 DONE 0.0s

#2 [internal] load metadata for docker.io/library/node:18-alpine
#2 DONE 0.5s

#3 [internal] load .dockerignore
#3 transferring context: 433B 0.0s done
#3 DONE 0.0s

#4 [internal] load build context
#4 DONE 0.0s

#5 [1/6] FROM docker.io/library/node:18-alpine@sha256:8d6421d663b4c28fd3ebc498332f249011d118945588d0a35cb9bc4b8ca09d9e
#5 resolve docker.io/library/node:18-alpine@sha256:8d6421d663b4c28fd3ebc498332f249011d118945588d0a35cb9bc4b8ca09d9e 0.1s done
#5 DONE 0.1s

#4 [internal] load build context
#4 transferring context: 290B 0.0s done
#4 DONE 0.0s

#6 [2/6] WORKDIR /app
#6 CACHED

#7 [3/6] RUN apk add --no-cache openssl
#7 CACHED

#8 [4/6] COPY libs/shared/prisma-client/prisma/schema.prisma ./prisma/schema.prisma
#8 CACHED

#9 [5/6] COPY package.json package-lock.json ./
#9 CACHED

#10 [6/6] RUN npm install prisma --legacy-peer-deps
#10 7.077 npm warn EBADENGINE Unsupported engine {
#10 7.077 npm warn EBADENGINE   package: '@isaacs/balanced-match@4.0.1',
#10 7.077 npm warn EBADENGINE   required: { node: '20 || >=22' },
#10 7.077 npm warn EBADENGINE   current: { node: 'v18.20.8', npm: '10.8.2' }
#10 7.077 npm warn EBADENGINE }
#10 7.077 npm warn EBADENGINE Unsupported engine {
#10 7.077 npm warn EBADENGINE   package: '@isaacs/brace-expansion@5.0.0',
#10 7.077 npm warn EBADENGINE   required: { node: '20 || >=22' },
#10 7.077 npm warn EBADENGINE   current: { node: 'v18.20.8', npm: '10.8.2' }
#10 7.077 npm warn EBADENGINE }
#10 7.080 npm warn EBADENGINE Unsupported engine {
#10 7.080 npm warn EBADENGINE   package: '@nestjs/core@11.1.11',
#10 7.080 npm warn EBADENGINE   required: { node: '>= 20' },
#10 7.080 npm warn EBADENGINE   current: { node: 'v18.20.8', npm: '10.8.2' }
#10 7.080 npm warn EBADENGINE }
#10 7.097 npm warn EBADENGINE Unsupported engine {
#10 7.097 npm warn EBADENGINE   package: 'file-type@21.2.0',
#10 7.097 npm warn EBADENGINE   required: { node: '>=20' },
#10 7.097 npm warn EBADENGINE   current: { node: 'v18.20.8', npm: '10.8.2' }
#10 7.097 npm warn EBADENGINE }
#10 7.100 npm warn EBADENGINE Unsupported engine {
#10 7.100 npm warn EBADENGINE   package: 'hashery@1.4.0',
#10 7.100 npm warn EBADENGINE   required: { node: '>=20' },
#10 7.100 npm warn EBADENGINE   current: { node: 'v18.20.8', npm: '10.8.2' }
#10 7.100 npm warn EBADENGINE }
#10 7.113 npm warn EBADENGINE Unsupported engine {
#10 7.113 npm warn EBADENGINE   package: 'react-router@7.11.0',
#10 7.113 npm warn EBADENGINE   required: { node: '>=20.0.0' },
#10 7.113 npm warn EBADENGINE   current: { node: 'v18.20.8', npm: '10.8.2' }
#10 7.113 npm warn EBADENGINE }
#10 7.113 npm warn EBADENGINE Unsupported engine {
#10 7.113 npm warn EBADENGINE   package: 'react-router-dom@7.11.0',
#10 7.113 npm warn EBADENGINE   required: { node: '>=20.0.0' },
#10 7.113 npm warn EBADENGINE   current: { node: 'v18.20.8', npm: '10.8.2' }
#10 7.113 npm warn EBADENGINE }
#10 7.124 npm warn EBADENGINE Unsupported engine {
#10 7.124 npm warn EBADENGINE   package: 'vite@7.3.0',
#10 7.124 npm warn EBADENGINE   required: { node: '^20.19.0 || >=22.12.0' },
#10 7.124 npm warn EBADENGINE   current: { node: 'v18.20.8', npm: '10.8.2' }
#10 7.124 npm warn EBADENGINE }
#10 7.128 npm warn EBADENGINE Unsupported engine {
#10 7.128 npm warn EBADENGINE   package: 'workbox-build@7.4.0',
#10 7.128 npm warn EBADENGINE   required: { node: '>=20.0.0' },
#10 7.128 npm warn EBADENGINE   current: { node: 'v18.20.8', npm: '10.8.2' }
#10 7.128 npm warn EBADENGINE }
#10 7.131 npm warn EBADENGINE Unsupported engine {
#10 7.131 npm warn EBADENGINE   package: 'glob@11.1.0',
#10 7.131 npm warn EBADENGINE   required: { node: '20 || >=22' },
#10 7.131 npm warn EBADENGINE   current: { node: 'v18.20.8', npm: '10.8.2' }
#10 7.131 npm warn EBADENGINE }
#10 7.132 npm warn EBADENGINE Unsupported engine {
#10 7.132 npm warn EBADENGINE   package: 'jackspeak@4.1.1',
#10 7.132 npm warn EBADENGINE   required: { node: '20 || >=22' },
#10 7.132 npm warn EBADENGINE   current: { node: 'v18.20.8', npm: '10.8.2' }
#10 7.132 npm warn EBADENGINE }
#10 7.132 npm warn EBADENGINE Unsupported engine {
#10 7.132 npm warn EBADENGINE   package: 'lru-cache@11.2.4',
#10 7.132 npm warn EBADENGINE   required: { node: '20 || >=22' },
#10 7.132 npm warn EBADENGINE   current: { node: 'v18.20.8', npm: '10.8.2' }
#10 7.132 npm warn EBADENGINE }
#10 7.132 npm warn EBADENGINE Unsupported engine {
#10 7.132 npm warn EBADENGINE   package: 'minimatch@10.1.1',
#10 7.132 npm warn EBADENGINE   required: { node: '20 || >=22' },
#10 7.132 npm warn EBADENGINE   current: { node: 'v18.20.8', npm: '10.8.2' }
#10 7.132 npm warn EBADENGINE }
#10 7.132 npm warn EBADENGINE Unsupported engine {
#10 7.132 npm warn EBADENGINE   package: 'path-scurry@2.0.1',
#10 7.132 npm warn EBADENGINE   required: { node: '20 || >=22' },
#10 7.132 npm warn EBADENGINE   current: { node: 'v18.20.8', npm: '10.8.2' }
#10 7.132 npm warn EBADENGINE }
#10 20.66 npm warn deprecated whatwg-encoding@2.0.0: Use @exodus/bytes instead for a more spec-conformant and faster implementation
#10 22.37 npm warn deprecated stringify-package@1.0.1: This module is not used anymore, and has been replaced by @npmcli/package-json
#10 22.85 npm warn deprecated stable@0.1.8: Modern JS already guarantees Array#sort() is a stable sort, so this library is deprecated. See the compatibility table on MDN: https://developer.mozilla.org/en-US/docs/Web/JavaScript/Reference/Global_Objects/Array/sort#browser_compatibility
#10 23.27 npm warn deprecated sourcemap-codec@1.4.8: Please use @jridgewell/sourcemap-codec instead
#10 23.92 npm warn deprecated scmp@2.1.0: Just use Node.js's crypto.timingSafeEqual()
#10 24.71 npm warn deprecated rimraf@3.0.2: Rimraf versions prior to v4 are no longer supported
#10 26.13 npm warn deprecated q@1.5.1: You or someone you depend on is using Q, the JavaScript Promise library that gave JavaScript developers strong feelings about promises. They can almost certainly migrate to the native JavaScript promise now. Thank you literally everyone for joining me in this bet against the odds. Be excellent to each other.
#10 26.13 npm warn deprecated
#10 26.13 npm warn deprecated (For a CapTP with native promises, see @endo/eventual-send and @endo/captp)
#10 31.27 npm warn deprecated keygrip@1.1.0: Package no longer supported. Contact Support at https://www.npmjs.com/support for more info.
#10 33.31 npm warn deprecated inflight@1.0.6: This module is not supported, and leaks memory. Do not use it. Check out lru-cache if you want a good and tested way to coalesce async requests by a key value, which is much more comprehensive and powerful.
#10 36.96 npm warn deprecated domexception@4.0.0: Use your platform's native DOMException instead
#10 39.39 npm warn deprecated abab@2.0.6: Use your platform's native atob() and btoa() methods instead
#10 61.17 npm warn deprecated glob@7.2.3: Glob versions prior to v9 are no longer supported
#10 63.23 npm warn deprecated glob@7.2.3: Glob versions prior to v9 are no longer supported
#10 63.23 npm warn deprecated glob@7.2.3: Glob versions prior to v9 are no longer supported
#10 63.58 npm warn deprecated source-map@0.8.0-beta.0: The work that was done in this beta branch won't be included in future versions
#10 63.93 npm warn deprecated glob@7.2.3: Glob versions prior to v9 are no longer supported
#10 67.19 npm warn deprecated whatwg-encoding@3.1.1: Use @exodus/bytes instead for a more spec-conformant and faster implementation
#10 74.15 npm warn deprecated glob@8.1.0: Glob versions prior to v9 are no longer supported
#10 74.58 npm warn deprecated glob@7.2.3: Glob versions prior to v9 are no longer supported
#10 149.0 npm warn deprecated next@14.2.3: This version has a security vulnerability. Please upgrade to a patched version. See https://nextjs.org/blog/security-update-2025-12-11 for more details.
#10 159.2 
#10 159.2 added 3114 packages, and audited 3115 packages in 3m
#10 159.2 
#10 159.2 439 packages are looking for funding
#10 159.2   run `npm fund` for details
#10 159.5 
#10 159.5 6 vulnerabilities (1 moderate, 4 high, 1 critical)
#10 159.5 
#10 159.5 To address issues that do not require attention, run:
#10 159.5   npm audit fix
#10 159.5 
#10 159.5 To address all issues (including breaking changes), run:
#10 159.5   npm audit fix --force
#10 159.5 
#10 159.5 Run `npm audit` for details.
#10 159.5 npm notice
#10 159.5 npm notice New major version of npm available! 10.8.2 -> 11.7.0
#10 159.5 npm notice Changelog: https://github.com/npm/cli/releases/tag/v11.7.0
#10 159.5 npm notice To update run: npm install -g npm@11.7.0
#10 159.5 npm notice
#10 DONE 164.4s

#11 exporting to image
#11 exporting layers
#11 exporting layers 136.3s done
#11 exporting manifest sha256:be2fca41a010071e1269ae5e8bef08081de7db28e52098490cb2ab58714c62c5 0.0s done
#11 exporting config sha256:70aa9da4b4409f7a4e4a42bb1bb3d8046008689bfed2a4e85aebdf7bcdd76228 0.0s done
#11 exporting attestation manifest sha256:8a9da975a0d45131db8641a512b8e7ff1f4d70b754a04248578910739fbfe4de
#11 exporting attestation manifest sha256:8a9da975a0d45131db8641a512b8e7ff1f4d70b754a04248578910739fbfe4de 0.1s done
#11 exporting manifest list sha256:70b983ff54845751b49a0458a516bffa8481ff3a0b0226970ff2f1e18bcdbb15 0.0s done
#11 naming to us-central1-docker.pkg.dev/going-5d1ae/going-repo-prod/migration-runner:latest
#11 naming to us-central1-docker.pkg.dev/going-5d1ae/going-repo-prod/migration-runner:latest done
#11 unpacking to us-central1-docker.pkg.dev/going-5d1ae/going-repo-prod/migration-runner:latest
#11 unpacking to us-central1-docker.pkg.dev/going-5d1ae/going-repo-prod/migration-runner:latest 77.1s done
#11 DONE 214.3s

View build details: docker-desktop://dashboard/build/desktop-linux/desktop-linux/lp3sa7g4obf350bhzm64wlr51
