#0 building with "desktop-linux" instance using docker driver

#1 [internal] load build definition from Dockerfile.frontend
#1 transferring dockerfile: 1.35kB 0.0s done
#1 DONE 0.2s

#2 [internal] load metadata for docker.io/library/node:18-alpine
#2 DONE 1.4s

#3 [internal] load .dockerignore
#3 transferring context: 84B 0.0s done
#3 DONE 0.1s

#4 [internal] load build context
#4 DONE 0.0s

#5 [builder 1/8] FROM docker.io/library/node:18-alpine@sha256:8d6421d663b4c28fd3ebc498332f249011d118945588d0a35cb9bc4b8ca09d9e
#5 resolve docker.io/library/node:18-alpine@sha256:8d6421d663b4c28fd3ebc498332f249011d118945588d0a35cb9bc4b8ca09d9e 0.1s done
#5 DONE 0.1s

#6 [builder 2/8] WORKDIR /app
#6 CACHED

#7 [runner 3/6] RUN addgroup -g 1001 -S nodejs && adduser -S nextjs -u 1001
#7 CACHED

#4 [internal] load build context
#4 transferring context: 633.74kB 1.0s done
#4 DONE 1.1s

#8 [builder 5/8] RUN npm install --legacy-peer-deps
#8 CACHED

#9 [builder 6/8] COPY . .
#9 CACHED

#10 [builder 3/8] RUN apk add --no-cache libc6-compat
#10 CACHED

#11 [builder 4/8] COPY package*.json nx.json tsconfig.base.json ./
#11 CACHED

#12 [builder 7/8] RUN rm -rf apps/mobile-driver-app apps/mobile-user-app apps/frontend-webapp apps/enterprise-portal &&     rm -rf apps/*-e2e &&     rm -rf tools/guardian
#12 CACHED

#13 [builder 8/8] RUN npx nx build admin-dashboard --prod --skip-nx-cache
#13 5.781 Convert compiler options from json failed, No inputs were found in config file 'tsconfig.json'. Specified 'include' paths were '["jest.config.ts","jest.config.cts","src/**/*.test.ts","src/**/*.spec.ts","src/**/*.test.tsx","src/**/*.spec.tsx","src/**/*.test.js","src/**/*.spec.js","src/**/*.test.jsx","src/**/*.spec.jsx","src/**/*.d.ts"]' and 'exclude' paths were '["node_modules","jest.config.ts","jest.config.cts","**/*.spec.ts","**/*.test.ts","src/**/*.spec.ts","src/**/*.test.ts"]'.
#13 9.523 
#13 9.523 > nx run admin-dashboard:build:production
#13 9.523 
#13 10.66  ÔÜá You are using a non-standard "NODE_ENV" value in your environment. This creates inconsistencies in the project and is strongly advised against. Read more: https://nextjs.org/docs/messages/non-standard-node-env
#13 14.84 Attention: Next.js now collects completely anonymous telemetry regarding usage.
#13 14.84 This information is used to shape Next.js' roadmap and prioritize features.
#13 14.84 You can learn more, including how to opt-out if you'd not like to participate in this anonymous program, by visiting the following URL:
#13 14.84 https://nextjs.org/telemetry
#13 15.36   Ôû▓ Next.js 14.2.3
#13 15.39    Creating an optimized production build ...
#13 15.85  ÔÜá Found lockfile missing swc dependencies, patching...
#13 18.91  ÔÜá Lockfile was successfully patched, please run "npm install" to ensure @next/swc dependencies are downloaded
#13 40.68 Failed to compile.
#13 40.68 
#13 40.68 ../../node_modules/next/dist/client/index.js
#13 40.68 Module not found: Can't resolve 'react-dom/client'
#13 40.68 https://nextjs.org/docs/messages/module-not-found
#13 40.68 Import trace for requested module:
#13 40.68 ../../node_modules/next/dist/client/next.js
#13 40.68 ../../node_modules/next/dist/client/app-index.js
#13 40.68 Module not found: Can't resolve 'react-dom/client'
#13 40.68 https://nextjs.org/docs/messages/module-not-found
#13 40.68 Import trace for requested module:
#13 40.68 ../../node_modules/next/dist/client/app-next.js
#13 40.68 > Build failed because of webpack errors
#13 40.76 Build process exited due to code 1  
#13 40.79 
#13 40.79 
#13 40.79 
#13 40.79  NX   Running target build for project admin-dashboard failed
#13 40.79 
#13 40.79 Failed tasks:
#13 40.79 
#13 40.79 - admin-dashboard:build:production
#13 40.79 
#13 40.79 Hint: run the command with --verbose for more details.
#13 40.79 
#13 ERROR: process "/bin/sh -c npx nx build ${APP_NAME} --prod --skip-nx-cache" did not complete successfully: exit code: 1
------
 > [builder 8/8] RUN npx nx build admin-dashboard --prod --skip-nx-cache:
40.79 
40.79 
40.79  NX   Running target build for project admin-dashboard failed
40.79 
40.79 Failed tasks:
40.79 
40.79 - admin-dashboard:build:production
40.79 
40.79 Hint: run the command with --verbose for more details.
40.79 
------
Dockerfile.frontend:27
--------------------
  25 |     
  26 |     # Construimos el frontend
  27 | >>> RUN npx nx build ${APP_NAME} --prod --skip-nx-cache
  28 |     
  29 |     # ==========================================
--------------------
ERROR: failed to build: failed to solve: process "/bin/sh -c npx nx build ${APP_NAME} --prod --skip-nx-cache" did not complete successfully: exit code: 1

View build details: docker-desktop://dashboard/build/desktop-linux/desktop-linux/6iuzxghabyy3teik02khwihkm
