#0 building with "desktop-linux" instance using docker driver

#1 [internal] load build definition from Dockerfile.frontend
#1 transferring dockerfile: 1.73kB 0.0s done
#1 DONE 0.0s

#2 [internal] load metadata for docker.io/library/node:18-alpine
#2 DONE 0.7s

#3 [internal] load .dockerignore
#3 transferring context: 207B done
#3 DONE 0.0s

#4 [internal] load build context
#4 DONE 0.0s

#5 [builder 1/8] FROM docker.io/library/node:18-alpine@sha256:8d6421d663b4c28fd3ebc498332f249011d118945588d0a35cb9bc4b8ca09d9e
#5 resolve docker.io/library/node:18-alpine@sha256:8d6421d663b4c28fd3ebc498332f249011d118945588d0a35cb9bc4b8ca09d9e 0.1s done
#5 DONE 0.1s

#6 [builder 2/8] WORKDIR /app
#6 CACHED

#7 [runner 3/6] RUN addgroup -g 1001 -S nodejs && adduser -S nextjs -u 1001
#7 CACHED

#4 [internal] load build context
#4 transferring context: 130.59kB 0.2s done
#4 DONE 0.3s

#8 [builder 4/8] COPY package*.json nx.json tsconfig.base.json ./
#8 CACHED

#9 [builder 3/8] RUN apk add --no-cache libc6-compat
#9 CACHED

#10 [builder 5/8] RUN npm install --legacy-peer-deps
#10 CACHED

#11 [builder 6/8] COPY . .
#11 DONE 3.2s

#12 [builder 7/8] RUN rm -rf apps/mobile-driver-app apps/mobile-user-app apps/frontend-webapp apps/enterprise-portal &&     rm -rf apps/*-e2e &&     rm -rf tools/guardian
#12 DONE 0.5s

#13 [builder 8/8] RUN cd apps/admin-dashboard && npx next build
#13 2.392 Attention: Next.js now collects completely anonymous telemetry regarding usage.
#13 2.392 This information is used to shape Next.js' roadmap and prioritize features.
#13 2.392 You can learn more, including how to opt-out if you'd not like to participate in this anonymous program, by visiting the following URL:
#13 2.392 https://nextjs.org/telemetry
#13 2.392 
#13 2.488   Ôû▓ Next.js 14.2.3
#13 2.488 
#13 2.652    Creating an optimized production build ...
#13 5.264  ÔÜá Found lockfile missing swc dependencies, patching...
#13 8.307  ÔÜá Lockfile was successfully patched, please run "npm install" to ensure @next/swc dependencies are downloaded
#13 30.52  Ô£ô Compiled successfully
#13 30.52    Skipping validation of types
#13 30.52    Skipping linting
#13 30.93    Collecting page data ...
#13 32.05    Generating static pages (0/6) ...
#13 33.38    Generating static pages (1/6) 
#13 33.38    Generating static pages (2/6) 
#13 33.38    Generating static pages (4/6) 
#13 33.39  Ô£ô Generating static pages (6/6)
#13 33.77    Finalizing page optimization ...
#13 33.77    Collecting build traces ...
#13 64.98 
#13 64.99 Route (app)                              Size     First Load JS
#13 64.99 Ôöî Ôùï /                                    25.2 kB         112 kB
#13 64.99 Ôö£ ãÆ /_not-found                          142 B          87.1 kB
#13 64.99 Ôö£ Ôùï /api/hello                           0 B                0 B
#13 64.99 Ôöö Ôùï /login                               7.06 kB          94 kB
#13 64.99 + First Load JS shared by all            87 kB
#13 64.99   Ôö£ chunks/1dd3208c-c7948333d11f4602.js  53.6 kB
#13 64.99   Ôö£ chunks/286-998854773fa7eddc.js       31.5 kB
#13 64.99   Ôöö other shared chunks (total)          1.9 kB
#13 64.99 
#13 64.99 
#13 64.99 Ôùï  (Static)   prerendered as static content
#13 64.99 ãÆ  (Dynamic)  server-rendered on demand
#13 64.99 
#13 DONE 65.8s

#14 [runner 4/6] COPY --from=builder --chown=nextjs:nodejs /app/apps/admin-dashboard/.next/standalone ./
#14 DONE 3.1s

#15 [runner 5/6] COPY --from=builder --chown=nextjs:nodejs /app/apps/admin-dashboard/.next/static ./apps/admin-dashboard/.next/static
#15 DONE 0.2s

#16 [runner 6/6] COPY --from=builder --chown=nextjs:nodejs /app/apps/admin-dashboard/public ./apps/admin-dashboard/public
#16 DONE 0.2s

#17 exporting to image
#17 exporting layers
#17 exporting layers 8.8s done
#17 exporting manifest sha256:90c712f8c0dc7bfeaf716b774115463c60c96a4af86ef419839b9ac807888cf6 0.0s done
#17 exporting config sha256:6f92a7bd8865dbe017f7b119db36fd1bf74ff98cd6751ba10b0e9e3d4a539909 0.0s done
#17 exporting attestation manifest sha256:b4be9a67bf0845332aaaf2fd308ba5194c9c8003f8aef77a2b6ca094b8a04565
#17 exporting attestation manifest sha256:b4be9a67bf0845332aaaf2fd308ba5194c9c8003f8aef77a2b6ca094b8a04565 0.2s done
#17 exporting manifest list sha256:5529d4254a41fb5639640a0ab7379db8e33f2f09611a26f8ae9b5d975797f22d
#17 exporting manifest list sha256:5529d4254a41fb5639640a0ab7379db8e33f2f09611a26f8ae9b5d975797f22d 0.1s done
#17 naming to us-central1-docker.pkg.dev/going-5d1ae/going-repo-prod/admin-dashboard:latest 0.0s done
#17 unpacking to us-central1-docker.pkg.dev/going-5d1ae/going-repo-prod/admin-dashboard:latest
#17 unpacking to us-central1-docker.pkg.dev/going-5d1ae/going-repo-prod/admin-dashboard:latest 2.4s done
#17 DONE 11.7s

View build details: docker-desktop://dashboard/build/desktop-linux/desktop-linux/9gj07y85uig8w7vze7o3znm9t
