#0 building with "desktop-linux" instance using docker driver

#1 [internal] load build definition from Dockerfile.prod
#1 transferring dockerfile: 2.76kB 0.0s done
#1 DONE 0.1s

#2 [auth] library/node:pull token for registry-1.docker.io
#2 DONE 0.0s

#3 [internal] load metadata for docker.io/library/node:20-alpine
#3 DONE 1.2s

#4 [internal] load .dockerignore
#4 transferring context: 207B 0.0s done
#4 DONE 0.0s

#5 [internal] load build context
#5 DONE 0.0s

#6 [builder 1/8] FROM docker.io/library/node:20-alpine@sha256:658d0f63e501824d6c23e06d4bb95c71e7d704537c9d9272f488ac03a370d448
#6 resolve docker.io/library/node:20-alpine@sha256:658d0f63e501824d6c23e06d4bb95c71e7d704537c9d9272f488ac03a370d448 0.1s done
#6 DONE 0.1s

#5 [internal] load build context
#5 transferring context: 516.22kB 0.8s done
#5 DONE 0.8s

#7 [builder 2/8] RUN apk add --no-cache libc6-compat
#7 CACHED

#8 [builder 3/8] WORKDIR /app
#8 CACHED

#9 [builder 4/8] COPY package*.json nx.json tsconfig.base.json ./
#9 CACHED

#10 [builder 5/8] COPY . .
#10 DONE 4.1s

#11 [builder 6/8] RUN rm -rf apps/mobile-driver-app apps/mobile-user-app apps/admin-dashboard apps/frontend-webapp apps/enterprise-portal &&     rm -rf apps/admin-dashboard-e2e apps/frontend-webapp-e2e apps/*-e2e &&     rm -rf tools/guardian
#11 DONE 1.3s

#12 [builder 7/8] RUN npm install --legacy-peer-deps
#12 20.23 npm warn deprecated whatwg-encoding@2.0.0: Use @exodus/bytes instead for a more spec-conformant and faster implementation
#12 22.52 npm warn deprecated stringify-package@1.0.1: This module is not used anymore, and has been replaced by @npmcli/package-json
#12 22.87 npm warn deprecated stable@0.1.8: Modern JS already guarantees Array#sort() is a stable sort, so this library is deprecated. See the compatibility table on MDN: https://developer.mozilla.org/en-US/docs/Web/JavaScript/Reference/Global_Objects/Array/sort#browser_compatibility
#12 23.32 npm warn deprecated sourcemap-codec@1.4.8: Please use @jridgewell/sourcemap-codec instead
#12 24.29 npm warn deprecated scmp@2.1.0: Just use Node.js's crypto.timingSafeEqual()
#12 24.69 npm warn deprecated rimraf@3.0.2: Rimraf versions prior to v4 are no longer supported
#12 26.41 npm warn deprecated q@1.5.1: You or someone you depend on is using Q, the JavaScript Promise library that gave JavaScript developers strong feelings about promises. They can almost certainly migrate to the native JavaScript promise now. Thank you literally everyone for joining me in this bet against the odds. Be excellent to each other.
#12 26.41 npm warn deprecated
#12 26.41 npm warn deprecated (For a CapTP with native promises, see @endo/eventual-send and @endo/captp)
#12 33.79 npm warn deprecated keygrip@1.1.0: Package no longer supported. Contact Support at https://www.npmjs.com/support for more info.
#12 36.13 npm warn deprecated inflight@1.0.6: This module is not supported, and leaks memory. Do not use it. Check out lru-cache if you want a good and tested way to coalesce async requests by a key value, which is much more comprehensive and powerful.
#12 40.37 npm warn deprecated domexception@4.0.0: Use your platform's native DOMException instead
#12 44.83 npm warn deprecated abab@2.0.6: Use your platform's native atob() and btoa() methods instead
#12 73.32 npm warn deprecated glob@7.2.3: Glob versions prior to v9 are no longer supported
#12 75.27 npm warn deprecated source-map@0.8.0-beta.0: The work that was done in this beta branch won't be included in future versions
#12 76.09 npm warn deprecated glob@7.2.3: Glob versions prior to v9 are no longer supported
#12 76.09 npm warn deprecated glob@7.2.3: Glob versions prior to v9 are no longer supported
#12 77.11 npm warn deprecated glob@7.2.3: Glob versions prior to v9 are no longer supported
#12 80.35 npm warn deprecated whatwg-encoding@3.1.1: Use @exodus/bytes instead for a more spec-conformant and faster implementation
#12 88.28 npm warn deprecated glob@8.1.0: Glob versions prior to v9 are no longer supported
#12 88.46 npm warn deprecated glob@7.2.3: Glob versions prior to v9 are no longer supported
#12 169.5 npm warn deprecated next@14.2.3: This version has a security vulnerability. Please upgrade to a patched version. See https://nextjs.org/blog/security-update-2025-12-11 for more details.
#12 178.7 
#12 178.7 > going-monorepo-clean@2.0.0 prepare
#12 178.7 > husky install
#12 178.7 
#12 178.9 husky - install command is DEPRECATED
#12 178.9 .git can't be found
#12 179.0 added 3114 packages, and audited 3115 packages in 3m
#12 179.0 
#12 179.0 439 packages are looking for funding
#12 179.0   run `npm fund` for details
#12 179.2 
#12 179.2 6 vulnerabilities (1 moderate, 4 high, 1 critical)
#12 179.2 
#12 179.2 To address issues that do not require attention, run:
#12 179.2   npm audit fix
#12 179.2 
#12 179.2 To address all issues (including breaking changes), run:
#12 179.2   npm audit fix --force
#12 179.2 
#12 179.2 Run `npm audit` for details.
#12 179.2 npm notice
#12 179.2 npm notice New major version of npm available! 10.8.2 -> 11.7.0
#12 179.2 npm notice Changelog: https://github.com/npm/cli/releases/tag/v11.7.0
#12 179.2 npm notice To update run: npm install -g npm@11.7.0
#12 179.2 npm notice
#12 DONE 180.0s

#13 [builder 8/8] RUN npx nx build api-gateway --prod
#13 11.03 
#13 11.03  NX   Running target build for project api-gateway and 2 tasks it depends on:
#13 11.03 
#13 11.03 
#13 14.45 
#13 14.45 > nx run @going-monorepo-clean/prisma-client:build
#13 14.45 
#13 14.45 Compiling TypeScript files for project "@going-monorepo-clean/prisma-client"...
#13 14.45 Done compiling TypeScript files for project "@going-monorepo-clean/prisma-client".
#13 20.13 
#13 20.13 > nx run @going/shared/observability:build
#13 20.13 
#13 20.13 Compiling TypeScript files for project "@going/shared/observability"...
#13 20.13 Done compiling TypeScript files for project "@going/shared/observability".
#13 20.15 
#13 20.15 > nx run api-gateway:build
#13 20.15 
#13 20.15 > webpack-cli build --node-env=production
#13 20.15 
#13 31.69 chunk (runtime: main) main.js (main) 37.1 KiB [entry] [rendered]
#13 31.69 webpack compiled successfully (a5ddcfc2eea319b5)
#13 31.78 
#13 31.78 
#13 31.78 
#13 31.78  NX   Successfully ran target build for project api-gateway and 2 tasks it depends on
#13 31.78 
#13 31.78 
#13 DONE 32.1s

#14 [runner  3/10] RUN apk add --no-cache dumb-init openssl libc6-compat
#14 CACHED

#15 [runner  4/10] RUN addgroup -g 1001 -S nodejs &&     adduser -S nestjs -u 1001
#15 CACHED

#16 [runner  5/10] COPY --from=builder --chown=nestjs:nodejs /app/dist/apps/api-gateway/package*.json ./
#16 CACHED

#17 [runner  2/10] WORKDIR /app
#17 CACHED

#18 [runner  6/10] RUN npm install --omit=dev --legacy-peer-deps
#18 CACHED

#19 [runner  7/10] RUN npm install prisma@5.22.0 @prisma/client@5.22.0
#19 17.99 
#19 17.99 added 11 packages, changed 4 packages, and audited 416 packages in 18s
#19 17.99 
#19 17.99 56 packages are looking for funding
#19 17.99   run `npm fund` for details
#19 17.99 
#19 17.99 found 0 vulnerabilities
#19 DONE 19.3s

#20 [runner  8/10] COPY --from=builder --chown=nestjs:nodejs /app/libs/shared/prisma-client/prisma/schema.prisma ./prisma/schema.prisma
#20 DONE 0.6s

#21 [runner  9/10] RUN npx prisma generate --schema ./prisma/schema.prisma
#21 2.362 Prisma schema loaded from prisma/schema.prisma
#21 3.942 
#21 3.942  Generated Prisma Client (v5.22.0) to ./node_modules/@prisma/client in 439ms
#21 3.942 
#21 3.942 Start by importing your Prisma Client (See: https://pris.ly/d/importing-client)
#21 3.942 
#21 3.942 Tip: Want real-time updates to your database without manual polling? Discover how with Pulse: https://pris.ly/tip-0-pulse
#21 3.942 
#21 DONE 4.1s

#22 [runner 10/10] COPY --from=builder --chown=nestjs:nodejs /app/dist/apps/api-gateway ./
#22 DONE 0.2s

#23 exporting to image
#23 exporting layers
#23 exporting layers 16.5s done
#23 exporting manifest sha256:23e69b712d329716632824bae3c2a968d9b065b7e01bb86c40e83411a69f3669 0.0s done
#23 exporting config sha256:bf05122c4a736dc00b949115c5378e2d748e678b8d641a5b9f282559f5b0239d 0.0s done
#23 exporting attestation manifest sha256:a6ae04ccbcfe48aba7a23b2a5e24f25696904b6dc2dea846e2fca30668335661
#23 exporting attestation manifest sha256:a6ae04ccbcfe48aba7a23b2a5e24f25696904b6dc2dea846e2fca30668335661 0.1s done
#23 exporting manifest list sha256:a017b09fe76af92761dd204641a81aaf15895ac78c78f6c71c8190b2f39e5b71 0.0s done
#23 naming to docker.io/library/test-api-gateway:latest
#23 naming to docker.io/library/test-api-gateway:latest 0.0s done
#23 unpacking to docker.io/library/test-api-gateway:latest
#23 unpacking to docker.io/library/test-api-gateway:latest 12.8s done
#23 DONE 29.7s

View build details: docker-desktop://dashboard/build/desktop-linux/desktop-linux/kbca2e0qmbh36ua2oi77eircy
