#0 building with "desktop-linux" instance using docker driver

#1 [internal] load build definition from Dockerfile.frontend
#1 transferring dockerfile: 1.45kB 0.0s done
#1 DONE 0.0s

#2 [auth] library/node:pull token for registry-1.docker.io
#2 DONE 0.0s

#3 [internal] load metadata for docker.io/library/node:18-alpine
#3 DONE 1.5s

#4 [internal] load .dockerignore
#4 transferring context: 84B done
#4 DONE 0.0s

#5 [internal] load build context
#5 DONE 0.0s

#6 [builder 1/8] FROM docker.io/library/node:18-alpine@sha256:8d6421d663b4c28fd3ebc498332f249011d118945588d0a35cb9bc4b8ca09d9e
#6 resolve docker.io/library/node:18-alpine@sha256:8d6421d663b4c28fd3ebc498332f249011d118945588d0a35cb9bc4b8ca09d9e 0.1s done
#6 DONE 0.1s

#7 [builder 2/8] WORKDIR /app
#7 CACHED

#8 [runner 3/6] RUN addgroup -g 1001 -S nodejs && adduser -S nextjs -u 1001
#8 CACHED

#5 [internal] load build context
#5 transferring context: 633.74kB 0.8s done
#5 DONE 0.9s

#9 [builder 3/8] RUN apk add --no-cache libc6-compat
#9 CACHED

#10 [builder 4/8] COPY package*.json nx.json tsconfig.base.json ./
#10 CACHED

#11 [builder 5/8] RUN npm install --legacy-peer-deps
#11 CACHED

#12 [builder 6/8] COPY . .
#12 CACHED

#13 [builder 7/8] RUN rm -rf apps/mobile-driver-app apps/mobile-user-app apps/frontend-webapp apps/enterprise-portal &&     rm -rf apps/*-e2e
#13 CACHED

#14 [builder 8/8] RUN npx nx build admin-dashboard --prod --skip-nx-cache
#14 4.978 Convert compiler options from json failed, No inputs were found in config file 'tsconfig.json'. Specified 'include' paths were '["jest.config.ts","jest.config.cts","src/**/*.test.ts","src/**/*.spec.ts","src/**/*.test.tsx","src/**/*.spec.tsx","src/**/*.test.js","src/**/*.spec.js","src/**/*.test.jsx","src/**/*.spec.jsx","src/**/*.d.ts"]' and 'exclude' paths were '["node_modules","jest.config.ts","jest.config.cts","**/*.spec.ts","**/*.test.ts","src/**/*.spec.ts","src/**/*.test.ts"]'.
#14 10.04 
#14 10.04 > nx run admin-dashboard:build:production
#14 10.04 
#14 11.40  ÔÜá You are using a non-standard "NODE_ENV" value in your environment. This creates inconsistencies in the project and is strongly advised against. Read more: https://nextjs.org/docs/messages/non-standard-node-env
#14 16.32 > Build error occurred
#14 16.32 Error: Could not create project graph. Please ensure that your workspace is valid.
#14 16.32     at /app/node_modules/@nx/next/plugins/with-nx.js:88:23
#14 16.32     at process.processTicksAndRejections (node:internal/process/task_queues:95:5)
#14 16.32     at async normalizeConfig (/app/node_modules/next/dist/server/config-shared.js:160:12)
#14 16.32     at async loadConfig (/app/node_modules/next/dist/server/config.js:714:28)
#14 16.32     at async Span.traceAsyncFn (/app/node_modules/next/dist/trace/trace.js:154:20)
#14 16.32     at async /app/node_modules/next/dist/build/index.js:372:28
#14 16.32     at async Span.traceAsyncFn (/app/node_modules/next/dist/trace/trace.js:154:20)
#14 16.32     at async build (/app/node_modules/next/dist/build/index.js:366:9) {
#14 16.32   [cause]: [    ProjectsWithNoNameError: The projects in the following directories have no name provided:
#14 16.32       - tools/guardian
#14 16.32         at validateAndNormalizeProjectRootMap (/app/node_modules/nx/src/project-graph/utils/project-configuration-utils.js:482:15)
#14 16.32         at mergeCreateNodesResults (/app/node_modules/nx/src/project-graph/utils/project-configuration-utils.js:355:9)
#14 16.32         at /app/node_modules/nx/src/project-graph/utils/project-configuration-utils.js:299:85
#14 16.32         at process.processTicksAndRejections (node:internal/process/task_queues:95:5)
#14 16.32         at async buildProjectGraphAndSourceMapsWithoutDaemon (/app/node_modules/nx/src/project-graph/project-graph.js:87:31)
#14 16.32         at async createProjectGraphAndSourceMapsAsync (/app/node_modules/nx/src/project-graph/project-graph.js:271:25)
#14 16.32         at async createProjectGraphAsync (/app/node_modules/nx/src/project-graph/project-graph.js:219:39)
#14 16.32         at async /app/node_modules/@nx/next/plugins/with-nx.js:85:25
#14 16.32         at async normalizeConfig (/app/node_modules/next/dist/server/config-shared.js:160:12)
#14 16.32         at async loadConfig (/app/node_modules/next/dist/server/config.js:714:28)] {
#14 16.32     errors: [ [ProjectsWithNoNameError] ],
#14 16.32     name: 'ProjectGraphError'
#14 16.32   }
#14 16.32 }
#14 16.38 Build process exited due to code 1  
#14 16.46 
#14 16.46 
#14 16.46 
#14 16.46  NX   Running target build for project admin-dashboard failed
#14 16.46 
#14 16.46 Failed tasks:
#14 16.46 
#14 16.46 - admin-dashboard:build:production
#14 16.46 
#14 16.46 Hint: run the command with --verbose for more details.
#14 16.46 
#14 ERROR: process "/bin/sh -c npx nx build ${APP_NAME} --prod --skip-nx-cache" did not complete successfully: exit code: 1
------
 > [builder 8/8] RUN npx nx build admin-dashboard --prod --skip-nx-cache:
16.46 
16.46 
16.46  NX   Running target build for project admin-dashboard failed
16.46 
16.46 Failed tasks:
16.46 
16.46 - admin-dashboard:build:production
16.46 
16.46 Hint: run the command with --verbose for more details.
16.46 
------
Dockerfile.frontend:27
--------------------
  25 |     # Construimos el frontend
  26 |     # Forzamos la instalaci├│n de dependencias de SWC si es necesario para Alpine
  27 | >>> RUN npx nx build ${APP_NAME} --prod --skip-nx-cache
  28 |     
  29 |     # ==========================================
--------------------
ERROR: failed to build: failed to solve: process "/bin/sh -c npx nx build ${APP_NAME} --prod --skip-nx-cache" did not complete successfully: exit code: 1

View build details: docker-desktop://dashboard/build/desktop-linux/desktop-linux/jd90xh9dt0n07h2f14wuxrtq0
