#0 building with "desktop-linux" instance using docker driver

#1 [internal] load build definition from Dockerfile.prod
#1 transferring dockerfile: 2.38kB 0.0s done
#1 DONE 0.0s

#2 [auth] library/node:pull token for registry-1.docker.io
#2 DONE 0.0s

#3 [internal] load metadata for docker.io/library/node:18-alpine
#3 DONE 1.0s

#4 [internal] load .dockerignore
#4 transferring context: 433B done
#4 DONE 0.0s

#5 [internal] load build context
#5 DONE 0.0s

#6 [builder 1/8] FROM docker.io/library/node:18-alpine@sha256:8d6421d663b4c28fd3ebc498332f249011d118945588d0a35cb9bc4b8ca09d9e
#6 resolve docker.io/library/node:18-alpine@sha256:8d6421d663b4c28fd3ebc498332f249011d118945588d0a35cb9bc4b8ca09d9e 0.1s done
#6 DONE 0.1s

#7 [runner 2/7] WORKDIR /app
#7 CACHED

#6 [builder 1/8] FROM docker.io/library/node:18-alpine@sha256:8d6421d663b4c28fd3ebc498332f249011d118945588d0a35cb9bc4b8ca09d9e
#6 CACHED

#5 [internal] load build context
#5 transferring context: 657.45kB 1.0s done
#5 DONE 1.1s

#8 [builder 2/8] RUN apk add --no-cache libc6-compat
#8 1.006 fetch https://dl-cdn.alpinelinux.org/alpine/v3.21/main/x86_64/APKINDEX.tar.gz
#8 1.537 fetch https://dl-cdn.alpinelinux.org/alpine/v3.21/community/x86_64/APKINDEX.tar.gz
#8 2.349 (1/3) Installing musl-obstack (1.2.3-r2)
#8 2.393 (2/3) Installing libucontext (1.3.2-r0)
#8 2.441 (3/3) Installing gcompat (1.1.0-r4)
#8 ...

#9 [runner 3/7] RUN apk add --no-cache dumb-init
#9 1.006 fetch https://dl-cdn.alpinelinux.org/alpine/v3.21/main/x86_64/APKINDEX.tar.gz
#9 1.530 fetch https://dl-cdn.alpinelinux.org/alpine/v3.21/community/x86_64/APKINDEX.tar.gz
#9 2.337 (1/1) Installing dumb-init (1.2.5-r3)
#9 2.386 Executing busybox-1.37.0-r12.trigger
#9 2.399 OK: 10 MiB in 18 packages
#9 DONE 2.6s

#8 [builder 2/8] RUN apk add --no-cache libc6-compat
#8 2.501 OK: 10 MiB in 20 packages
#8 DONE 5.0s

#10 [runner 4/7] RUN addgroup -g 1001 -S nodejs &&     adduser -S nestjs -u 1001
#10 DONE 2.6s

#11 [builder 3/8] WORKDIR /app
#11 DONE 0.3s

#12 [builder 4/8] COPY package*.json nx.json tsconfig.base.json ./
#12 DONE 0.2s

#13 [builder 5/8] COPY . .
#13 DONE 66.8s

#14 [builder 6/8] RUN rm -rf apps/mobile-driver-app apps/mobile-user-app apps/admin-dashboard apps/frontend-webapp apps/enterprise-portal &&     rm -rf apps/admin-dashboard-e2e apps/frontend-webapp-e2e apps/*-e2e
#14 DONE 2.3s

#15 [builder 7/8] RUN npm install --legacy-peer-deps
#15 4.971 npm warn EBADENGINE Unsupported engine {
#15 4.971 npm warn EBADENGINE   package: '@isaacs/balanced-match@4.0.1',
#15 4.971 npm warn EBADENGINE   required: { node: '20 || >=22' },
#15 4.971 npm warn EBADENGINE   current: { node: 'v18.20.8', npm: '10.8.2' }
#15 4.971 npm warn EBADENGINE }
#15 4.972 npm warn EBADENGINE Unsupported engine {
#15 4.972 npm warn EBADENGINE   package: '@isaacs/brace-expansion@5.0.0',
#15 4.972 npm warn EBADENGINE   required: { node: '20 || >=22' },
#15 4.972 npm warn EBADENGINE   current: { node: 'v18.20.8', npm: '10.8.2' }
#15 4.972 npm warn EBADENGINE }
#15 4.976 npm warn EBADENGINE Unsupported engine {
#15 4.976 npm warn EBADENGINE   package: '@nestjs/core@11.1.11',
#15 4.976 npm warn EBADENGINE   required: { node: '>= 20' },
#15 4.976 npm warn EBADENGINE   current: { node: 'v18.20.8', npm: '10.8.2' }
#15 4.976 npm warn EBADENGINE }
#15 4.989 npm warn EBADENGINE Unsupported engine {
#15 4.989 npm warn EBADENGINE   package: 'file-type@21.2.0',
#15 4.989 npm warn EBADENGINE   required: { node: '>=20' },
#15 4.989 npm warn EBADENGINE   current: { node: 'v18.20.8', npm: '10.8.2' }
#15 4.989 npm warn EBADENGINE }
#15 4.992 npm warn EBADENGINE Unsupported engine {
#15 4.992 npm warn EBADENGINE   package: 'hashery@1.4.0',
#15 4.992 npm warn EBADENGINE   required: { node: '>=20' },
#15 4.992 npm warn EBADENGINE   current: { node: 'v18.20.8', npm: '10.8.2' }
#15 4.992 npm warn EBADENGINE }
#15 5.002 npm warn EBADENGINE Unsupported engine {
#15 5.002 npm warn EBADENGINE   package: 'react-router@7.11.0',
#15 5.002 npm warn EBADENGINE   required: { node: '>=20.0.0' },
#15 5.002 npm warn EBADENGINE   current: { node: 'v18.20.8', npm: '10.8.2' }
#15 5.002 npm warn EBADENGINE }
#15 5.002 npm warn EBADENGINE Unsupported engine {
#15 5.002 npm warn EBADENGINE   package: 'react-router-dom@7.11.0',
#15 5.002 npm warn EBADENGINE   required: { node: '>=20.0.0' },
#15 5.002 npm warn EBADENGINE   current: { node: 'v18.20.8', npm: '10.8.2' }
#15 5.002 npm warn EBADENGINE }
#15 5.008 npm warn EBADENGINE Unsupported engine {
#15 5.008 npm warn EBADENGINE   package: 'vite@7.3.0',
#15 5.008 npm warn EBADENGINE   required: { node: '^20.19.0 || >=22.12.0' },
#15 5.008 npm warn EBADENGINE   current: { node: 'v18.20.8', npm: '10.8.2' }
#15 5.008 npm warn EBADENGINE }
#15 5.008 npm warn EBADENGINE Unsupported engine {
#15 5.008 npm warn EBADENGINE   package: 'workbox-build@7.4.0',
#15 5.008 npm warn EBADENGINE   required: { node: '>=20.0.0' },
#15 5.008 npm warn EBADENGINE   current: { node: 'v18.20.8', npm: '10.8.2' }
#15 5.008 npm warn EBADENGINE }
#15 5.009 npm warn EBADENGINE Unsupported engine {
#15 5.009 npm warn EBADENGINE   package: 'glob@11.1.0',
#15 5.009 npm warn EBADENGINE   required: { node: '20 || >=22' },
#15 5.009 npm warn EBADENGINE   current: { node: 'v18.20.8', npm: '10.8.2' }
#15 5.009 npm warn EBADENGINE }
#15 5.010 npm warn EBADENGINE Unsupported engine {
#15 5.010 npm warn EBADENGINE   package: 'jackspeak@4.1.1',
#15 5.010 npm warn EBADENGINE   required: { node: '20 || >=22' },
#15 5.010 npm warn EBADENGINE   current: { node: 'v18.20.8', npm: '10.8.2' }
#15 5.010 npm warn EBADENGINE }
#15 5.010 npm warn EBADENGINE Unsupported engine {
#15 5.010 npm warn EBADENGINE   package: 'lru-cache@11.2.4',
#15 5.010 npm warn EBADENGINE   required: { node: '20 || >=22' },
#15 5.010 npm warn EBADENGINE   current: { node: 'v18.20.8', npm: '10.8.2' }
#15 5.010 npm warn EBADENGINE }
#15 5.011 npm warn EBADENGINE Unsupported engine {
#15 5.011 npm warn EBADENGINE   package: 'minimatch@10.1.1',
#15 5.011 npm warn EBADENGINE   required: { node: '20 || >=22' },
#15 5.011 npm warn EBADENGINE   current: { node: 'v18.20.8', npm: '10.8.2' }
#15 5.011 npm warn EBADENGINE }
#15 5.011 npm warn EBADENGINE Unsupported engine {
#15 5.011 npm warn EBADENGINE   package: 'path-scurry@2.0.1',
#15 5.011 npm warn EBADENGINE   required: { node: '20 || >=22' },
#15 5.011 npm warn EBADENGINE   current: { node: 'v18.20.8', npm: '10.8.2' }
#15 5.011 npm warn EBADENGINE }
#15 16.57 npm warn deprecated whatwg-encoding@2.0.0: Use @exodus/bytes instead for a more spec-conformant and faster implementation
#15 18.37 npm warn deprecated stringify-package@1.0.1: This module is not used anymore, and has been replaced by @npmcli/package-json
#15 19.02 npm warn deprecated stable@0.1.8: Modern JS already guarantees Array#sort() is a stable sort, so this library is deprecated. See the compatibility table on MDN: https://developer.mozilla.org/en-US/docs/Web/JavaScript/Reference/Global_Objects/Array/sort#browser_compatibility
#15 19.40 npm warn deprecated sourcemap-codec@1.4.8: Please use @jridgewell/sourcemap-codec instead
#15 20.27 npm warn deprecated scmp@2.1.0: Just use Node.js's crypto.timingSafeEqual()
#15 21.32 npm warn deprecated rimraf@3.0.2: Rimraf versions prior to v4 are no longer supported
#15 23.18 npm warn deprecated q@1.5.1: You or someone you depend on is using Q, the JavaScript Promise library that gave JavaScript developers strong feelings about promises. They can almost certainly migrate to the native JavaScript promise now. Thank you literally everyone for joining me in this bet against the odds. Be excellent to each other.
#15 23.18 npm warn deprecated
#15 23.18 npm warn deprecated (For a CapTP with native promises, see @endo/eventual-send and @endo/captp)
#15 28.91 npm warn deprecated keygrip@1.1.0: Package no longer supported. Contact Support at https://www.npmjs.com/support for more info.
#15 30.98 npm warn deprecated inflight@1.0.6: This module is not supported, and leaks memory. Do not use it. Check out lru-cache if you want a good and tested way to coalesce async requests by a key value, which is much more comprehensive and powerful.
#15 34.90 npm warn deprecated domexception@4.0.0: Use your platform's native DOMException instead
#15 38.18 npm warn deprecated abab@2.0.6: Use your platform's native atob() and btoa() methods instead
#15 66.38 npm warn deprecated glob@7.2.3: Glob versions prior to v9 are no longer supported
#15 68.69 npm warn deprecated glob@7.2.3: Glob versions prior to v9 are no longer supported
#15 68.69 npm warn deprecated glob@7.2.3: Glob versions prior to v9 are no longer supported
#15 68.85 npm warn deprecated source-map@0.8.0-beta.0: The work that was done in this beta branch won't be included in future versions
#15 69.42 npm warn deprecated glob@7.2.3: Glob versions prior to v9 are no longer supported
#15 72.76 npm warn deprecated whatwg-encoding@3.1.1: Use @exodus/bytes instead for a more spec-conformant and faster implementation
#15 80.68 npm warn deprecated glob@8.1.0: Glob versions prior to v9 are no longer supported
#15 81.11 npm warn deprecated glob@7.2.3: Glob versions prior to v9 are no longer supported
#15 161.6 npm warn deprecated next@14.2.3: This version has a security vulnerability. Please upgrade to a patched version. See https://nextjs.org/blog/security-update-2025-12-11 for more details.
#15 169.2 
#15 169.2 > going-monorepo-clean@2.0.0 prepare
#15 169.2 > husky install
#15 169.2 
#15 169.3 husky - install command is DEPRECATED
#15 169.3 .git can't be found
#15 169.4 added 3114 packages, and audited 3115 packages in 3m
#15 169.4 
#15 169.4 439 packages are looking for funding
#15 169.4   run `npm fund` for details
#15 169.6 
#15 169.6 6 vulnerabilities (1 moderate, 4 high, 1 critical)
#15 169.6 
#15 169.6 To address issues that do not require attention, run:
#15 169.6   npm audit fix
#15 169.6 
#15 169.6 To address all issues (including breaking changes), run:
#15 169.6   npm audit fix --force
#15 169.6 
#15 169.6 Run `npm audit` for details.
#15 169.6 npm notice
#15 169.6 npm notice New major version of npm available! 10.8.2 -> 11.7.0
#15 169.6 npm notice Changelog: https://github.com/npm/cli/releases/tag/v11.7.0
#15 169.6 npm notice To update run: npm install -g npm@11.7.0
#15 169.6 npm notice
#15 DONE 172.7s

#16 [builder 8/8] RUN npx nx build api-gateway --prod
#16 11.60 
#16 11.60  NX   Running target build for project api-gateway and 2 tasks it depends on:
#16 11.60 
#16 11.60 
#16 15.76 
#16 15.76 > nx run @going-monorepo-clean/prisma-client:build
#16 15.76 
#16 15.76 Compiling TypeScript files for project "@going-monorepo-clean/prisma-client"...
#16 15.76 Done compiling TypeScript files for project "@going-monorepo-clean/prisma-client".
#16 20.32 
#16 20.32 > nx run @going/shared/observability:build
#16 20.32 
#16 20.32 Compiling TypeScript files for project "@going/shared/observability"...
#16 20.32 Done compiling TypeScript files for project "@going/shared/observability".
#16 20.33 
#16 20.33 > nx run api-gateway:build
#16 20.33 
#16 20.34 > webpack-cli build --node-env=production
#16 20.34 
#16 29.34 chunk (runtime: main) main.js (main) 37.1 KiB [entry] [rendered]
#16 29.34 webpack compiled successfully (a5ddcfc2eea319b5)
#16 29.41 
#16 29.41 
#16 29.41 
#16 29.41  NX   Successfully ran target build for project api-gateway and 2 tasks it depends on
#16 29.41 
#16 29.41 
#16 DONE 29.8s

#17 [runner 5/7] COPY --from=builder --chown=nestjs:nodejs /app/dist/api-gateway/package*.json ./
#17 CACHED

#18 [runner 6/7] RUN npm install --omit=dev --ignore-scripts &&     npm install class-validator class-transformer @nestjs/platform-socket.io socket.io
#18 CACHED

#19 [runner 7/7] COPY --from=builder --chown=nestjs:nodejs /app/dist/api-gateway ./
#19 ERROR: failed to calculate checksum of ref 619tq4pqbqepg79etxsvcfioj::xwqnxs1svq1vk2a2fg89avhra: "/app/dist/api-gateway": not found
------
 > [runner 7/7] COPY --from=builder --chown=nestjs:nodejs /app/dist/api-gateway ./:
------
Dockerfile.prod:69
--------------------
  67 |     
  68 |     # Copiamos el c├│digo compilado
  69 | >>> COPY --from=builder --chown=nestjs:nodejs /app/dist/${SERVICE_NAME} ./
  70 |     
  71 |     USER nestjs
--------------------
ERROR: failed to build: failed to solve: failed to compute cache key: failed to calculate checksum of ref 619tq4pqbqepg79etxsvcfioj::xwqnxs1svq1vk2a2fg89avhra: "/app/dist/api-gateway": not found

View build details: docker-desktop://dashboard/build/desktop-linux/desktop-linux/f6tcu91m9tldci5dw216320f4
