#0 building with "desktop-linux" instance using docker driver

#1 [internal] load build definition from Dockerfile.spa
#1 transferring dockerfile: 1.07kB done
#1 DONE 0.0s

#2 [internal] load metadata for docker.io/library/nginx:alpine
#2 ...

#3 [internal] load metadata for docker.io/library/node:18-alpine
#3 DONE 0.6s

#2 [internal] load metadata for docker.io/library/nginx:alpine
#2 DONE 0.7s

#4 [internal] load .dockerignore
#4 transferring context: 33B
#4 transferring context: 207B done
#4 DONE 0.0s

#5 [internal] load build context
#5 DONE 0.0s

#6 [runner 1/2] FROM docker.io/library/nginx:alpine@sha256:ce611bb6e76a1da3576e3875f78acb1064a4624dbf45abcbf14fd152cfb7a943
#6 resolve docker.io/library/nginx:alpine@sha256:ce611bb6e76a1da3576e3875f78acb1064a4624dbf45abcbf14fd152cfb7a943 0.1s done
#6 CACHED

#7 [builder 1/8] FROM docker.io/library/node:18-alpine@sha256:8d6421d663b4c28fd3ebc498332f249011d118945588d0a35cb9bc4b8ca09d9e
#7 resolve docker.io/library/node:18-alpine@sha256:8d6421d663b4c28fd3ebc498332f249011d118945588d0a35cb9bc4b8ca09d9e 0.1s done
#7 DONE 0.1s

#5 [internal] load build context
#5 transferring context: 132.79kB 0.2s done
#5 DONE 0.2s

#8 [builder 2/8] WORKDIR /app
#8 CACHED

#9 [builder 3/8] RUN apk add --no-cache libc6-compat
#9 CACHED

#10 [builder 4/8] COPY package*.json nx.json tsconfig.base.json ./
#10 CACHED

#11 [builder 5/8] RUN npm install --legacy-peer-deps
#11 CACHED

#12 [builder 6/8] COPY . .
#12 DONE 2.8s

#13 [builder 7/8] RUN rm -rf apps/mobile-driver-app apps/mobile-user-app apps/admin-dashboard apps/enterprise-portal &&     rm -rf apps/*-e2e &&     rm -rf tools/guardian
#13 DONE 0.5s

#14 [builder 8/8] RUN npx nx build frontend-webapp --prod --skip-nx-cache
#14 3.823 failed to load config from /app/apps/frontend-webapp/vite.config.ts
#14 4.960 Convert compiler options from json failed, No inputs were found in config file 'tsconfig.json'. Specified 'include' paths were '["jest.config.ts","jest.config.cts","src/**/*.test.ts","src/**/*.spec.ts","src/**/*.test.tsx","src/**/*.spec.tsx","src/**/*.test.js","src/**/*.spec.js","src/**/*.test.jsx","src/**/*.spec.jsx","src/**/*.d.ts"]' and 'exclude' paths were '["node_modules","jest.config.ts","jest.config.cts","jest.setup.ts","**/*.spec.ts","**/*.test.ts","src/**/*.spec.ts","src/**/*.test.ts"]'.
#14 7.242 
#14 7.242  NX   Failed to process project graph.
#14 7.243 
#14 7.243 An error occurred while processing files for the @nx/vite/plugin plugin (Defined at nx.json#plugins[6])
#14 7.243 .
#14 7.243   - apps/frontend-webapp/vite.config.ts: require() of ES Module /app/node_modules/vite/dist/node/index.js from /app/apps/frontend-webapp/vite.config.ts not supported.
#14 7.243 Instead change the require of index.js in /app/apps/frontend-webapp/vite.config.ts to a dynamic import() which is available in all CommonJS modules.
#14 7.243 
#14 ERROR: process "/bin/sh -c npx nx build ${APP_NAME} --prod --skip-nx-cache" did not complete successfully: exit code: 1
------
 > [builder 8/8] RUN npx nx build frontend-webapp --prod --skip-nx-cache:
3.823 failed to load config from /app/apps/frontend-webapp/vite.config.ts
4.960 Convert compiler options from json failed, No inputs were found in config file 'tsconfig.json'. Specified 'include' paths were '["jest.config.ts","jest.config.cts","src/**/*.test.ts","src/**/*.spec.ts","src/**/*.test.tsx","src/**/*.spec.tsx","src/**/*.test.js","src/**/*.spec.js","src/**/*.test.jsx","src/**/*.spec.jsx","src/**/*.d.ts"]' and 'exclude' paths were '["node_modules","jest.config.ts","jest.config.cts","jest.setup.ts","**/*.spec.ts","**/*.test.ts","src/**/*.spec.ts","src/**/*.test.ts"]'.
7.242 
7.242  NX   Failed to process project graph.
7.243 
7.243 An error occurred while processing files for the @nx/vite/plugin plugin (Defined at nx.json#plugins[6])
7.243 .
7.243   - apps/frontend-webapp/vite.config.ts: require() of ES Module /app/node_modules/vite/dist/node/index.js from /app/apps/frontend-webapp/vite.config.ts not supported.
7.243 Instead change the require of index.js in /app/apps/frontend-webapp/vite.config.ts to a dynamic import() which is available in all CommonJS modules.
7.243 
------
Dockerfile.spa:25
--------------------
  23 |     
  24 |     # Build the application
  25 | >>> RUN npx nx build ${APP_NAME} --prod --skip-nx-cache
  26 |     
  27 |     # ==========================================
--------------------
ERROR: failed to build: failed to solve: process "/bin/sh -c npx nx build ${APP_NAME} --prod --skip-nx-cache" did not complete successfully: exit code: 1

View build details: docker-desktop://dashboard/build/desktop-linux/desktop-linux/sah430w1ccskhr2ysbljgywjk
