#0 building with "desktop-linux" instance using docker driver

#1 [internal] load build definition from Dockerfile.frontend
#1 transferring dockerfile: 1.70kB 0.0s done
#1 DONE 0.1s

#2 [auth] library/node:pull token for registry-1.docker.io
#2 DONE 0.0s

#3 [internal] load metadata for docker.io/library/node:18-alpine
#3 DONE 1.5s

#4 [internal] load .dockerignore
#4 transferring context: 207B done
#4 DONE 0.0s

#5 [internal] load build context
#5 DONE 0.0s

#6 [builder 1/8] FROM docker.io/library/node:18-alpine@sha256:8d6421d663b4c28fd3ebc498332f249011d118945588d0a35cb9bc4b8ca09d9e
#6 resolve docker.io/library/node:18-alpine@sha256:8d6421d663b4c28fd3ebc498332f249011d118945588d0a35cb9bc4b8ca09d9e 0.1s done
#6 DONE 0.1s

#7 [builder 2/8] WORKDIR /app
#7 CACHED

#8 [runner 3/6] RUN addgroup -g 1001 -S nodejs && adduser -S nextjs -u 1001
#8 CACHED

#5 [internal] load build context
#5 transferring context: 130.55kB 0.2s done
#5 DONE 0.3s

#9 [builder 3/8] RUN apk add --no-cache libc6-compat
#9 CACHED

#10 [builder 4/8] COPY package*.json nx.json tsconfig.base.json ./
#10 CACHED

#11 [builder 5/8] RUN npm install --legacy-peer-deps
#11 CACHED

#12 [builder 6/8] COPY . .
#12 DONE 2.9s

#13 [builder 7/8] RUN rm -rf apps/mobile-driver-app apps/mobile-user-app apps/frontend-webapp apps/enterprise-portal &&     rm -rf apps/*-e2e &&     rm -rf tools/guardian
#13 DONE 0.5s

#14 [builder 8/8] RUN cd apps/admin-dashboard && npx next build
#14 3.501 Attention: Next.js now collects completely anonymous telemetry regarding usage.
#14 3.501 This information is used to shape Next.js' roadmap and prioritize features.
#14 3.501 You can learn more, including how to opt-out if you'd not like to participate in this anonymous program, by visiting the following URL:
#14 3.501 https://nextjs.org/telemetry
#14 3.501 
#14 3.612   Ôû▓ Next.js 14.2.3
#14 3.613 
#14 3.757    Creating an optimized production build ...
#14 6.263  ÔÜá Found lockfile missing swc dependencies, patching...
#14 9.531  ÔÜá Lockfile was successfully patched, please run "npm install" to ensure @next/swc dependencies are downloaded
#14 39.50  Ô£ô Compiled successfully
#14 39.50    Skipping validation of types
#14 39.50    Skipping linting
#14 39.89    Collecting page data ...
#14 41.17    Generating static pages (0/6) ...
#14 42.14    Generating static pages (1/6) 
#14 42.33    Generating static pages (2/6) 
#14 42.33    Generating static pages (4/6) 
#14 42.33  Ô£ô Generating static pages (6/6)
#14 42.63    Finalizing page optimization ...
#14 42.63    Collecting build traces ...
#14 74.33 
#14 74.34 Route (app)                              Size     First Load JS
#14 74.34 Ôöî Ôùï /                                    25.2 kB         112 kB
#14 74.34 Ôö£ ãÆ /_not-found                          142 B          87.1 kB
#14 74.34 Ôö£ Ôùï /api/hello                           0 B                0 B
#14 74.34 Ôöö Ôùï /login                               7.06 kB          94 kB
#14 74.34 + First Load JS shared by all            87 kB
#14 74.34   Ôö£ chunks/1dd3208c-c7948333d11f4602.js  53.6 kB
#14 74.34   Ôö£ chunks/286-998854773fa7eddc.js       31.5 kB
#14 74.34   Ôöö other shared chunks (total)          1.9 kB
#14 74.34 
#14 74.34 
#14 74.34 Ôùï  (Static)   prerendered as static content
#14 74.34 ãÆ  (Dynamic)  server-rendered on demand
#14 74.34 
#14 DONE 75.3s

#15 [runner 4/6] COPY --from=builder --chown=nextjs:nodejs /app/dist/apps/admin-dashboard/.next/standalone ./
#15 CACHED

#16 [runner 5/6] COPY --from=builder --chown=nextjs:nodejs /app/dist/apps/admin-dashboard/.next/static ./dist/apps/admin-dashboard/.next/static
#16 ERROR: failed to calculate checksum of ref 619tq4pqbqepg79etxsvcfioj::cy49wifzgpjaki4ursuvsg23o: "/app/dist/apps/admin-dashboard/.next/static": not found

#15 [runner 4/6] COPY --from=builder --chown=nextjs:nodejs /app/dist/apps/admin-dashboard/.next/standalone ./
#15 ERROR: failed to calculate checksum of ref 619tq4pqbqepg79etxsvcfioj::cy49wifzgpjaki4ursuvsg23o: "/app/dist/apps/admin-dashboard/.next/standalone": not found
------
 > [runner 4/6] COPY --from=builder --chown=nextjs:nodejs /app/dist/apps/admin-dashboard/.next/standalone ./:
------
------
 > [runner 5/6] COPY --from=builder --chown=nextjs:nodejs /app/dist/apps/admin-dashboard/.next/static ./dist/apps/admin-dashboard/.next/static:
------
Dockerfile.frontend:41
--------------------
  39 |     # Next.js standalone mode in monorepos outputs to dist/apps/[app]/.next/standalone
  40 |     COPY --from=builder --chown=nextjs:nodejs /app/dist/apps/${APP_NAME}/.next/standalone ./
  41 | >>> COPY --from=builder --chown=nextjs:nodejs /app/dist/apps/${APP_NAME}/.next/static ./dist/apps/${APP_NAME}/.next/static
  42 |     COPY --from=builder --chown=nextjs:nodejs /app/apps/${APP_NAME}/public ./apps/${APP_NAME}/public
  43 |     
--------------------
ERROR: failed to build: failed to solve: failed to compute cache key: failed to calculate checksum of ref 619tq4pqbqepg79etxsvcfioj::cy49wifzgpjaki4ursuvsg23o: "/app/dist/apps/admin-dashboard/.next/static": not found

View build details: docker-desktop://dashboard/build/desktop-linux/desktop-linux/wj6v3vpmeh7qla2okrybvo8v4
