
 NX   Running target e2e for project frontend-webapp-e2e and 1 task it depends on:



> nx run frontend-webapp:serve:development


> nx run frontend-webapp-e2e:e2e transport.spec.ts

> playwright test transport.spec.ts

  [32mÔ×£[39m  [1mLocal[22m:   [36mhttp://localhost:[1m4200[22m/[39m
  [32mÔ×£[39m  [1mNetwork[22m: [36mhttp://10.2.0.2:[1m4200[22m/[39m
  [32mÔ×£[39m  [1mNetwork[22m: [36mhttp://192.168.1.24:[1m4200[22m/[39m
  [32mÔ×£[39m  [1mNetwork[22m: [36mhttp://172.26.160.1:[1m4200[22m/[39m

[2mRunning [22m1[2m test using [22m1[2m worker[22m

[1A[2K[1/1] [chromium] ÔÇ║ src\transport.spec.ts:51:7 ÔÇ║ Transport Flow ÔÇ║ should display the transport list with rides
[1A[2K[2m[chromium] ÔÇ║ src\transport.spec.ts:51:7 ÔÇ║ Transport Flow ÔÇ║ should display the transport list with rides[22m
BROWSER LOG: [vite] connecting...

[1A[2KBROWSER LOG: [vite] connected.

[1A[2KBROWSER LOG: %cDownload the React DevTools for a better development experience: https://reactjs.org/link/react-devtools font-weight:bold

[1A[2KBROWSER LOG: [Config] Environment loaded: {apiUrl: http://localhost:3000, appEnv: development}

[1A[2KBROWSER LOG: [vite] connecting...

[1A[2KBROWSER LOG: [vite] connected.

[1A[2KBROWSER LOG: %cDownload the React DevTools for a better development experience: https://reactjs.org/link/react-devtools font-weight:bold

[1A[2KBROWSER LOG: [Config] Environment loaded: {apiUrl: http://localhost:3000, appEnv: development}

PWA v1.2.0
mode      generateSW
precache  2 entries (0.12 KiB)
files generated
  dev-dist/sw.js
  dev-dist/workbox-237f2c1f.js
[1A[2K[31m  1) [chromium] ÔÇ║ src\transport.spec.ts:51:7 ÔÇ║ Transport Flow ÔÇ║ should display the transport list with rides [39m

    Error: [2mexpect([22m[31mlocator[39m[2m).[22mtoContainText[2m([22m[32mexpected[39m[2m)[22m failed

    Locator: locator('h1')
    Expected substring: [32m"Actividad"[39m
    Received string:    [31m"Viaja. Explora.Descubre."[39m
    Timeout: 15000ms

    Call log:
    [2m  - Expect "toContainText" with timeout 15000ms[22m
    [2m  - waiting for locator('h1')[22m
    [2m    8 ├ù locator resolved to <h1 class="hero-title">ÔÇª</h1>[22m
    [2m      - unexpected value "Viaja. Explora.Descubre."[22m


    [0m [90m 53 |[39m
     [90m 54 |[39m     [90m// Verify header[39m
    [31m[1m>[22m[39m[90m 55 |[39m     [36mawait[39m expect(page[33m.[39mlocator([32m'h1'[39m))[33m.[39mtoContainText([32m'Actividad'[39m)[33m;[39m
     [90m    |[39m                                      [31m[1m^[22m[39m
     [90m 56 |[39m
     [90m 57 |[39m     [90m// Filter to Rides[39m
     [90m 58 |[39m     [36mconst[39m typeFilter [33m=[39m page[33m.[39mlocator([32m'select'[39m)[33m.[39mfirst()[33m;[39m[0m
    [2m    at C:\Users\USER1\going-monorepo-clean\apps\frontend-webapp-e2e\src\transport.spec.ts:55:38[22m

[2m    attachment #1: [1mscreenshot[2m (image/png) [2mÔöÇÔöÇÔöÇÔöÇÔöÇÔöÇÔöÇÔöÇÔöÇÔöÇÔöÇÔöÇÔöÇÔöÇÔöÇÔöÇÔöÇÔöÇÔöÇÔöÇÔöÇÔöÇÔöÇÔöÇÔöÇÔöÇÔöÇÔöÇÔöÇÔöÇÔöÇÔöÇÔöÇÔöÇÔöÇÔöÇÔöÇÔöÇÔöÇÔöÇÔöÇÔöÇÔöÇÔöÇÔöÇÔöÇÔöÇÔöÇÔöÇÔöÇÔöÇÔöÇÔöÇÔöÇÔöÇÔöÇÔöÇÔöÇ[2m[22m
[2m    ..\..\dist\.playwright\apps\frontend-webapp-e2e\test-output\transport-Transport-Flow-s-2af51-e-transport-list-with-rides-chromium\test-failed-1.png[22m
[2m    [2mÔöÇÔöÇÔöÇÔöÇÔöÇÔöÇÔöÇÔöÇÔöÇÔöÇÔöÇÔöÇÔöÇÔöÇÔöÇÔöÇÔöÇÔöÇÔöÇÔöÇÔöÇÔöÇÔöÇÔöÇÔöÇÔöÇÔöÇÔöÇÔöÇÔöÇÔöÇÔöÇÔöÇÔöÇÔöÇÔöÇÔöÇÔöÇÔöÇÔöÇÔöÇÔöÇÔöÇÔöÇÔöÇÔöÇÔöÇÔöÇÔöÇÔöÇÔöÇÔöÇÔöÇÔöÇÔöÇÔöÇÔöÇÔöÇÔöÇÔöÇÔöÇÔöÇÔöÇÔöÇÔöÇÔöÇÔöÇÔöÇÔöÇÔöÇÔöÇÔöÇÔöÇÔöÇÔöÇÔöÇÔöÇÔöÇÔöÇÔöÇÔöÇÔöÇÔöÇÔöÇÔöÇÔöÇÔöÇÔöÇÔöÇÔöÇÔöÇÔöÇÔöÇÔöÇÔöÇÔöÇ[2m[22m

[2m    Error Context: ..\..\dist\.playwright\apps\frontend-webapp-e2e\test-output\transport-Transport-Flow-s-2af51-e-transport-list-with-rides-chromium\error-context.md[22m


[1A[2K[31m  1 failed[39m
[31m    [chromium] ÔÇ║ src\transport.spec.ts:51:7 ÔÇ║ Transport Flow ÔÇ║ should display the transport list with rides [39m



 NX   Running target e2e for project frontend-webapp-e2e and 1 task it depends on failed

Failed tasks:

- frontend-webapp-e2e:e2e

Hint: run the command with --verbose for more details.

Warning: command "playwright test transport.spec.ts" exited with non-zero status code
