
 NX   Running target e2e for project frontend-webapp-e2e and 1 task it depends on:



> nx run frontend-webapp:serve:development


> nx run frontend-webapp-e2e:e2e transport.spec.ts

> playwright test transport.spec.ts

  [32mÔ×£[39m  [1mLocal[22m:   [36mhttp://localhost:[1m4200[22m/[39m
  [32mÔ×£[39m  [1mNetwork[22m: [36mhttp://10.2.0.2:[1m4200[22m/[39m
  [32mÔ×£[39m  [1mNetwork[22m: [36mhttp://192.168.1.24:[1m4200[22m/[39m
  [32mÔ×£[39m  [1mNetwork[22m: [36mhttp://172.26.160.1:[1m4200[22m/[39m

[2mRunning [22m1[2m test using [22m1[2m worker[22m

[1A[2K[1/1] [chromium] ÔÇ║ src\transport.spec.ts:51:7 ÔÇ║ Transport Flow ÔÇ║ should display the transport list with rides
[1A[2K[31m  1) [chromium] ÔÇ║ src\transport.spec.ts:51:7 ÔÇ║ Transport Flow ÔÇ║ should display the transport list with rides [39m

    Error: browserType.launch: Executable doesn't exist at C:\Users\USER1\AppData\Local\ms-playwright\chromium_headless_shell-1200\chrome-headless-shell-win64\chrome-headless-shell.exe
    ÔòöÔòÉÔòÉÔòÉÔòÉÔòÉÔòÉÔòÉÔòÉÔòÉÔòÉÔòÉÔòÉÔòÉÔòÉÔòÉÔòÉÔòÉÔòÉÔòÉÔòÉÔòÉÔòÉÔòÉÔòÉÔòÉÔòÉÔòÉÔòÉÔòÉÔòÉÔòÉÔòÉÔòÉÔòÉÔòÉÔòÉÔòÉÔòÉÔòÉÔòÉÔòÉÔòÉÔòÉÔòÉÔòÉÔòÉÔòÉÔòÉÔòÉÔòÉÔòÉÔòÉÔòÉÔòÉÔòÉÔòÉÔòÉÔòÉÔòÉÔòÉÔòÉÔòÉÔòÉÔòÉÔòÉÔòÉÔòÉÔòÉÔòÉÔòÉÔòÉÔòÉÔòÉÔòù
    Ôòæ Looks like Playwright Test or Playwright was just installed or updated. Ôòæ
    Ôòæ Please run the following command to download new browsers:              Ôòæ
    Ôòæ                                                                         Ôòæ
    Ôòæ     npx playwright install                                              Ôòæ
    Ôòæ                                                                         Ôòæ
    Ôòæ <3 Playwright Team                                                      Ôòæ
    ÔòÜÔòÉÔòÉÔòÉÔòÉÔòÉÔòÉÔòÉÔòÉÔòÉÔòÉÔòÉÔòÉÔòÉÔòÉÔòÉÔòÉÔòÉÔòÉÔòÉÔòÉÔòÉÔòÉÔòÉÔòÉÔòÉÔòÉÔòÉÔòÉÔòÉÔòÉÔòÉÔòÉÔòÉÔòÉÔòÉÔòÉÔòÉÔòÉÔòÉÔòÉÔòÉÔòÉÔòÉÔòÉÔòÉÔòÉÔòÉÔòÉÔòÉÔòÉÔòÉÔòÉÔòÉÔòÉÔòÉÔòÉÔòÉÔòÉÔòÉÔòÉÔòÉÔòÉÔòÉÔòÉÔòÉÔòÉÔòÉÔòÉÔòÉÔòÉÔòÉÔòÉÔòÉÔòØ


[1A[2K[31m  1 failed[39m
[31m    [chromium] ÔÇ║ src\transport.spec.ts:51:7 ÔÇ║ Transport Flow ÔÇ║ should display the transport list with rides [39m



 NX   Running target e2e for project frontend-webapp-e2e and 1 task it depends on failed

Failed tasks:

- frontend-webapp-e2e:e2e

Hint: run the command with --verbose for more details.

Warning: command "playwright test transport.spec.ts" exited with non-zero status code
