[0m[1mgoogle_compute_network.vite_vpc: Refreshing state... [id=projects/going-5d1ae/global/networks/vite-vpc-prod][0m
[0m[1mgoogle_secret_manager_secret.twilio_account_sid: Refreshing state... [id=projects/going-5d1ae/secrets/TWILIO_ACCOUNT_SID-prod][0m
[0m[1mgoogle_secret_manager_secret.twilio_auth_token: Refreshing state... [id=projects/going-5d1ae/secrets/TWILIO_AUTH_TOKEN-prod][0m
[0m[1mgoogle_artifact_registry_repository.repo: Refreshing state... [id=projects/going-5d1ae/locations/us-central1/repositories/going-repo-prod][0m
[0m[1mgoogle_secret_manager_secret.firebase_project_id: Refreshing state... [id=projects/going-5d1ae/secrets/FIREBASE_PROJECT_ID-prod][0m
[0m[1mgoogle_secret_manager_secret.db_url: Refreshing state... [id=projects/going-5d1ae/secrets/DATABASE_URL-prod][0m
[0m[1mgoogle_secret_manager_secret.kushki_public_key: Refreshing state... [id=projects/going-5d1ae/secrets/KUSHKI_PUBLIC_KEY-prod][0m
[0m[1mgoogle_secret_manager_secret.jwt_secret: Refreshing state... [id=projects/going-5d1ae/secrets/JWT_SECRET-prod][0m
[0m[1mgoogle_secret_manager_secret.kushki_private_key: Refreshing state... [id=projects/going-5d1ae/secrets/KUSHKI_PRIVATE_KEY-prod][0m
[0m[1mgoogle_vpc_access_connector.connector: Refreshing state... [id=projects/going-5d1ae/locations/us-central1/connectors/vpc-conn-prod][0m
[0m[1mgoogle_redis_instance.cache: Refreshing state... [id=projects/going-5d1ae/locations/us-central1/instances/going-redis-prod][0m
[0m[1mgoogle_compute_global_address.private_ip_address: Refreshing state... [id=projects/going-5d1ae/global/addresses/private-ip-address-prod][0m
[0m[1mgoogle_compute_subnetwork.vite_subnet: Refreshing state... [id=projects/going-5d1ae/regions/us-central1/subnetworks/vite-subnet-prod][0m
[0m[1mgoogle_cloud_run_service.frontend_webapp: Refreshing state... [id=locations/us-central1/namespaces/going-5d1ae/services/frontend-webapp-prod][0m
[0m[1mgoogle_cloud_run_service.admin_dashboard: Refreshing state... [id=locations/us-central1/namespaces/going-5d1ae/services/admin-dashboard-prod][0m
[0m[1mgoogle_secret_manager_secret_version.twilio_account_sid_val: Refreshing state... [id=projects/780842550857/secrets/TWILIO_ACCOUNT_SID-prod/versions/1][0m
[0m[1mgoogle_secret_manager_secret_version.firebase_project_id_val: Refreshing state... [id=projects/780842550857/secrets/FIREBASE_PROJECT_ID-prod/versions/1][0m
[0m[1mgoogle_secret_manager_secret_version.twilio_auth_token_val: Refreshing state... [id=projects/780842550857/secrets/TWILIO_AUTH_TOKEN-prod/versions/1][0m
[0m[1mgoogle_secret_manager_secret_version.kushki_public_key_val: Refreshing state... [id=projects/780842550857/secrets/KUSHKI_PUBLIC_KEY-prod/versions/1][0m
[0m[1mgoogle_secret_manager_secret_version.kushki_private_key_val: Refreshing state... [id=projects/780842550857/secrets/KUSHKI_PRIVATE_KEY-prod/versions/1][0m
[0m[1mgoogle_secret_manager_secret_version.jwt_secret_val: Refreshing state... [id=projects/780842550857/secrets/JWT_SECRET-prod/versions/1][0m
[0m[1mgoogle_service_networking_connection.private_vpc_connection: Refreshing state... [id=projects%2Fgoing-5d1ae%2Fglobal%2Fnetworks%2Fvite-vpc-prod:servicenetworking.googleapis.com][0m
[0m[1mgoogle_sql_database_instance.main: Refreshing state... [id=going-db-prod][0m
[0m[1mgoogle_secret_manager_secret_version.db_url_val: Refreshing state... [id=projects/780842550857/secrets/DATABASE_URL-prod/versions/1][0m
[0m[1mgoogle_sql_database.database: Refreshing state... [id=projects/going-5d1ae/instances/going-db-prod/databases/going_db][0m
[0m[1mgoogle_sql_user.users: Refreshing state... [id=going_user//going-db-prod][0m
[0m[1mgoogle_cloud_run_v2_job.migration_job: Refreshing state... [id=projects/going-5d1ae/locations/us-central1/jobs/migration-job-prod][0m

[1m[36mNote:[0m[1m Objects have changed outside of Terraform
[0m
Terraform detected the following changes made outside of Terraform since the
last "terraform apply" which may have affected this plan:

[1m  # google_cloud_run_service.admin_dashboard[0m has changed
[0m  [33m~[0m[0m resource "google_cloud_run_service" "admin_dashboard" {
        id                         = "locations/us-central1/namespaces/going-5d1ae/services/admin-dashboard-prod"
        name                       = "admin-dashboard-prod"
      [32m+[0m[0m status                     = [
          [32m+[0m[0m {
              [32m+[0m[0m conditions                   = [
                  [32m+[0m[0m {
                      [32m+[0m[0m message = "Image 'us-central1-docker.pkg.dev/going-5d1ae/going-repo-prod/admin-dashboard:latest' not found."
                      [32m+[0m[0m reason  = "RevisionFailed"
                      [32m+[0m[0m status  = "False"
                      [32m+[0m[0m type    = "Ready"
                    },
                  [32m+[0m[0m {
                      [32m+[0m[0m message = "Image 'us-central1-docker.pkg.dev/going-5d1ae/going-repo-prod/admin-dashboard:latest' not found."
                      [32m+[0m[0m status  = "False"
                      [32m+[0m[0m type    = "ConfigurationsReady"
                        [90m# (1 unchanged attribute hidden)[0m[0m
                    },
                  [32m+[0m[0m {
                      [32m+[0m[0m message = "Image 'us-central1-docker.pkg.dev/going-5d1ae/going-repo-prod/admin-dashboard:latest' not found."
                      [32m+[0m[0m reason  = "RevisionFailed"
                      [32m+[0m[0m status  = "False"
                      [32m+[0m[0m type    = "RoutesReady"
                    },
                ]
              [32m+[0m[0m latest_created_revision_name = "admin-dashboard-prod-00001-5dp"
              [32m+[0m[0m observed_generation          = 1
              [32m+[0m[0m traffic                      = []
                [90m# (2 unchanged attributes hidden)[0m[0m
            },
        ]
        [90m# (3 unchanged attributes hidden)[0m[0m

        [90m# (2 unchanged blocks hidden)[0m[0m
    }

[1m  # google_cloud_run_service.frontend_webapp[0m has changed
[0m  [33m~[0m[0m resource "google_cloud_run_service" "frontend_webapp" {
        id                         = "locations/us-central1/namespaces/going-5d1ae/services/frontend-webapp-prod"
        name                       = "frontend-webapp-prod"
      [32m+[0m[0m status                     = [
          [32m+[0m[0m {
              [32m+[0m[0m conditions                   = [
                  [32m+[0m[0m {
                      [32m+[0m[0m message = "Image 'us-central1-docker.pkg.dev/going-5d1ae/going-repo-prod/frontend-webapp:latest' not found."
                      [32m+[0m[0m reason  = "RevisionFailed"
                      [32m+[0m[0m status  = "False"
                      [32m+[0m[0m type    = "Ready"
                    },
                  [32m+[0m[0m {
                      [32m+[0m[0m message = "Image 'us-central1-docker.pkg.dev/going-5d1ae/going-repo-prod/frontend-webapp:latest' not found."
                      [32m+[0m[0m status  = "False"
                      [32m+[0m[0m type    = "ConfigurationsReady"
                        [90m# (1 unchanged attribute hidden)[0m[0m
                    },
                  [32m+[0m[0m {
                      [32m+[0m[0m message = "Image 'us-central1-docker.pkg.dev/going-5d1ae/going-repo-prod/frontend-webapp:latest' not found."
                      [32m+[0m[0m reason  = "RevisionFailed"
                      [32m+[0m[0m status  = "False"
                      [32m+[0m[0m type    = "RoutesReady"
                    },
                ]
              [32m+[0m[0m latest_created_revision_name = "frontend-webapp-prod-00001-9nw"
              [32m+[0m[0m observed_generation          = 1
              [32m+[0m[0m traffic                      = []
                [90m# (2 unchanged attributes hidden)[0m[0m
            },
        ]
        [90m# (3 unchanged attributes hidden)[0m[0m

        [90m# (2 unchanged blocks hidden)[0m[0m
    }


Unless you have made equivalent changes to your configuration, or ignored the
relevant attributes using ignore_changes, the following plan may include
actions to undo or respond to these changes.
[90m
ÔöÇÔöÇÔöÇÔöÇÔöÇÔöÇÔöÇÔöÇÔöÇÔöÇÔöÇÔöÇÔöÇÔöÇÔöÇÔöÇÔöÇÔöÇÔöÇÔöÇÔöÇÔöÇÔöÇÔöÇÔöÇÔöÇÔöÇÔöÇÔöÇÔöÇÔöÇÔöÇÔöÇÔöÇÔöÇÔöÇÔöÇÔöÇÔöÇÔöÇÔöÇÔöÇÔöÇÔöÇÔöÇÔöÇÔöÇÔöÇÔöÇÔöÇÔöÇÔöÇÔöÇÔöÇÔöÇÔöÇÔöÇÔöÇÔöÇÔöÇÔöÇÔöÇÔöÇÔöÇÔöÇÔöÇÔöÇÔöÇÔöÇÔöÇÔöÇÔöÇÔöÇÔöÇÔöÇÔöÇÔöÇ[0m

Terraform used the selected providers to generate the following execution
plan. Resource actions are indicated with the following symbols:
  [32m+[0m create[0m
[31m-[0m/[32m+[0m destroy and then create replacement[0m

Terraform will perform the following actions:

[1m  # google_cloud_run_service.admin_dashboard[0m is tainted, so must be [1m[31mreplaced[0m
[0m[31m-[0m/[32m+[0m[0m resource "google_cloud_run_service" "admin_dashboard" {
      [33m~[0m[0m id                         = "locations/us-central1/namespaces/going-5d1ae/services/admin-dashboard-prod" -> (known after apply)
        name                       = "admin-dashboard-prod"
      [33m~[0m[0m status                     = [
          [31m-[0m[0m {
              [31m-[0m[0m conditions                   = [
                  [31m-[0m[0m {
                      [31m-[0m[0m message = "Image 'us-central1-docker.pkg.dev/going-5d1ae/going-repo-prod/admin-dashboard:latest' not found."
                      [31m-[0m[0m reason  = "RevisionFailed"
                      [31m-[0m[0m status  = "False"
                      [31m-[0m[0m type    = "Ready"
                    },
                  [31m-[0m[0m {
                      [31m-[0m[0m message = "Image 'us-central1-docker.pkg.dev/going-5d1ae/going-repo-prod/admin-dashboard:latest' not found."
                      [31m-[0m[0m status  = "False"
                      [31m-[0m[0m type    = "ConfigurationsReady"
                        [90m# (1 unchanged attribute hidden)[0m[0m
                    },
                  [31m-[0m[0m {
                      [31m-[0m[0m message = "Image 'us-central1-docker.pkg.dev/going-5d1ae/going-repo-prod/admin-dashboard:latest' not found."
                      [31m-[0m[0m reason  = "RevisionFailed"
                      [31m-[0m[0m status  = "False"
                      [31m-[0m[0m type    = "RoutesReady"
                    },
                ]
              [31m-[0m[0m latest_created_revision_name = "admin-dashboard-prod-00001-5dp"
              [31m-[0m[0m observed_generation          = 1
              [31m-[0m[0m traffic                      = []
                [90m# (2 unchanged attributes hidden)[0m[0m
            },
        ] -> (known after apply)
        [90m# (3 unchanged attributes hidden)[0m[0m

      [33m~[0m[0m metadata (known after apply)
      [31m-[0m[0m metadata {
          [31m-[0m[0m annotations           = {} [90m-> null[0m[0m
          [31m-[0m[0m effective_annotations = {
              [31m-[0m[0m "run.googleapis.com/ingress"        = "all"
              [31m-[0m[0m "run.googleapis.com/ingress-status" = "all"
              [31m-[0m[0m "run.googleapis.com/maxScale"       = "20"
              [31m-[0m[0m "run.googleapis.com/operation-id"   = "47a572b6-65f5-42c7-ae86-952a23bf86e2"
              [31m-[0m[0m "run.googleapis.com/urls"           = jsonencode(
                    [
                      [31m-[0m[0m "https://admin-dashboard-prod-780842550857.us-central1.run.app",
                    ]
                )
              [31m-[0m[0m "serving.knative.dev/creator"       = "rubenmeister@gmail.com"
              [31m-[0m[0m "serving.knative.dev/lastModifier"  = "rubenmeister@gmail.com"
            } [90m-> null[0m[0m
          [31m-[0m[0m effective_labels      = {
              [31m-[0m[0m "cloud.googleapis.com/location" = "us-central1"
            } [90m-> null[0m[0m
          [31m-[0m[0m generation            = 1 [90m-> null[0m[0m
          [31m-[0m[0m labels                = {} [90m-> null[0m[0m
          [31m-[0m[0m namespace             = "going-5d1ae" [90m-> null[0m[0m
          [31m-[0m[0m resource_version      = "AAZH/zBcHHs" [90m-> null[0m[0m
          [31m-[0m[0m self_link             = "/apis/serving.knative.dev/v1/namespaces/780842550857/services/admin-dashboard-prod" [90m-> null[0m[0m
          [31m-[0m[0m terraform_labels      = {} [90m-> null[0m[0m
          [31m-[0m[0m uid                   = "5b3310b7-e816-4652-93b4-964cb66b29d9" [90m-> null[0m[0m
        }

      [33m~[0m[0m template {
          [33m~[0m[0m metadata (known after apply)
          [31m-[0m[0m metadata {
              [31m-[0m[0m annotations      = {} [90m-> null[0m[0m
              [31m-[0m[0m generation       = 0 [90m-> null[0m[0m
              [31m-[0m[0m labels           = {
                  [31m-[0m[0m "run.googleapis.com/startupProbeType" = "Default"
                } [90m-> null[0m[0m
                name             = [90mnull[0m[0m
                [90m# (4 unchanged attributes hidden)[0m[0m
            }
          [33m~[0m[0m spec {
              [33m~[0m[0m container_concurrency = 80 -> (known after apply)
              [33m~[0m[0m service_account_name  = "780842550857-compute@developer.gserviceaccount.com" -> (known after apply)
              [32m+[0m[0m serving_state         = (known after apply)
              [33m~[0m[0m timeout_seconds       = 300 -> (known after apply)

              [33m~[0m[0m containers {
                  [31m-[0m[0m args        = [] [90m-> null[0m[0m
                  [31m-[0m[0m command     = [] [90m-> null[0m[0m
                  [32m+[0m[0m name        = (known after apply)
                    [90m# (2 unchanged attributes hidden)[0m[0m

                  [33m~[0m[0m ports {
                      [33m~[0m[0m name           = "http1" -> (known after apply)
                        [90m# (2 unchanged attributes hidden)[0m[0m
                    }

                  [33m~[0m[0m resources (known after apply)
                  [31m-[0m[0m resources {
                      [31m-[0m[0m limits   = {
                          [31m-[0m[0m "cpu"    = "1000m"
                          [31m-[0m[0m "memory" = "512Mi"
                        } [90m-> null[0m[0m
                      [31m-[0m[0m requests = {} [90m-> null[0m[0m
                    }

                  [33m~[0m[0m startup_probe (known after apply)
                  [31m-[0m[0m startup_probe {
                      [31m-[0m[0m failure_threshold     = 1 [90m-> null[0m[0m
                      [31m-[0m[0m initial_delay_seconds = 0 [90m-> null[0m[0m
                      [31m-[0m[0m period_seconds        = 240 [90m-> null[0m[0m
                      [31m-[0m[0m timeout_seconds       = 240 [90m-> null[0m[0m

                      [31m-[0m[0m tcp_socket {
                          [31m-[0m[0m port = 3000 [90m-> null[0m[0m
                        }
                    }

                    [90m# (1 unchanged block hidden)[0m[0m
                }
            }
        }

      [33m~[0m[0m traffic {
          [32m+[0m[0m url             = (known after apply)
            [90m# (4 unchanged attributes hidden)[0m[0m
        }
    }

[1m  # google_cloud_run_service.default["api-gateway"][0m will be created
[0m  [32m+[0m[0m resource "google_cloud_run_service" "default" {
      [32m+[0m[0m autogenerate_revision_name = false
      [32m+[0m[0m id                         = (known after apply)
      [32m+[0m[0m location                   = "us-central1"
      [32m+[0m[0m name                       = "api-gateway-prod"
      [32m+[0m[0m project                    = "going-5d1ae"
      [32m+[0m[0m status                     = (known after apply)

      [32m+[0m[0m metadata (known after apply)

      [32m+[0m[0m template {
          [32m+[0m[0m metadata {
              [32m+[0m[0m annotations      = {
                  [32m+[0m[0m "autoscaling.knative.dev/maxScale"        = "10"
                  [32m+[0m[0m "autoscaling.knative.dev/minScale"        = "1"
                  [32m+[0m[0m "run.googleapis.com/vpc-access-connector" = "vpc-conn-prod"
                  [32m+[0m[0m "run.googleapis.com/vpc-access-egress"    = "private-ranges-only"
                }
              [32m+[0m[0m generation       = (known after apply)
              [32m+[0m[0m labels           = (known after apply)
              [32m+[0m[0m name             = (known after apply)
              [32m+[0m[0m namespace        = (known after apply)
              [32m+[0m[0m resource_version = (known after apply)
              [32m+[0m[0m self_link        = (known after apply)
              [32m+[0m[0m uid              = (known after apply)
            }
          [32m+[0m[0m spec {
              [32m+[0m[0m container_concurrency = (known after apply)
              [32m+[0m[0m service_account_name  = (known after apply)
              [32m+[0m[0m serving_state         = (known after apply)
              [32m+[0m[0m timeout_seconds       = (known after apply)

              [32m+[0m[0m containers {
                  [32m+[0m[0m image = "us-central1-docker.pkg.dev/going-5d1ae/going-repo-prod/api-gateway:latest"
                  [32m+[0m[0m name  = (known after apply)

                  [32m+[0m[0m env {
                      [32m+[0m[0m name  = "BOOKING_SERVICE_URL"
                      [32m+[0m[0m value = "https://booking-service-prod-us-central1.a.run.app"
                    }
                  [32m+[0m[0m env {
                      [32m+[0m[0m name  = "DATABASE_URL"
                        [90m# (1 unchanged attribute hidden)[0m[0m

                      [32m+[0m[0m value_from {
                          [32m+[0m[0m secret_key_ref {
                              [32m+[0m[0m key  = "latest"
                              [32m+[0m[0m name = "DATABASE_URL-prod"
                            }
                        }
                    }
                  [32m+[0m[0m env {
                      [32m+[0m[0m name  = "EXPERIENCE_SERVICE_URL"
                      [32m+[0m[0m value = "https://experience-service-prod-us-central1.a.run.app"
                    }
                  [32m+[0m[0m env {
                      [32m+[0m[0m name  = "HOST_SERVICE_URL"
                      [32m+[0m[0m value = "https://host-service-prod-us-central1.a.run.app"
                    }
                  [32m+[0m[0m env {
                      [32m+[0m[0m name  = "JWT_SECRET"
                        [90m# (1 unchanged attribute hidden)[0m[0m

                      [32m+[0m[0m value_from {
                          [32m+[0m[0m secret_key_ref {
                              [32m+[0m[0m key  = "latest"
                              [32m+[0m[0m name = "JWT_SECRET-prod"
                            }
                        }
                    }
                  [32m+[0m[0m env {
                      [32m+[0m[0m name  = "NODE_ENV"
                      [32m+[0m[0m value = "production"
                    }
                  [32m+[0m[0m env {
                      [32m+[0m[0m name  = "NOTIFICATIONS_SERVICE_URL"
                      [32m+[0m[0m value = "https://notifications-service-prod-us-central1.a.run.app"
                    }
                  [32m+[0m[0m env {
                      [32m+[0m[0m name  = "PARCEL_SERVICE_URL"
                      [32m+[0m[0m value = "https://parcel-service-prod-us-central1.a.run.app"
                    }
                  [32m+[0m[0m env {
                      [32m+[0m[0m name  = "PAYMENT_SERVICE_URL"
                      [32m+[0m[0m value = "https://payment-service-prod-us-central1.a.run.app"
                    }
                  [32m+[0m[0m env {
                      [32m+[0m[0m name  = "PORT"
                      [32m+[0m[0m value = "3000"
                    }
                  [32m+[0m[0m env {
                      [32m+[0m[0m name  = "TOURS_SERVICE_URL"
                      [32m+[0m[0m value = "https://tours-service-prod-us-central1.a.run.app"
                    }
                  [32m+[0m[0m env {
                      [32m+[0m[0m name  = "TRACKING_SERVICE_URL"
                      [32m+[0m[0m value = "https://tracking-service-prod-us-central1.a.run.app"
                    }
                  [32m+[0m[0m env {
                      [32m+[0m[0m name  = "TRANSPORT_SERVICE_URL"
                      [32m+[0m[0m value = "https://transport-service-prod-us-central1.a.run.app"
                    }
                  [32m+[0m[0m env {
                      [32m+[0m[0m name  = "USER_AUTH_SERVICE_URL"
                      [32m+[0m[0m value = "https://user-auth-service-prod-us-central1.a.run.app"
                    }

                  [32m+[0m[0m ports {
                      [32m+[0m[0m container_port = 3000
                      [32m+[0m[0m name           = (known after apply)
                    }

                  [32m+[0m[0m resources {
                      [32m+[0m[0m limits = {
                          [32m+[0m[0m "cpu"    = "1000m"
                          [32m+[0m[0m "memory" = "512Mi"
                        }
                    }

                  [32m+[0m[0m startup_probe (known after apply)
                }
            }
        }

      [32m+[0m[0m traffic {
          [32m+[0m[0m latest_revision = true
          [32m+[0m[0m percent         = 100
          [32m+[0m[0m url             = (known after apply)
        }
    }

[1m  # google_cloud_run_service.default["booking-service"][0m will be created
[0m  [32m+[0m[0m resource "google_cloud_run_service" "default" {
      [32m+[0m[0m autogenerate_revision_name = false
      [32m+[0m[0m id                         = (known after apply)
      [32m+[0m[0m location                   = "us-central1"
      [32m+[0m[0m name                       = "booking-service-prod"
      [32m+[0m[0m project                    = "going-5d1ae"
      [32m+[0m[0m status                     = (known after apply)

      [32m+[0m[0m metadata (known after apply)

      [32m+[0m[0m template {
          [32m+[0m[0m metadata {
              [32m+[0m[0m annotations      = {
                  [32m+[0m[0m "autoscaling.knative.dev/maxScale"        = "10"
                  [32m+[0m[0m "autoscaling.knative.dev/minScale"        = "1"
                  [32m+[0m[0m "run.googleapis.com/vpc-access-connector" = "vpc-conn-prod"
                  [32m+[0m[0m "run.googleapis.com/vpc-access-egress"    = "private-ranges-only"
                }
              [32m+[0m[0m generation       = (known after apply)
              [32m+[0m[0m labels           = (known after apply)
              [32m+[0m[0m name             = (known after apply)
              [32m+[0m[0m namespace        = (known after apply)
              [32m+[0m[0m resource_version = (known after apply)
              [32m+[0m[0m self_link        = (known after apply)
              [32m+[0m[0m uid              = (known after apply)
            }
          [32m+[0m[0m spec {
              [32m+[0m[0m container_concurrency = (known after apply)
              [32m+[0m[0m service_account_name  = (known after apply)
              [32m+[0m[0m serving_state         = (known after apply)
              [32m+[0m[0m timeout_seconds       = (known after apply)

              [32m+[0m[0m containers {
                  [32m+[0m[0m image = "us-central1-docker.pkg.dev/going-5d1ae/going-repo-prod/booking-service:latest"
                  [32m+[0m[0m name  = (known after apply)

                  [32m+[0m[0m env {
                      [32m+[0m[0m name  = "DATABASE_URL"
                        [90m# (1 unchanged attribute hidden)[0m[0m

                      [32m+[0m[0m value_from {
                          [32m+[0m[0m secret_key_ref {
                              [32m+[0m[0m key  = "latest"
                              [32m+[0m[0m name = "DATABASE_URL-prod"
                            }
                        }
                    }
                  [32m+[0m[0m env {
                      [32m+[0m[0m name  = "NODE_ENV"
                      [32m+[0m[0m value = "production"
                    }
                  [32m+[0m[0m env {
                      [32m+[0m[0m name  = "PORT"
                      [32m+[0m[0m value = "3006"
                    }

                  [32m+[0m[0m ports {
                      [32m+[0m[0m container_port = 3006
                      [32m+[0m[0m name           = (known after apply)
                    }

                  [32m+[0m[0m resources {
                      [32m+[0m[0m limits = {
                          [32m+[0m[0m "cpu"    = "1000m"
                          [32m+[0m[0m "memory" = "512Mi"
                        }
                    }

                  [32m+[0m[0m startup_probe (known after apply)
                }
            }
        }

      [32m+[0m[0m traffic {
          [32m+[0m[0m latest_revision = true
          [32m+[0m[0m percent         = 100
          [32m+[0m[0m url             = (known after apply)
        }
    }

[1m  # google_cloud_run_service.default["experience-service"][0m will be created
[0m  [32m+[0m[0m resource "google_cloud_run_service" "default" {
      [32m+[0m[0m autogenerate_revision_name = false
      [32m+[0m[0m id                         = (known after apply)
      [32m+[0m[0m location                   = "us-central1"
      [32m+[0m[0m name                       = "experience-service-prod"
      [32m+[0m[0m project                    = "going-5d1ae"
      [32m+[0m[0m status                     = (known after apply)

      [32m+[0m[0m metadata (known after apply)

      [32m+[0m[0m template {
          [32m+[0m[0m metadata {
              [32m+[0m[0m annotations      = {
                  [32m+[0m[0m "autoscaling.knative.dev/maxScale"        = "10"
                  [32m+[0m[0m "autoscaling.knative.dev/minScale"        = "1"
                  [32m+[0m[0m "run.googleapis.com/vpc-access-connector" = "vpc-conn-prod"
                  [32m+[0m[0m "run.googleapis.com/vpc-access-egress"    = "private-ranges-only"
                }
              [32m+[0m[0m generation       = (known after apply)
              [32m+[0m[0m labels           = (known after apply)
              [32m+[0m[0m name             = (known after apply)
              [32m+[0m[0m namespace        = (known after apply)
              [32m+[0m[0m resource_version = (known after apply)
              [32m+[0m[0m self_link        = (known after apply)
              [32m+[0m[0m uid              = (known after apply)
            }
          [32m+[0m[0m spec {
              [32m+[0m[0m container_concurrency = (known after apply)
              [32m+[0m[0m service_account_name  = (known after apply)
              [32m+[0m[0m serving_state         = (known after apply)
              [32m+[0m[0m timeout_seconds       = (known after apply)

              [32m+[0m[0m containers {
                  [32m+[0m[0m image = "us-central1-docker.pkg.dev/going-5d1ae/going-repo-prod/experience-service:latest"
                  [32m+[0m[0m name  = (known after apply)

                  [32m+[0m[0m env {
                      [32m+[0m[0m name  = "DATABASE_URL"
                        [90m# (1 unchanged attribute hidden)[0m[0m

                      [32m+[0m[0m value_from {
                          [32m+[0m[0m secret_key_ref {
                              [32m+[0m[0m key  = "latest"
                              [32m+[0m[0m name = "DATABASE_URL-prod"
                            }
                        }
                    }
                  [32m+[0m[0m env {
                      [32m+[0m[0m name  = "NODE_ENV"
                      [32m+[0m[0m value = "production"
                    }
                  [32m+[0m[0m env {
                      [32m+[0m[0m name  = "PORT"
                      [32m+[0m[0m value = "3008"
                    }

                  [32m+[0m[0m ports {
                      [32m+[0m[0m container_port = 3008
                      [32m+[0m[0m name           = (known after apply)
                    }

                  [32m+[0m[0m resources {
                      [32m+[0m[0m limits = {
                          [32m+[0m[0m "cpu"    = "1000m"
                          [32m+[0m[0m "memory" = "512Mi"
                        }
                    }

                  [32m+[0m[0m startup_probe (known after apply)
                }
            }
        }

      [32m+[0m[0m traffic {
          [32m+[0m[0m latest_revision = true
          [32m+[0m[0m percent         = 100
          [32m+[0m[0m url             = (known after apply)
        }
    }

[1m  # google_cloud_run_service.default["host-service"][0m will be created
[0m  [32m+[0m[0m resource "google_cloud_run_service" "default" {
      [32m+[0m[0m autogenerate_revision_name = false
      [32m+[0m[0m id                         = (known after apply)
      [32m+[0m[0m location                   = "us-central1"
      [32m+[0m[0m name                       = "host-service-prod"
      [32m+[0m[0m project                    = "going-5d1ae"
      [32m+[0m[0m status                     = (known after apply)

      [32m+[0m[0m metadata (known after apply)

      [32m+[0m[0m template {
          [32m+[0m[0m metadata {
              [32m+[0m[0m annotations      = {
                  [32m+[0m[0m "autoscaling.knative.dev/maxScale"        = "10"
                  [32m+[0m[0m "autoscaling.knative.dev/minScale"        = "1"
                  [32m+[0m[0m "run.googleapis.com/vpc-access-connector" = "vpc-conn-prod"
                  [32m+[0m[0m "run.googleapis.com/vpc-access-egress"    = "private-ranges-only"
                }
              [32m+[0m[0m generation       = (known after apply)
              [32m+[0m[0m labels           = (known after apply)
              [32m+[0m[0m name             = (known after apply)
              [32m+[0m[0m namespace        = (known after apply)
              [32m+[0m[0m resource_version = (known after apply)
              [32m+[0m[0m self_link        = (known after apply)
              [32m+[0m[0m uid              = (known after apply)
            }
          [32m+[0m[0m spec {
              [32m+[0m[0m container_concurrency = (known after apply)
              [32m+[0m[0m service_account_name  = (known after apply)
              [32m+[0m[0m serving_state         = (known after apply)
              [32m+[0m[0m timeout_seconds       = (known after apply)

              [32m+[0m[0m containers {
                  [32m+[0m[0m image = "us-central1-docker.pkg.dev/going-5d1ae/going-repo-prod/host-service:latest"
                  [32m+[0m[0m name  = (known after apply)

                  [32m+[0m[0m env {
                      [32m+[0m[0m name  = "DATABASE_URL"
                        [90m# (1 unchanged attribute hidden)[0m[0m

                      [32m+[0m[0m value_from {
                          [32m+[0m[0m secret_key_ref {
                              [32m+[0m[0m key  = "latest"
                              [32m+[0m[0m name = "DATABASE_URL-prod"
                            }
                        }
                    }
                  [32m+[0m[0m env {
                      [32m+[0m[0m name  = "NODE_ENV"
                      [32m+[0m[0m value = "production"
                    }
                  [32m+[0m[0m env {
                      [32m+[0m[0m name  = "PORT"
                      [32m+[0m[0m value = "3010"
                    }

                  [32m+[0m[0m ports {
                      [32m+[0m[0m container_port = 3010
                      [32m+[0m[0m name           = (known after apply)
                    }

                  [32m+[0m[0m resources {
                      [32m+[0m[0m limits = {
                          [32m+[0m[0m "cpu"    = "1000m"
                          [32m+[0m[0m "memory" = "512Mi"
                        }
                    }

                  [32m+[0m[0m startup_probe (known after apply)
                }
            }
        }

      [32m+[0m[0m traffic {
          [32m+[0m[0m latest_revision = true
          [32m+[0m[0m percent         = 100
          [32m+[0m[0m url             = (known after apply)
        }
    }

[1m  # google_cloud_run_service.default["notifications-service"][0m will be created
[0m  [32m+[0m[0m resource "google_cloud_run_service" "default" {
      [32m+[0m[0m autogenerate_revision_name = false
      [32m+[0m[0m id                         = (known after apply)
      [32m+[0m[0m location                   = "us-central1"
      [32m+[0m[0m name                       = "notifications-service-prod"
      [32m+[0m[0m project                    = "going-5d1ae"
      [32m+[0m[0m status                     = (known after apply)

      [32m+[0m[0m metadata (known after apply)

      [32m+[0m[0m template {
          [32m+[0m[0m metadata {
              [32m+[0m[0m annotations      = {
                  [32m+[0m[0m "autoscaling.knative.dev/maxScale"        = "10"
                  [32m+[0m[0m "autoscaling.knative.dev/minScale"        = "1"
                  [32m+[0m[0m "run.googleapis.com/vpc-access-connector" = "vpc-conn-prod"
                  [32m+[0m[0m "run.googleapis.com/vpc-access-egress"    = "private-ranges-only"
                }
              [32m+[0m[0m generation       = (known after apply)
              [32m+[0m[0m labels           = (known after apply)
              [32m+[0m[0m name             = (known after apply)
              [32m+[0m[0m namespace        = (known after apply)
              [32m+[0m[0m resource_version = (known after apply)
              [32m+[0m[0m self_link        = (known after apply)
              [32m+[0m[0m uid              = (known after apply)
            }
          [32m+[0m[0m spec {
              [32m+[0m[0m container_concurrency = (known after apply)
              [32m+[0m[0m service_account_name  = (known after apply)
              [32m+[0m[0m serving_state         = (known after apply)
              [32m+[0m[0m timeout_seconds       = (known after apply)

              [32m+[0m[0m containers {
                  [32m+[0m[0m image = "us-central1-docker.pkg.dev/going-5d1ae/going-repo-prod/notifications-service:latest"
                  [32m+[0m[0m name  = (known after apply)

                  [32m+[0m[0m env {
                      [32m+[0m[0m name  = "DATABASE_URL"
                        [90m# (1 unchanged attribute hidden)[0m[0m

                      [32m+[0m[0m value_from {
                          [32m+[0m[0m secret_key_ref {
                              [32m+[0m[0m key  = "latest"
                              [32m+[0m[0m name = "DATABASE_URL-prod"
                            }
                        }
                    }
                  [32m+[0m[0m env {
                      [32m+[0m[0m name  = "NODE_ENV"
                      [32m+[0m[0m value = "production"
                    }
                  [32m+[0m[0m env {
                      [32m+[0m[0m name  = "PORT"
                      [32m+[0m[0m value = "3005"
                    }

                  [32m+[0m[0m ports {
                      [32m+[0m[0m container_port = 3005
                      [32m+[0m[0m name           = (known after apply)
                    }

                  [32m+[0m[0m resources {
                      [32m+[0m[0m limits = {
                          [32m+[0m[0m "cpu"    = "1000m"
                          [32m+[0m[0m "memory" = "512Mi"
                        }
                    }

                  [32m+[0m[0m startup_probe (known after apply)
                }
            }
        }

      [32m+[0m[0m traffic {
          [32m+[0m[0m latest_revision = true
          [32m+[0m[0m percent         = 100
          [32m+[0m[0m url             = (known after apply)
        }
    }

[1m  # google_cloud_run_service.default["parcel-service"][0m will be created
[0m  [32m+[0m[0m resource "google_cloud_run_service" "default" {
      [32m+[0m[0m autogenerate_revision_name = false
      [32m+[0m[0m id                         = (known after apply)
      [32m+[0m[0m location                   = "us-central1"
      [32m+[0m[0m name                       = "parcel-service-prod"
      [32m+[0m[0m project                    = "going-5d1ae"
      [32m+[0m[0m status                     = (known after apply)

      [32m+[0m[0m metadata (known after apply)

      [32m+[0m[0m template {
          [32m+[0m[0m metadata {
              [32m+[0m[0m annotations      = {
                  [32m+[0m[0m "autoscaling.knative.dev/maxScale"        = "10"
                  [32m+[0m[0m "autoscaling.knative.dev/minScale"        = "1"
                  [32m+[0m[0m "run.googleapis.com/vpc-access-connector" = "vpc-conn-prod"
                  [32m+[0m[0m "run.googleapis.com/vpc-access-egress"    = "private-ranges-only"
                }
              [32m+[0m[0m generation       = (known after apply)
              [32m+[0m[0m labels           = (known after apply)
              [32m+[0m[0m name             = (known after apply)
              [32m+[0m[0m namespace        = (known after apply)
              [32m+[0m[0m resource_version = (known after apply)
              [32m+[0m[0m self_link        = (known after apply)
              [32m+[0m[0m uid              = (known after apply)
            }
          [32m+[0m[0m spec {
              [32m+[0m[0m container_concurrency = (known after apply)
              [32m+[0m[0m service_account_name  = (known after apply)
              [32m+[0m[0m serving_state         = (known after apply)
              [32m+[0m[0m timeout_seconds       = (known after apply)

              [32m+[0m[0m containers {
                  [32m+[0m[0m image = "us-central1-docker.pkg.dev/going-5d1ae/going-repo-prod/parcel-service:latest"
                  [32m+[0m[0m name  = (known after apply)

                  [32m+[0m[0m env {
                      [32m+[0m[0m name  = "DATABASE_URL"
                        [90m# (1 unchanged attribute hidden)[0m[0m

                      [32m+[0m[0m value_from {
                          [32m+[0m[0m secret_key_ref {
                              [32m+[0m[0m key  = "latest"
                              [32m+[0m[0m name = "DATABASE_URL-prod"
                            }
                        }
                    }
                  [32m+[0m[0m env {
                      [32m+[0m[0m name  = "NODE_ENV"
                      [32m+[0m[0m value = "production"
                    }
                  [32m+[0m[0m env {
                      [32m+[0m[0m name  = "PORT"
                      [32m+[0m[0m value = "3003"
                    }

                  [32m+[0m[0m ports {
                      [32m+[0m[0m container_port = 3003
                      [32m+[0m[0m name           = (known after apply)
                    }

                  [32m+[0m[0m resources {
                      [32m+[0m[0m limits = {
                          [32m+[0m[0m "cpu"    = "1000m"
                          [32m+[0m[0m "memory" = "512Mi"
                        }
                    }

                  [32m+[0m[0m startup_probe (known after apply)
                }
            }
        }

      [32m+[0m[0m traffic {
          [32m+[0m[0m latest_revision = true
          [32m+[0m[0m percent         = 100
          [32m+[0m[0m url             = (known after apply)
        }
    }

[1m  # google_cloud_run_service.default["payment-service"][0m will be created
[0m  [32m+[0m[0m resource "google_cloud_run_service" "default" {
      [32m+[0m[0m autogenerate_revision_name = false
      [32m+[0m[0m id                         = (known after apply)
      [32m+[0m[0m location                   = "us-central1"
      [32m+[0m[0m name                       = "payment-service-prod"
      [32m+[0m[0m project                    = "going-5d1ae"
      [32m+[0m[0m status                     = (known after apply)

      [32m+[0m[0m metadata (known after apply)

      [32m+[0m[0m template {
          [32m+[0m[0m metadata {
              [32m+[0m[0m annotations      = {
                  [32m+[0m[0m "autoscaling.knative.dev/maxScale"        = "10"
                  [32m+[0m[0m "autoscaling.knative.dev/minScale"        = "1"
                  [32m+[0m[0m "run.googleapis.com/vpc-access-connector" = "vpc-conn-prod"
                  [32m+[0m[0m "run.googleapis.com/vpc-access-egress"    = "private-ranges-only"
                }
              [32m+[0m[0m generation       = (known after apply)
              [32m+[0m[0m labels           = (known after apply)
              [32m+[0m[0m name             = (known after apply)
              [32m+[0m[0m namespace        = (known after apply)
              [32m+[0m[0m resource_version = (known after apply)
              [32m+[0m[0m self_link        = (known after apply)
              [32m+[0m[0m uid              = (known after apply)
            }
          [32m+[0m[0m spec {
              [32m+[0m[0m container_concurrency = (known after apply)
              [32m+[0m[0m service_account_name  = (known after apply)
              [32m+[0m[0m serving_state         = (known after apply)
              [32m+[0m[0m timeout_seconds       = (known after apply)

              [32m+[0m[0m containers {
                  [32m+[0m[0m image = "us-central1-docker.pkg.dev/going-5d1ae/going-repo-prod/payment-service:latest"
                  [32m+[0m[0m name  = (known after apply)

                  [32m+[0m[0m env {
                      [32m+[0m[0m name  = "DATABASE_URL"
                        [90m# (1 unchanged attribute hidden)[0m[0m

                      [32m+[0m[0m value_from {
                          [32m+[0m[0m secret_key_ref {
                              [32m+[0m[0m key  = "latest"
                              [32m+[0m[0m name = "DATABASE_URL-prod"
                            }
                        }
                    }
                  [32m+[0m[0m env {
                      [32m+[0m[0m name  = "NODE_ENV"
                      [32m+[0m[0m value = "production"
                    }
                  [32m+[0m[0m env {
                      [32m+[0m[0m name  = "PORT"
                      [32m+[0m[0m value = "3004"
                    }

                  [32m+[0m[0m ports {
                      [32m+[0m[0m container_port = 3004
                      [32m+[0m[0m name           = (known after apply)
                    }

                  [32m+[0m[0m resources {
                      [32m+[0m[0m limits = {
                          [32m+[0m[0m "cpu"    = "1000m"
                          [32m+[0m[0m "memory" = "512Mi"
                        }
                    }

                  [32m+[0m[0m startup_probe (known after apply)
                }
            }
        }

      [32m+[0m[0m traffic {
          [32m+[0m[0m latest_revision = true
          [32m+[0m[0m percent         = 100
          [32m+[0m[0m url             = (known after apply)
        }
    }

[1m  # google_cloud_run_service.default["tours-service"][0m will be created
[0m  [32m+[0m[0m resource "google_cloud_run_service" "default" {
      [32m+[0m[0m autogenerate_revision_name = false
      [32m+[0m[0m id                         = (known after apply)
      [32m+[0m[0m location                   = "us-central1"
      [32m+[0m[0m name                       = "tours-service-prod"
      [32m+[0m[0m project                    = "going-5d1ae"
      [32m+[0m[0m status                     = (known after apply)

      [32m+[0m[0m metadata (known after apply)

      [32m+[0m[0m template {
          [32m+[0m[0m metadata {
              [32m+[0m[0m annotations      = {
                  [32m+[0m[0m "autoscaling.knative.dev/maxScale"        = "10"
                  [32m+[0m[0m "autoscaling.knative.dev/minScale"        = "1"
                  [32m+[0m[0m "run.googleapis.com/vpc-access-connector" = "vpc-conn-prod"
                  [32m+[0m[0m "run.googleapis.com/vpc-access-egress"    = "private-ranges-only"
                }
              [32m+[0m[0m generation       = (known after apply)
              [32m+[0m[0m labels           = (known after apply)
              [32m+[0m[0m name             = (known after apply)
              [32m+[0m[0m namespace        = (known after apply)
              [32m+[0m[0m resource_version = (known after apply)
              [32m+[0m[0m self_link        = (known after apply)
              [32m+[0m[0m uid              = (known after apply)
            }
          [32m+[0m[0m spec {
              [32m+[0m[0m container_concurrency = (known after apply)
              [32m+[0m[0m service_account_name  = (known after apply)
              [32m+[0m[0m serving_state         = (known after apply)
              [32m+[0m[0m timeout_seconds       = (known after apply)

              [32m+[0m[0m containers {
                  [32m+[0m[0m image = "us-central1-docker.pkg.dev/going-5d1ae/going-repo-prod/tours-service:latest"
                  [32m+[0m[0m name  = (known after apply)

                  [32m+[0m[0m env {
                      [32m+[0m[0m name  = "DATABASE_URL"
                        [90m# (1 unchanged attribute hidden)[0m[0m

                      [32m+[0m[0m value_from {
                          [32m+[0m[0m secret_key_ref {
                              [32m+[0m[0m key  = "latest"
                              [32m+[0m[0m name = "DATABASE_URL-prod"
                            }
                        }
                    }
                  [32m+[0m[0m env {
                      [32m+[0m[0m name  = "NODE_ENV"
                      [32m+[0m[0m value = "production"
                    }
                  [32m+[0m[0m env {
                      [32m+[0m[0m name  = "PORT"
                      [32m+[0m[0m value = "3007"
                    }

                  [32m+[0m[0m ports {
                      [32m+[0m[0m container_port = 3007
                      [32m+[0m[0m name           = (known after apply)
                    }

                  [32m+[0m[0m resources {
                      [32m+[0m[0m limits = {
                          [32m+[0m[0m "cpu"    = "1000m"
                          [32m+[0m[0m "memory" = "512Mi"
                        }
                    }

                  [32m+[0m[0m startup_probe (known after apply)
                }
            }
        }

      [32m+[0m[0m traffic {
          [32m+[0m[0m latest_revision = true
          [32m+[0m[0m percent         = 100
          [32m+[0m[0m url             = (known after apply)
        }
    }

[1m  # google_cloud_run_service.default["tracking-service"][0m will be created
[0m  [32m+[0m[0m resource "google_cloud_run_service" "default" {
      [32m+[0m[0m autogenerate_revision_name = false
      [32m+[0m[0m id                         = (known after apply)
      [32m+[0m[0m location                   = "us-central1"
      [32m+[0m[0m name                       = "tracking-service-prod"
      [32m+[0m[0m project                    = "going-5d1ae"
      [32m+[0m[0m status                     = (known after apply)

      [32m+[0m[0m metadata (known after apply)

      [32m+[0m[0m template {
          [32m+[0m[0m metadata {
              [32m+[0m[0m annotations      = {
                  [32m+[0m[0m "autoscaling.knative.dev/maxScale"        = "10"
                  [32m+[0m[0m "autoscaling.knative.dev/minScale"        = "1"
                  [32m+[0m[0m "run.googleapis.com/vpc-access-connector" = "vpc-conn-prod"
                  [32m+[0m[0m "run.googleapis.com/vpc-access-egress"    = "private-ranges-only"
                }
              [32m+[0m[0m generation       = (known after apply)
              [32m+[0m[0m labels           = (known after apply)
              [32m+[0m[0m name             = (known after apply)
              [32m+[0m[0m namespace        = (known after apply)
              [32m+[0m[0m resource_version = (known after apply)
              [32m+[0m[0m self_link        = (known after apply)
              [32m+[0m[0m uid              = (known after apply)
            }
          [32m+[0m[0m spec {
              [32m+[0m[0m container_concurrency = (known after apply)
              [32m+[0m[0m service_account_name  = (known after apply)
              [32m+[0m[0m serving_state         = (known after apply)
              [32m+[0m[0m timeout_seconds       = (known after apply)

              [32m+[0m[0m containers {
                  [32m+[0m[0m image = "us-central1-docker.pkg.dev/going-5d1ae/going-repo-prod/tracking-service:latest"
                  [32m+[0m[0m name  = (known after apply)

                  [32m+[0m[0m env {
                      [32m+[0m[0m name  = "DATABASE_URL"
                        [90m# (1 unchanged attribute hidden)[0m[0m

                      [32m+[0m[0m value_from {
                          [32m+[0m[0m secret_key_ref {
                              [32m+[0m[0m key  = "latest"
                              [32m+[0m[0m name = "DATABASE_URL-prod"
                            }
                        }
                    }
                  [32m+[0m[0m env {
                      [32m+[0m[0m name  = "NODE_ENV"
                      [32m+[0m[0m value = "production"
                    }
                  [32m+[0m[0m env {
                      [32m+[0m[0m name  = "PORT"
                      [32m+[0m[0m value = "3011"
                    }
                  [32m+[0m[0m env {
                      [32m+[0m[0m name  = "REDIS_HOST"
                      [32m+[0m[0m value = "10.156.57.131"
                    }
                  [32m+[0m[0m env {
                      [32m+[0m[0m name  = "REDIS_PORT"
                      [32m+[0m[0m value = "6379"
                    }

                  [32m+[0m[0m ports {
                      [32m+[0m[0m container_port = 3011
                      [32m+[0m[0m name           = (known after apply)
                    }

                  [32m+[0m[0m resources {
                      [32m+[0m[0m limits = {
                          [32m+[0m[0m "cpu"    = "1000m"
                          [32m+[0m[0m "memory" = "512Mi"
                        }
                    }

                  [32m+[0m[0m startup_probe (known after apply)
                }
            }
        }

      [32m+[0m[0m traffic {
          [32m+[0m[0m latest_revision = true
          [32m+[0m[0m percent         = 100
          [32m+[0m[0m url             = (known after apply)
        }
    }

[1m  # google_cloud_run_service.default["transport-service"][0m will be created
[0m  [32m+[0m[0m resource "google_cloud_run_service" "default" {
      [32m+[0m[0m autogenerate_revision_name = false
      [32m+[0m[0m id                         = (known after apply)
      [32m+[0m[0m location                   = "us-central1"
      [32m+[0m[0m name                       = "transport-service-prod"
      [32m+[0m[0m project                    = "going-5d1ae"
      [32m+[0m[0m status                     = (known after apply)

      [32m+[0m[0m metadata (known after apply)

      [32m+[0m[0m template {
          [32m+[0m[0m metadata {
              [32m+[0m[0m annotations      = {
                  [32m+[0m[0m "autoscaling.knative.dev/maxScale"        = "10"
                  [32m+[0m[0m "autoscaling.knative.dev/minScale"        = "1"
                  [32m+[0m[0m "run.googleapis.com/vpc-access-connector" = "vpc-conn-prod"
                  [32m+[0m[0m "run.googleapis.com/vpc-access-egress"    = "private-ranges-only"
                }
              [32m+[0m[0m generation       = (known after apply)
              [32m+[0m[0m labels           = (known after apply)
              [32m+[0m[0m name             = (known after apply)
              [32m+[0m[0m namespace        = (known after apply)
              [32m+[0m[0m resource_version = (known after apply)
              [32m+[0m[0m self_link        = (known after apply)
              [32m+[0m[0m uid              = (known after apply)
            }
          [32m+[0m[0m spec {
              [32m+[0m[0m container_concurrency = (known after apply)
              [32m+[0m[0m service_account_name  = (known after apply)
              [32m+[0m[0m serving_state         = (known after apply)
              [32m+[0m[0m timeout_seconds       = (known after apply)

              [32m+[0m[0m containers {
                  [32m+[0m[0m image = "us-central1-docker.pkg.dev/going-5d1ae/going-repo-prod/transport-service:latest"
                  [32m+[0m[0m name  = (known after apply)

                  [32m+[0m[0m env {
                      [32m+[0m[0m name  = "DATABASE_URL"
                        [90m# (1 unchanged attribute hidden)[0m[0m

                      [32m+[0m[0m value_from {
                          [32m+[0m[0m secret_key_ref {
                              [32m+[0m[0m key  = "latest"
                              [32m+[0m[0m name = "DATABASE_URL-prod"
                            }
                        }
                    }
                  [32m+[0m[0m env {
                      [32m+[0m[0m name  = "NODE_ENV"
                      [32m+[0m[0m value = "production"
                    }
                  [32m+[0m[0m env {
                      [32m+[0m[0m name  = "PORT"
                      [32m+[0m[0m value = "3002"
                    }

                  [32m+[0m[0m ports {
                      [32m+[0m[0m container_port = 3002
                      [32m+[0m[0m name           = (known after apply)
                    }

                  [32m+[0m[0m resources {
                      [32m+[0m[0m limits = {
                          [32m+[0m[0m "cpu"    = "1000m"
                          [32m+[0m[0m "memory" = "512Mi"
                        }
                    }

                  [32m+[0m[0m startup_probe (known after apply)
                }
            }
        }

      [32m+[0m[0m traffic {
          [32m+[0m[0m latest_revision = true
          [32m+[0m[0m percent         = 100
          [32m+[0m[0m url             = (known after apply)
        }
    }

[1m  # google_cloud_run_service.default["user-auth-service"][0m will be created
[0m  [32m+[0m[0m resource "google_cloud_run_service" "default" {
      [32m+[0m[0m autogenerate_revision_name = false
      [32m+[0m[0m id                         = (known after apply)
      [32m+[0m[0m location                   = "us-central1"
      [32m+[0m[0m name                       = "user-auth-service-prod"
      [32m+[0m[0m project                    = "going-5d1ae"
      [32m+[0m[0m status                     = (known after apply)

      [32m+[0m[0m metadata (known after apply)

      [32m+[0m[0m template {
          [32m+[0m[0m metadata {
              [32m+[0m[0m annotations      = {
                  [32m+[0m[0m "autoscaling.knative.dev/maxScale"        = "10"
                  [32m+[0m[0m "autoscaling.knative.dev/minScale"        = "1"
                  [32m+[0m[0m "run.googleapis.com/vpc-access-connector" = "vpc-conn-prod"
                  [32m+[0m[0m "run.googleapis.com/vpc-access-egress"    = "private-ranges-only"
                }
              [32m+[0m[0m generation       = (known after apply)
              [32m+[0m[0m labels           = (known after apply)
              [32m+[0m[0m name             = (known after apply)
              [32m+[0m[0m namespace        = (known after apply)
              [32m+[0m[0m resource_version = (known after apply)
              [32m+[0m[0m self_link        = (known after apply)
              [32m+[0m[0m uid              = (known after apply)
            }
          [32m+[0m[0m spec {
              [32m+[0m[0m container_concurrency = (known after apply)
              [32m+[0m[0m service_account_name  = (known after apply)
              [32m+[0m[0m serving_state         = (known after apply)
              [32m+[0m[0m timeout_seconds       = (known after apply)

              [32m+[0m[0m containers {
                  [32m+[0m[0m image = "us-central1-docker.pkg.dev/going-5d1ae/going-repo-prod/user-auth-service:latest"
                  [32m+[0m[0m name  = (known after apply)

                  [32m+[0m[0m env {
                      [32m+[0m[0m name  = "DATABASE_URL"
                        [90m# (1 unchanged attribute hidden)[0m[0m

                      [32m+[0m[0m value_from {
                          [32m+[0m[0m secret_key_ref {
                              [32m+[0m[0m key  = "latest"
                              [32m+[0m[0m name = "DATABASE_URL-prod"
                            }
                        }
                    }
                  [32m+[0m[0m env {
                      [32m+[0m[0m name  = "JWT_SECRET"
                        [90m# (1 unchanged attribute hidden)[0m[0m

                      [32m+[0m[0m value_from {
                          [32m+[0m[0m secret_key_ref {
                              [32m+[0m[0m key  = "latest"
                              [32m+[0m[0m name = "JWT_SECRET-prod"
                            }
                        }
                    }
                  [32m+[0m[0m env {
                      [32m+[0m[0m name  = "NODE_ENV"
                      [32m+[0m[0m value = "production"
                    }
                  [32m+[0m[0m env {
                      [32m+[0m[0m name  = "PORT"
                      [32m+[0m[0m value = "3001"
                    }

                  [32m+[0m[0m ports {
                      [32m+[0m[0m container_port = 3001
                      [32m+[0m[0m name           = (known after apply)
                    }

                  [32m+[0m[0m resources {
                      [32m+[0m[0m limits = {
                          [32m+[0m[0m "cpu"    = "1000m"
                          [32m+[0m[0m "memory" = "512Mi"
                        }
                    }

                  [32m+[0m[0m startup_probe (known after apply)
                }
            }
        }

      [32m+[0m[0m traffic {
          [32m+[0m[0m latest_revision = true
          [32m+[0m[0m percent         = 100
          [32m+[0m[0m url             = (known after apply)
        }
    }

[1m  # google_cloud_run_service.frontend_webapp[0m is tainted, so must be [1m[31mreplaced[0m
[0m[31m-[0m/[32m+[0m[0m resource "google_cloud_run_service" "frontend_webapp" {
      [33m~[0m[0m id                         = "locations/us-central1/namespaces/going-5d1ae/services/frontend-webapp-prod" -> (known after apply)
        name                       = "frontend-webapp-prod"
      [33m~[0m[0m status                     = [
          [31m-[0m[0m {
              [31m-[0m[0m conditions                   = [
                  [31m-[0m[0m {
                      [31m-[0m[0m message = "Image 'us-central1-docker.pkg.dev/going-5d1ae/going-repo-prod/frontend-webapp:latest' not found."
                      [31m-[0m[0m reason  = "RevisionFailed"
                      [31m-[0m[0m status  = "False"
                      [31m-[0m[0m type    = "Ready"
                    },
                  [31m-[0m[0m {
                      [31m-[0m[0m message = "Image 'us-central1-docker.pkg.dev/going-5d1ae/going-repo-prod/frontend-webapp:latest' not found."
                      [31m-[0m[0m status  = "False"
                      [31m-[0m[0m type    = "ConfigurationsReady"
                        [90m# (1 unchanged attribute hidden)[0m[0m
                    },
                  [31m-[0m[0m {
                      [31m-[0m[0m message = "Image 'us-central1-docker.pkg.dev/going-5d1ae/going-repo-prod/frontend-webapp:latest' not found."
                      [31m-[0m[0m reason  = "RevisionFailed"
                      [31m-[0m[0m status  = "False"
                      [31m-[0m[0m type    = "RoutesReady"
                    },
                ]
              [31m-[0m[0m latest_created_revision_name = "frontend-webapp-prod-00001-9nw"
              [31m-[0m[0m observed_generation          = 1
              [31m-[0m[0m traffic                      = []
                [90m# (2 unchanged attributes hidden)[0m[0m
            },
        ] -> (known after apply)
        [90m# (3 unchanged attributes hidden)[0m[0m

      [33m~[0m[0m metadata (known after apply)
      [31m-[0m[0m metadata {
          [31m-[0m[0m annotations           = {} [90m-> null[0m[0m
          [31m-[0m[0m effective_annotations = {
              [31m-[0m[0m "run.googleapis.com/ingress"        = "all"
              [31m-[0m[0m "run.googleapis.com/ingress-status" = "all"
              [31m-[0m[0m "run.googleapis.com/maxScale"       = "20"
              [31m-[0m[0m "run.googleapis.com/operation-id"   = "6115c39b-4795-46a0-81ca-ba6525116423"
              [31m-[0m[0m "run.googleapis.com/urls"           = jsonencode(
                    [
                      [31m-[0m[0m "https://frontend-webapp-prod-780842550857.us-central1.run.app",
                    ]
                )
              [31m-[0m[0m "serving.knative.dev/creator"       = "rubenmeister@gmail.com"
              [31m-[0m[0m "serving.knative.dev/lastModifier"  = "rubenmeister@gmail.com"
            } [90m-> null[0m[0m
          [31m-[0m[0m effective_labels      = {
              [31m-[0m[0m "cloud.googleapis.com/location" = "us-central1"
            } [90m-> null[0m[0m
          [31m-[0m[0m generation            = 1 [90m-> null[0m[0m
          [31m-[0m[0m labels                = {} [90m-> null[0m[0m
          [31m-[0m[0m namespace             = "going-5d1ae" [90m-> null[0m[0m
          [31m-[0m[0m resource_version      = "AAZH/zBSQ4Y" [90m-> null[0m[0m
          [31m-[0m[0m self_link             = "/apis/serving.knative.dev/v1/namespaces/780842550857/services/frontend-webapp-prod" [90m-> null[0m[0m
          [31m-[0m[0m terraform_labels      = {} [90m-> null[0m[0m
          [31m-[0m[0m uid                   = "707710be-359e-4e89-9c4c-9a39351836cb" [90m-> null[0m[0m
        }

      [33m~[0m[0m template {
          [33m~[0m[0m metadata (known after apply)
          [31m-[0m[0m metadata {
              [31m-[0m[0m annotations      = {} [90m-> null[0m[0m
              [31m-[0m[0m generation       = 0 [90m-> null[0m[0m
              [31m-[0m[0m labels           = {
                  [31m-[0m[0m "run.googleapis.com/startupProbeType" = "Default"
                } [90m-> null[0m[0m
                name             = [90mnull[0m[0m
                [90m# (4 unchanged attributes hidden)[0m[0m
            }
          [33m~[0m[0m spec {
              [33m~[0m[0m container_concurrency = 80 -> (known after apply)
              [33m~[0m[0m service_account_name  = "780842550857-compute@developer.gserviceaccount.com" -> (known after apply)
              [32m+[0m[0m serving_state         = (known after apply)
              [33m~[0m[0m timeout_seconds       = 300 -> (known after apply)

              [33m~[0m[0m containers {
                  [31m-[0m[0m args        = [] [90m-> null[0m[0m
                  [31m-[0m[0m command     = [] [90m-> null[0m[0m
                  [32m+[0m[0m name        = (known after apply)
                    [90m# (2 unchanged attributes hidden)[0m[0m

                  [33m~[0m[0m ports {
                      [33m~[0m[0m name           = "http1" -> (known after apply)
                        [90m# (2 unchanged attributes hidden)[0m[0m
                    }

                  [33m~[0m[0m resources (known after apply)
                  [31m-[0m[0m resources {
                      [31m-[0m[0m limits   = {
                          [31m-[0m[0m "cpu"    = "1000m"
                          [31m-[0m[0m "memory" = "512Mi"
                        } [90m-> null[0m[0m
                      [31m-[0m[0m requests = {} [90m-> null[0m[0m
                    }

                  [33m~[0m[0m startup_probe (known after apply)
                  [31m-[0m[0m startup_probe {
                      [31m-[0m[0m failure_threshold     = 1 [90m-> null[0m[0m
                      [31m-[0m[0m initial_delay_seconds = 0 [90m-> null[0m[0m
                      [31m-[0m[0m period_seconds        = 240 [90m-> null[0m[0m
                      [31m-[0m[0m timeout_seconds       = 240 [90m-> null[0m[0m

                      [31m-[0m[0m tcp_socket {
                          [31m-[0m[0m port = 80 [90m-> null[0m[0m
                        }
                    }
                }
            }
        }

      [33m~[0m[0m traffic {
          [32m+[0m[0m url             = (known after apply)
            [90m# (4 unchanged attributes hidden)[0m[0m
        }
    }

[1m  # google_cloud_run_service_iam_member.admin_public[0m will be created
[0m  [32m+[0m[0m resource "google_cloud_run_service_iam_member" "admin_public" {
      [32m+[0m[0m etag     = (known after apply)
      [32m+[0m[0m id       = (known after apply)
      [32m+[0m[0m location = "us-central1"
      [32m+[0m[0m member   = "allUsers"
      [32m+[0m[0m project  = (known after apply)
      [32m+[0m[0m role     = "roles/run.invoker"
      [32m+[0m[0m service  = "admin-dashboard-prod"
    }

[1m  # google_cloud_run_service_iam_member.api_gateway_public[0m will be created
[0m  [32m+[0m[0m resource "google_cloud_run_service_iam_member" "api_gateway_public" {
      [32m+[0m[0m etag     = (known after apply)
      [32m+[0m[0m id       = (known after apply)
      [32m+[0m[0m location = "us-central1"
      [32m+[0m[0m member   = "allUsers"
      [32m+[0m[0m project  = (known after apply)
      [32m+[0m[0m role     = "roles/run.invoker"
      [32m+[0m[0m service  = "api-gateway-prod"
    }

[1m  # google_cloud_run_service_iam_member.frontend_public[0m will be created
[0m  [32m+[0m[0m resource "google_cloud_run_service_iam_member" "frontend_public" {
      [32m+[0m[0m etag     = (known after apply)
      [32m+[0m[0m id       = (known after apply)
      [32m+[0m[0m location = "us-central1"
      [32m+[0m[0m member   = "allUsers"
      [32m+[0m[0m project  = (known after apply)
      [32m+[0m[0m role     = "roles/run.invoker"
      [32m+[0m[0m service  = "frontend-webapp-prod"
    }

[1m  # google_cloud_run_v2_job.migration_job[0m is tainted, so must be [1m[31mreplaced[0m
[0m[31m-[0m/[32m+[0m[0m resource "google_cloud_run_v2_job" "migration_job" {
      [31m-[0m[0m annotations              = {} [90m-> null[0m[0m
      [33m~[0m[0m conditions               = [] -> (known after apply)
      [33m~[0m[0m create_time              = "2026-01-10T02:13:32.668142Z" -> (known after apply)
      [33m~[0m[0m creator                  = "rubenmeister@gmail.com" -> (known after apply)
      [32m+[0m[0m delete_time              = (known after apply)
      [33m~[0m[0m effective_annotations    = {} -> (known after apply)
      [33m~[0m[0m effective_labels         = {} -> (known after apply)
      [33m~[0m[0m etag                     = "\"CMzrhssGELCTzL4C/cHJvamVjdHMvZ29pbmctNWQxYWUvbG9jYXRpb25zL3VzLWNlbnRyYWwxL2pvYnMvbWlncmF0aW9uLWpvYi1wcm9k\"" -> (known after apply)
      [33m~[0m[0m execution_count          = 0 -> (known after apply)
      [32m+[0m[0m expire_time              = (known after apply)
      [33m~[0m[0m generation               = "1" -> (known after apply)
      [33m~[0m[0m id                       = "projects/going-5d1ae/locations/us-central1/jobs/migration-job-prod" -> (known after apply)
      [31m-[0m[0m labels                   = {} [90m-> null[0m[0m
      [33m~[0m[0m last_modifier            = "rubenmeister@gmail.com" -> (known after apply)
      [33m~[0m[0m latest_created_execution = [] -> (known after apply)
      [33m~[0m[0m launch_stage             = "GA" -> (known after apply)
        name                     = "migration-job-prod"
      [33m~[0m[0m observed_generation      = "1" -> (known after apply)
      [33m~[0m[0m reconciling              = false -> (known after apply)
      [33m~[0m[0m terminal_condition       = [
          [31m-[0m[0m {
              [31m-[0m[0m last_transition_time = "2026-01-10T02:13:32.911233Z"
              [31m-[0m[0m message              = "spec.template.spec.containers[0].env[0].value_from.secret_key_ref.name: Permission denied on secret: projects/780842550857/secrets/DATABASE_URL-prod/versions/latest for Revision service account 780842550857-compute@developer.gserviceaccount.com. The service account used must be granted the 'Secret Manager Secret Accessor' role (roles/secretmanager.secretAccessor) at the secret, project or higher level."
              [31m-[0m[0m reason               = "SECRETS_ACCESS_CHECK_FAILED"
              [31m-[0m[0m state                = "CONDITION_FAILED"
              [31m-[0m[0m type                 = "Ready"
                [90m# (3 unchanged attributes hidden)[0m[0m
            },
        ] -> (known after apply)
      [33m~[0m[0m terraform_labels         = {} -> (known after apply)
      [33m~[0m[0m uid                      = "d469b654-eab9-459f-9470-5dba49f27ecc" -> (known after apply)
      [33m~[0m[0m update_time              = "2026-01-10T02:13:32.668142Z" -> (known after apply)
        [90m# (4 unchanged attributes hidden)[0m[0m

      [33m~[0m[0m template {
          [31m-[0m[0m annotations = {} [90m-> null[0m[0m
          [31m-[0m[0m labels      = {} [90m-> null[0m[0m
          [33m~[0m[0m parallelism = 0 -> (known after apply)
          [33m~[0m[0m task_count  = 1 -> (known after apply)

          [33m~[0m[0m template {
              [33m~[0m[0m execution_environment = "EXECUTION_ENVIRONMENT_GEN2" -> (known after apply)
              [33m~[0m[0m service_account       = "780842550857-compute@developer.gserviceaccount.com" -> (known after apply)
              [33m~[0m[0m timeout               = "600s" -> (known after apply)
                [90m# (2 unchanged attributes hidden)[0m[0m

              [33m~[0m[0m containers {
                  [31m-[0m[0m args        = [] [90m-> null[0m[0m
                  [31m-[0m[0m command     = [] [90m-> null[0m[0m
                    name        = [90mnull[0m[0m
                    [90m# (2 unchanged attributes hidden)[0m[0m

                  [33m~[0m[0m resources (known after apply)
                  [31m-[0m[0m resources {
                      [31m-[0m[0m limits = {
                          [31m-[0m[0m "cpu"    = "1000m"
                          [31m-[0m[0m "memory" = "512Mi"
                        } [90m-> null[0m[0m
                    }

                    [90m# (1 unchanged block hidden)[0m[0m
                }

                [90m# (1 unchanged block hidden)[0m[0m
            }
        }
    }

[1mPlan:[0m [0m17 to add, 0 to change, 3 to destroy.

Changes to Outputs:
  [32m+[0m[0m admin_dashboard_url         = (known after apply)
  [32m+[0m[0m api_gateway_url             = (known after apply)
  [32m+[0m[0m frontend_webapp_url         = (known after apply)
[0m[1mgoogle_cloud_run_service.admin_dashboard: Destroying... [id=locations/us-central1/namespaces/going-5d1ae/services/admin-dashboard-prod][0m[0m
[0m[1mgoogle_cloud_run_service.frontend_webapp: Destroying... [id=locations/us-central1/namespaces/going-5d1ae/services/frontend-webapp-prod][0m[0m
[0m[1mgoogle_cloud_run_v2_job.migration_job: Destroying... [id=projects/going-5d1ae/locations/us-central1/jobs/migration-job-prod][0m[0m
[0m[1mgoogle_cloud_run_service.default["tracking-service"]: Creating...[0m[0m
[0m[1mgoogle_cloud_run_service.default["payment-service"]: Creating...[0m[0m
[0m[1mgoogle_cloud_run_service.default["user-auth-service"]: Creating...[0m[0m
[0m[1mgoogle_cloud_run_service.default["tours-service"]: Creating...[0m[0m
[0m[1mgoogle_cloud_run_service.default["experience-service"]: Creating...[0m[0m
[0m[1mgoogle_cloud_run_service.default["host-service"]: Creating...[0m[0m
[0m[1mgoogle_cloud_run_service.default["api-gateway"]: Creating...[0m[0m
[0m[1mgoogle_cloud_run_service.frontend_webapp: Destruction complete after 1s[0m
[0m[1mgoogle_cloud_run_service.default["booking-service"]: Creating...[0m[0m
[0m[1mgoogle_cloud_run_service.default["parcel-service"]: Creating...[0m[0m
[0m[1mgoogle_cloud_run_service.default["transport-service"]: Creating...[0m[0m
[0m[1mgoogle_cloud_run_service.default["notifications-service"]: Creating...[0m[0m
[0m[1mgoogle_cloud_run_service.admin_dashboard: Destruction complete after 1s[0m
[0m[1mgoogle_cloud_run_service.frontend_webapp: Creating...[0m[0m
[0m[1mgoogle_cloud_run_service.admin_dashboard: Creating...[0m[0m
[0m[1mgoogle_cloud_run_v2_job.migration_job: Destruction complete after 2s[0m
[0m[1mgoogle_cloud_run_v2_job.migration_job: Creating...[0m[0m
ÔòÀ
Ôöé Error: Error waiting to create Service: resource is in failed state "Ready:False", message: Image 'us-central1-docker.pkg.dev/going-5d1ae/going-repo-prod/admin-dashboard:latest' not found.
Ôöé 
Ôöé   with google_cloud_run_service.admin_dashboard,
Ôöé   on frontends.tf line 1, in resource "google_cloud_run_service" "admin_dashboard":
Ôöé    1: resource "google_cloud_run_service" "admin_dashboard" {
Ôöé 
ÔòÁ
ÔòÀ
Ôöé Error: Error waiting to create Service: resource is in failed state "Ready:False", message: Image 'us-central1-docker.pkg.dev/going-5d1ae/going-repo-prod/frontend-webapp:latest' not found.
Ôöé 
Ôöé   with google_cloud_run_service.frontend_webapp,
Ôöé   on frontends.tf line 30, in resource "google_cloud_run_service" "frontend_webapp":
Ôöé   30: resource "google_cloud_run_service" "frontend_webapp" {
Ôöé 
ÔòÁ
ÔòÀ
Ôöé Error: Error waiting to create Job: Error waiting for Creating Job: Error code 9, message: spec.template.spec.containers[0].env[0].value_from.secret_key_ref.name: Permission denied on secret: projects/780842550857/secrets/DATABASE_URL-prod/versions/latest for Revision service account 780842550857-compute@developer.gserviceaccount.com. The service account used must be granted the 'Secret Manager Secret Accessor' role (roles/secretmanager.secretAccessor) at the secret, project or higher level.
Ôöé 
Ôöé   with google_cloud_run_v2_job.migration_job,
Ôöé   on migrations.tf line 1, in resource "google_cloud_run_v2_job" "migration_job":
Ôöé    1: resource "google_cloud_run_v2_job" "migration_job" {
Ôöé 
ÔòÁ
ÔòÀ
Ôöé Error: Error creating Service: googleapi: Error 400: spec.template.spec.containers[0].env: The following reserved env names were provided: PORT. These values are automatically set by the system.
Ôöé Details:
Ôöé [
Ôöé   {
Ôöé     "@type": "type.googleapis.com/google.rpc.BadRequest",
Ôöé     "fieldViolations": [
Ôöé       {
Ôöé         "description": "The following reserved env names were provided: PORT. These values are automatically set by the system.",
Ôöé         "field": "spec.template.spec.containers[0].env"
Ôöé       }
Ôöé     ]
Ôöé   }
Ôöé ]
Ôöé 
Ôöé   with google_cloud_run_service.default["tours-service"],
Ôöé   on services.tf line 47, in resource "google_cloud_run_service" "default":
Ôöé   47: resource "google_cloud_run_service" "default" {
Ôöé 
ÔòÁ
ÔòÀ
Ôöé Error: Error creating Service: googleapi: Error 400: spec.template.spec.containers[0].env: The following reserved env names were provided: PORT. These values are automatically set by the system.
Ôöé Details:
Ôöé [
Ôöé   {
Ôöé     "@type": "type.googleapis.com/google.rpc.BadRequest",
Ôöé     "fieldViolations": [
Ôöé       {
Ôöé         "description": "The following reserved env names were provided: PORT. These values are automatically set by the system.",
Ôöé         "field": "spec.template.spec.containers[0].env"
Ôöé       }
Ôöé     ]
Ôöé   }
Ôöé ]
Ôöé 
Ôöé   with google_cloud_run_service.default["payment-service"],
Ôöé   on services.tf line 47, in resource "google_cloud_run_service" "default":
Ôöé   47: resource "google_cloud_run_service" "default" {
Ôöé 
ÔòÁ
ÔòÀ
Ôöé Error: Error creating Service: googleapi: Error 400: spec.template.spec.containers[0].env: The following reserved env names were provided: PORT. These values are automatically set by the system.
Ôöé Details:
Ôöé [
Ôöé   {
Ôöé     "@type": "type.googleapis.com/google.rpc.BadRequest",
Ôöé     "fieldViolations": [
Ôöé       {
Ôöé         "description": "The following reserved env names were provided: PORT. These values are automatically set by the system.",
Ôöé         "field": "spec.template.spec.containers[0].env"
Ôöé       }
Ôöé     ]
Ôöé   }
Ôöé ]
Ôöé 
Ôöé   with google_cloud_run_service.default["user-auth-service"],
Ôöé   on services.tf line 47, in resource "google_cloud_run_service" "default":
Ôöé   47: resource "google_cloud_run_service" "default" {
Ôöé 
ÔòÁ
ÔòÀ
Ôöé Error: Error creating Service: googleapi: Error 400: spec.template.spec.containers[0].env: The following reserved env names were provided: PORT. These values are automatically set by the system.
Ôöé Details:
Ôöé [
Ôöé   {
Ôöé     "@type": "type.googleapis.com/google.rpc.BadRequest",
Ôöé     "fieldViolations": [
Ôöé       {
Ôöé         "description": "The following reserved env names were provided: PORT. These values are automatically set by the system.",
Ôöé         "field": "spec.template.spec.containers[0].env"
Ôöé       }
Ôöé     ]
Ôöé   }
Ôöé ]
Ôöé 
Ôöé   with google_cloud_run_service.default["transport-service"],
Ôöé   on services.tf line 47, in resource "google_cloud_run_service" "default":
Ôöé   47: resource "google_cloud_run_service" "default" {
Ôöé 
ÔòÁ
ÔòÀ
Ôöé Error: Error creating Service: googleapi: Error 400: spec.template.spec.containers[0].env: The following reserved env names were provided: PORT. These values are automatically set by the system.
Ôöé Details:
Ôöé [
Ôöé   {
Ôöé     "@type": "type.googleapis.com/google.rpc.BadRequest",
Ôöé     "fieldViolations": [
Ôöé       {
Ôöé         "description": "The following reserved env names were provided: PORT. These values are automatically set by the system.",
Ôöé         "field": "spec.template.spec.containers[0].env"
Ôöé       }
Ôöé     ]
Ôöé   }
Ôöé ]
Ôöé 
Ôöé   with google_cloud_run_service.default["host-service"],
Ôöé   on services.tf line 47, in resource "google_cloud_run_service" "default":
Ôöé   47: resource "google_cloud_run_service" "default" {
Ôöé 
ÔòÁ
ÔòÀ
Ôöé Error: Error creating Service: googleapi: Error 400: spec.template.spec.containers[0].env: The following reserved env names were provided: PORT. These values are automatically set by the system.
Ôöé Details:
Ôöé [
Ôöé   {
Ôöé     "@type": "type.googleapis.com/google.rpc.BadRequest",
Ôöé     "fieldViolations": [
Ôöé       {
Ôöé         "description": "The following reserved env names were provided: PORT. These values are automatically set by the system.",
Ôöé         "field": "spec.template.spec.containers[0].env"
Ôöé       }
Ôöé     ]
Ôöé   }
Ôöé ]
Ôöé 
Ôöé   with google_cloud_run_service.default["api-gateway"],
Ôöé   on services.tf line 47, in resource "google_cloud_run_service" "default":
Ôöé   47: resource "google_cloud_run_service" "default" {
Ôöé 
ÔòÁ
ÔòÀ
Ôöé Error: Error creating Service: googleapi: Error 400: spec.template.spec.containers[0].env: The following reserved env names were provided: PORT. These values are automatically set by the system.
Ôöé Details:
Ôöé [
Ôöé   {
Ôöé     "@type": "type.googleapis.com/google.rpc.BadRequest",
Ôöé     "fieldViolations": [
Ôöé       {
Ôöé         "description": "The following reserved env names were provided: PORT. These values are automatically set by the system.",
Ôöé         "field": "spec.template.spec.containers[0].env"
Ôöé       }
Ôöé     ]
Ôöé   }
Ôöé ]
Ôöé 
Ôöé   with google_cloud_run_service.default["experience-service"],
Ôöé   on services.tf line 47, in resource "google_cloud_run_service" "default":
Ôöé   47: resource "google_cloud_run_service" "default" {
Ôöé 
ÔòÁ
ÔòÀ
Ôöé Error: Error creating Service: googleapi: Error 400: spec.template.spec.containers[0].env: The following reserved env names were provided: PORT. These values are automatically set by the system.
Ôöé Details:
Ôöé [
Ôöé   {
Ôöé     "@type": "type.googleapis.com/google.rpc.BadRequest",
Ôöé     "fieldViolations": [
Ôöé       {
Ôöé         "description": "The following reserved env names were provided: PORT. These values are automatically set by the system.",
Ôöé         "field": "spec.template.spec.containers[0].env"
Ôöé       }
Ôöé     ]
Ôöé   }
Ôöé ]
Ôöé 
Ôöé   with google_cloud_run_service.default["tracking-service"],
Ôöé   on services.tf line 47, in resource "google_cloud_run_service" "default":
Ôöé   47: resource "google_cloud_run_service" "default" {
Ôöé 
ÔòÁ
ÔòÀ
Ôöé Error: Error creating Service: googleapi: Error 400: spec.template.spec.containers[0].env: The following reserved env names were provided: PORT. These values are automatically set by the system.
Ôöé Details:
Ôöé [
Ôöé   {
Ôöé     "@type": "type.googleapis.com/google.rpc.BadRequest",
Ôöé     "fieldViolations": [
Ôöé       {
Ôöé         "description": "The following reserved env names were provided: PORT. These values are automatically set by the system.",
Ôöé         "field": "spec.template.spec.containers[0].env"
Ôöé       }
Ôöé     ]
Ôöé   }
Ôöé ]
Ôöé 
Ôöé   with google_cloud_run_service.default["parcel-service"],
Ôöé   on services.tf line 47, in resource "google_cloud_run_service" "default":
Ôöé   47: resource "google_cloud_run_service" "default" {
Ôöé 
ÔòÁ
ÔòÀ
Ôöé Error: Error creating Service: googleapi: Error 400: spec.template.spec.containers[0].env: The following reserved env names were provided: PORT. These values are automatically set by the system.
Ôöé Details:
Ôöé [
Ôöé   {
Ôöé     "@type": "type.googleapis.com/google.rpc.BadRequest",
Ôöé     "fieldViolations": [
Ôöé       {
Ôöé         "description": "The following reserved env names were provided: PORT. These values are automatically set by the system.",
Ôöé         "field": "spec.template.spec.containers[0].env"
Ôöé       }
Ôöé     ]
Ôöé   }
Ôöé ]
Ôöé 
Ôöé   with google_cloud_run_service.default["booking-service"],
Ôöé   on services.tf line 47, in resource "google_cloud_run_service" "default":
Ôöé   47: resource "google_cloud_run_service" "default" {
Ôöé 
ÔòÁ
ÔòÀ
Ôöé Error: Error creating Service: googleapi: Error 400: spec.template.spec.containers[0].env: The following reserved env names were provided: PORT. These values are automatically set by the system.
Ôöé Details:
Ôöé [
Ôöé   {
Ôöé     "@type": "type.googleapis.com/google.rpc.BadRequest",
Ôöé     "fieldViolations": [
Ôöé       {
Ôöé         "description": "The following reserved env names were provided: PORT. These values are automatically set by the system.",
Ôöé         "field": "spec.template.spec.containers[0].env"
Ôöé       }
Ôöé     ]
Ôöé   }
Ôöé ]
Ôöé 
Ôöé   with google_cloud_run_service.default["notifications-service"],
Ôöé   on services.tf line 47, in resource "google_cloud_run_service" "default":
Ôöé   47: resource "google_cloud_run_service" "default" {
Ôöé 
ÔòÁ
