[0m[1mdata.google_project.project: Reading...[0m[0m
[0m[1mgoogle_secret_manager_secret.jwt_secret: Refreshing state... [id=projects/going-5d1ae/secrets/JWT_SECRET-prod][0m
[0m[1mgoogle_secret_manager_secret.twilio_account_sid: Refreshing state... [id=projects/going-5d1ae/secrets/TWILIO_ACCOUNT_SID-prod][0m
[0m[1mgoogle_artifact_registry_repository.repo: Refreshing state... [id=projects/going-5d1ae/locations/us-central1/repositories/going-repo-prod][0m
[0m[1mgoogle_secret_manager_secret.twilio_auth_token: Refreshing state... [id=projects/going-5d1ae/secrets/TWILIO_AUTH_TOKEN-prod][0m
[0m[1mgoogle_secret_manager_secret.kushki_public_key: Refreshing state... [id=projects/going-5d1ae/secrets/KUSHKI_PUBLIC_KEY-prod][0m
[0m[1mgoogle_secret_manager_secret.db_url: Refreshing state... [id=projects/going-5d1ae/secrets/DATABASE_URL-prod][0m
[0m[1mgoogle_secret_manager_secret.kushki_private_key: Refreshing state... [id=projects/going-5d1ae/secrets/KUSHKI_PRIVATE_KEY-prod][0m
[0m[1mgoogle_secret_manager_secret.firebase_project_id: Refreshing state... [id=projects/going-5d1ae/secrets/FIREBASE_PROJECT_ID-prod][0m
[0m[1mgoogle_compute_network.vite_vpc: Refreshing state... [id=projects/going-5d1ae/global/networks/vite-vpc-prod][0m
[0m[1mgoogle_secret_manager_secret_version.twilio_account_sid_val: Refreshing state... [id=projects/780842550857/secrets/TWILIO_ACCOUNT_SID-prod/versions/1][0m
[0m[1mgoogle_secret_manager_secret_version.twilio_auth_token_val: Refreshing state... [id=projects/780842550857/secrets/TWILIO_AUTH_TOKEN-prod/versions/1][0m
[0m[1mgoogle_redis_instance.cache: Refreshing state... [id=projects/going-5d1ae/locations/us-central1/instances/going-redis-prod][0m
[0m[1mgoogle_compute_subnetwork.vite_subnet: Refreshing state... [id=projects/going-5d1ae/regions/us-central1/subnetworks/vite-subnet-prod][0m
[0m[1mgoogle_vpc_access_connector.connector: Refreshing state... [id=projects/going-5d1ae/locations/us-central1/connectors/vpc-conn-prod][0m
[0m[1mgoogle_compute_global_address.private_ip_address: Refreshing state... [id=projects/going-5d1ae/global/addresses/private-ip-address-prod][0m
[0m[1mgoogle_secret_manager_secret_version.kushki_private_key_val: Refreshing state... [id=projects/780842550857/secrets/KUSHKI_PRIVATE_KEY-prod/versions/1][0m
[0m[1mgoogle_secret_manager_secret_version.kushki_public_key_val: Refreshing state... [id=projects/780842550857/secrets/KUSHKI_PUBLIC_KEY-prod/versions/1][0m
[0m[1mgoogle_secret_manager_secret_version.firebase_project_id_val: Refreshing state... [id=projects/780842550857/secrets/FIREBASE_PROJECT_ID-prod/versions/1][0m
[0m[1mgoogle_secret_manager_secret_version.jwt_secret_val: Refreshing state... [id=projects/780842550857/secrets/JWT_SECRET-prod/versions/3][0m
[0m[1mgoogle_cloud_run_service.enterprise_portal: Refreshing state... [id=locations/us-central1/namespaces/going-5d1ae/services/enterprise-portal-prod][0m
[0m[1mgoogle_cloud_run_service.admin_dashboard: Refreshing state... [id=locations/us-central1/namespaces/going-5d1ae/services/admin-dashboard-prod][0m
[0m[1mgoogle_cloud_run_service.frontend_webapp: Refreshing state... [id=locations/us-central1/namespaces/going-5d1ae/services/frontend-webapp-prod][0m
[0m[1mgoogle_service_networking_connection.private_vpc_connection: Refreshing state... [id=projects%2Fgoing-5d1ae%2Fglobal%2Fnetworks%2Fvite-vpc-prod:servicenetworking.googleapis.com][0m
[0m[1mgoogle_cloud_run_service.default["notifications-service"]: Refreshing state... [id=locations/us-central1/namespaces/going-5d1ae/services/notifications-service-prod][0m
[0m[1mgoogle_cloud_run_service.default["host-service"]: Refreshing state... [id=locations/us-central1/namespaces/going-5d1ae/services/host-service-prod][0m
[0m[1mgoogle_cloud_run_service.default["api-gateway"]: Refreshing state... [id=locations/us-central1/namespaces/going-5d1ae/services/api-gateway-prod][0m
[0m[1mdata.google_project.project: Read complete after 1s [id=projects/going-5d1ae][0m
[0m[1mgoogle_cloud_run_service.default["parcel-service"]: Refreshing state... [id=locations/us-central1/namespaces/going-5d1ae/services/parcel-service-prod][0m
[0m[1mgoogle_cloud_run_service.default["payment-service"]: Refreshing state... [id=locations/us-central1/namespaces/going-5d1ae/services/payment-service-prod][0m
[0m[1mgoogle_cloud_run_service.default["tours-service"]: Refreshing state... [id=locations/us-central1/namespaces/going-5d1ae/services/tours-service-prod][0m
[0m[1mgoogle_cloud_run_service.default["tracking-service"]: Refreshing state... [id=locations/us-central1/namespaces/going-5d1ae/services/tracking-service-prod][0m
[0m[1mgoogle_cloud_run_service.default["transport-service"]: Refreshing state... [id=locations/us-central1/namespaces/going-5d1ae/services/transport-service-prod][0m
[0m[1mgoogle_cloud_run_service.default["experience-service"]: Refreshing state... [id=locations/us-central1/namespaces/going-5d1ae/services/experience-service-prod][0m
[0m[1mgoogle_project_iam_member.secret_accessor: Refreshing state... [id=going-5d1ae/roles/secretmanager.secretAccessor/serviceAccount:780842550857-compute@developer.gserviceaccount.com][0m
[0m[1mgoogle_cloud_run_service.default["user-auth-service"]: Refreshing state... [id=locations/us-central1/namespaces/going-5d1ae/services/user-auth-service-prod][0m
[0m[1mgoogle_cloud_run_service.default["booking-service"]: Refreshing state... [id=locations/us-central1/namespaces/going-5d1ae/services/booking-service-prod][0m
[0m[1mgoogle_cloud_run_service_iam_member.frontend_public: Refreshing state... [id=v1/projects/going-5d1ae/locations/us-central1/services/frontend-webapp-prod/roles/run.invoker/allUsers][0m
[0m[1mgoogle_cloud_run_service_iam_member.enterprise_public: Refreshing state... [id=v1/projects/going-5d1ae/locations/us-central1/services/enterprise-portal-prod/roles/run.invoker/allUsers][0m
[0m[1mgoogle_cloud_run_service_iam_member.admin_public: Refreshing state... [id=v1/projects/going-5d1ae/locations/us-central1/services/admin-dashboard-prod/roles/run.invoker/allUsers][0m
[0m[1mgoogle_cloud_run_service_iam_member.api_gateway_public: Refreshing state... [id=v1/projects/going-5d1ae/locations/us-central1/services/api-gateway-prod/roles/run.invoker/allUsers][0m
[0m[1mgoogle_sql_database_instance.main: Refreshing state... [id=going-db-prod][0m
[0m[1mgoogle_sql_database.database: Refreshing state... [id=projects/going-5d1ae/instances/going-db-prod/databases/going_db][0m
[0m[1mgoogle_secret_manager_secret_version.db_url_val: Refreshing state... [id=projects/780842550857/secrets/DATABASE_URL-prod/versions/3][0m
[0m[1mgoogle_sql_user.users: Refreshing state... [id=going_user//going-db-prod][0m
[0m[1mgoogle_cloud_run_v2_job.migration_job: Refreshing state... [id=projects/going-5d1ae/locations/us-central1/jobs/migration-job-prod][0m

Terraform used the selected providers to generate the following execution
plan. Resource actions are indicated with the following symbols:
  [33m~[0m update in-place[0m
[31m-[0m/[32m+[0m destroy and then create replacement[0m

Terraform will perform the following actions:

[1m  # google_cloud_run_service.default["tracking-service"][0m is tainted, so must be [1m[31mreplaced[0m
[0m[31m-[0m/[32m+[0m[0m resource "google_cloud_run_service" "default" {
      [33m~[0m[0m id                         = "locations/us-central1/namespaces/going-5d1ae/services/tracking-service-prod" -> (known after apply)
        name                       = "tracking-service-prod"
      [33m~[0m[0m status                     = [
          [31m-[0m[0m {
              [31m-[0m[0m conditions                   = [
                  [31m-[0m[0m {
                      [31m-[0m[0m message = <<-EOT
                            The user-provided container failed to start and listen on the port defined provided by the PORT=3000 environment variable within the allocated timeout. This can happen when the container port is misconfigured or if the timeout is too short. The health check timeout can be extended. Logs for this revision might contain more information.
                            
                            Logs URL: https://console.cloud.google.com/logs/viewer?project=going-5d1ae&resource=cloud_run_revision/service_name/tracking-service-prod/revision_name/tracking-service-prod-00001-thm&advancedFilter=resource.type%3D%22cloud_run_revision%22%0Aresource.labels.service_name%3D%22tracking-service-prod%22%0Aresource.labels.revision_name%3D%22tracking-service-prod-00001-thm%22 
                            For more troubleshooting guidance, see https://cloud.google.com/run/docs/troubleshooting#container-failed-to-start
                        EOT
                      [31m-[0m[0m reason  = "HealthCheckContainerError"
                      [31m-[0m[0m status  = "False"
                      [31m-[0m[0m type    = "Ready"
                    },
                  [31m-[0m[0m {
                      [31m-[0m[0m message = <<-EOT
                            The user-provided container failed to start and listen on the port defined provided by the PORT=3000 environment variable within the allocated timeout. This can happen when the container port is misconfigured or if the timeout is too short. The health check timeout can be extended. Logs for this revision might contain more information.
                            
                            Logs URL: https://console.cloud.google.com/logs/viewer?project=going-5d1ae&resource=cloud_run_revision/service_name/tracking-service-prod/revision_name/tracking-service-prod-00001-thm&advancedFilter=resource.type%3D%22cloud_run_revision%22%0Aresource.labels.service_name%3D%22tracking-service-prod%22%0Aresource.labels.revision_name%3D%22tracking-service-prod-00001-thm%22 
                            For more troubleshooting guidance, see https://cloud.google.com/run/docs/troubleshooting#container-failed-to-start
                        EOT
                      [31m-[0m[0m reason  = "HealthCheckContainerError"
                      [31m-[0m[0m status  = "False"
                      [31m-[0m[0m type    = "ConfigurationsReady"
                    },
                  [31m-[0m[0m {
                      [31m-[0m[0m message = <<-EOT
                            The user-provided container failed to start and listen on the port defined provided by the PORT=3000 environment variable within the allocated timeout. This can happen when the container port is misconfigured or if the timeout is too short. The health check timeout can be extended. Logs for this revision might contain more information.
                            
                            Logs URL: https://console.cloud.google.com/logs/viewer?project=going-5d1ae&resource=cloud_run_revision/service_name/tracking-service-prod/revision_name/tracking-service-prod-00001-thm&advancedFilter=resource.type%3D%22cloud_run_revision%22%0Aresource.labels.service_name%3D%22tracking-service-prod%22%0Aresource.labels.revision_name%3D%22tracking-service-prod-00001-thm%22 
                            For more troubleshooting guidance, see https://cloud.google.com/run/docs/troubleshooting#container-failed-to-start
                        EOT
                      [31m-[0m[0m reason  = "HealthCheckContainerError"
                      [31m-[0m[0m status  = "False"
                      [31m-[0m[0m type    = "RoutesReady"
                    },
                ]
              [31m-[0m[0m latest_created_revision_name = "tracking-service-prod-00001-thm"
              [31m-[0m[0m observed_generation          = 1
              [31m-[0m[0m traffic                      = []
                [90m# (2 unchanged attributes hidden)[0m[0m
            },
        ] -> (known after apply)
        [90m# (3 unchanged attributes hidden)[0m[0m

      [33m~[0m[0m metadata (known after apply)
      [31m-[0m[0m metadata {
          [31m-[0m[0m annotations           = {} [90m-> null[0m[0m
          [31m-[0m[0m effective_annotations = {
              [31m-[0m[0m "run.googleapis.com/ingress"        = "all"
              [31m-[0m[0m "run.googleapis.com/ingress-status" = "all"
              [31m-[0m[0m "run.googleapis.com/maxScale"       = "20"
              [31m-[0m[0m "run.googleapis.com/operation-id"   = "a5e5389e-4012-4e0f-b5f5-978684469d58"
              [31m-[0m[0m "run.googleapis.com/urls"           = jsonencode(
                    [
                      [31m-[0m[0m "https://tracking-service-prod-780842550857.us-central1.run.app",
                    ]
                )
              [31m-[0m[0m "serving.knative.dev/creator"       = "rubenmeister@gmail.com"
              [31m-[0m[0m "serving.knative.dev/lastModifier"  = "rubenmeister@gmail.com"
            } [90m-> null[0m[0m
          [31m-[0m[0m effective_labels      = {
              [31m-[0m[0m "cloud.googleapis.com/location" = "us-central1"
            } [90m-> null[0m[0m
          [31m-[0m[0m generation            = 1 [90m-> null[0m[0m
          [31m-[0m[0m labels                = {} [90m-> null[0m[0m
          [31m-[0m[0m namespace             = "going-5d1ae" [90m-> null[0m[0m
          [31m-[0m[0m resource_version      = "AAZII6DUN1Q" [90m-> null[0m[0m
          [31m-[0m[0m self_link             = "/apis/serving.knative.dev/v1/namespaces/780842550857/services/tracking-service-prod" [90m-> null[0m[0m
          [31m-[0m[0m terraform_labels      = {} [90m-> null[0m[0m
          [31m-[0m[0m uid                   = "3099ed0e-4759-4cef-a0a7-82b9ee633ab8" [90m-> null[0m[0m
        }

      [33m~[0m[0m template {
          [33m~[0m[0m metadata {
              [33m~[0m[0m generation       = 0 -> (known after apply)
              [33m~[0m[0m labels           = {
                  [31m-[0m[0m "run.googleapis.com/startupProbeType" = "Default"
                } -> (known after apply)
              [32m+[0m[0m name             = (known after apply)
              [32m+[0m[0m namespace        = (known after apply)
              [32m+[0m[0m resource_version = (known after apply)
              [32m+[0m[0m self_link        = (known after apply)
              [32m+[0m[0m uid              = (known after apply)
                [90m# (1 unchanged attribute hidden)[0m[0m
            }
          [33m~[0m[0m spec {
              [33m~[0m[0m container_concurrency = 80 -> (known after apply)
              [33m~[0m[0m service_account_name  = "780842550857-compute@developer.gserviceaccount.com" -> (known after apply)
              [32m+[0m[0m serving_state         = (known after apply)
              [33m~[0m[0m timeout_seconds       = 300 -> (known after apply)

              [33m~[0m[0m containers {
                  [31m-[0m[0m args        = [] [90m-> null[0m[0m
                  [31m-[0m[0m command     = [] [90m-> null[0m[0m
                  [32m+[0m[0m name        = (known after apply)
                    [90m# (2 unchanged attributes hidden)[0m[0m

                  [33m~[0m[0m ports {
                      [33m~[0m[0m name           = "http1" -> (known after apply)
                        [90m# (2 unchanged attributes hidden)[0m[0m
                    }

                  [33m~[0m[0m resources {
                      [31m-[0m[0m requests = {} [90m-> null[0m[0m
                        [90m# (1 unchanged attribute hidden)[0m[0m
                    }

                  [33m~[0m[0m startup_probe (known after apply)
                  [31m-[0m[0m startup_probe {
                      [31m-[0m[0m failure_threshold     = 1 [90m-> null[0m[0m
                      [31m-[0m[0m initial_delay_seconds = 0 [90m-> null[0m[0m
                      [31m-[0m[0m period_seconds        = 240 [90m-> null[0m[0m
                      [31m-[0m[0m timeout_seconds       = 240 [90m-> null[0m[0m

                      [31m-[0m[0m tcp_socket {
                          [31m-[0m[0m port = 3000 [90m-> null[0m[0m
                        }
                    }

                    [90m# (4 unchanged blocks hidden)[0m[0m
                }
            }
        }

      [33m~[0m[0m traffic {
          [32m+[0m[0m url             = (known after apply)
            [90m# (4 unchanged attributes hidden)[0m[0m
        }
    }

[1m  # google_cloud_run_service.default["user-auth-service"][0m will be updated in-place
[0m  [33m~[0m[0m resource "google_cloud_run_service" "default" {
        id                         = "locations/us-central1/namespaces/going-5d1ae/services/user-auth-service-prod"
        name                       = "user-auth-service-prod"
        [90m# (4 unchanged attributes hidden)[0m[0m

      [33m~[0m[0m template {
          [33m~[0m[0m metadata {
              [33m~[0m[0m annotations      = {
                  [31m-[0m[0m "run.googleapis.com/client-name"          = "gcloud" [90m-> null[0m[0m
                  [31m-[0m[0m "run.googleapis.com/client-version"       = "551.0.0" [90m-> null[0m[0m
                    [90m# (4 unchanged elements hidden)[0m[0m
                }
                name             = [90mnull[0m[0m
                [90m# (6 unchanged attributes hidden)[0m[0m
            }

            [90m# (1 unchanged block hidden)[0m[0m
        }

        [90m# (2 unchanged blocks hidden)[0m[0m
    }

[1mPlan:[0m [0m1 to add, 1 to change, 1 to destroy.
[0m[1mgoogle_cloud_run_service.default["tracking-service"]: Destroying... [id=locations/us-central1/namespaces/going-5d1ae/services/tracking-service-prod][0m[0m
[0m[1mgoogle_cloud_run_service.default["user-auth-service"]: Modifying... [id=locations/us-central1/namespaces/going-5d1ae/services/user-auth-service-prod][0m[0m
[0m[1mgoogle_cloud_run_service.default["tracking-service"]: Destruction complete after 0s[0m
[0m[1mgoogle_cloud_run_service.default["tracking-service"]: Creating...[0m[0m
[0m[1mgoogle_cloud_run_service.default["tracking-service"]: Still creating... [00m10s elapsed][0m[0m
[0m[1mgoogle_cloud_run_service.default["tracking-service"]: Still creating... [00m20s elapsed][0m[0m
ÔòÀ
Ôöé Error: resource is in failed state "Ready:False", message: The user-provided container failed to start and listen on the port defined provided by the PORT=3000 environment variable within the allocated timeout. This can happen when the container port is misconfigured or if the timeout is too short. The health check timeout can be extended. Logs for this revision might contain more information.
Ôöé 
Ôöé Logs URL: https://console.cloud.google.com/logs/viewer?project=going-5d1ae&resource=cloud_run_revision/service_name/user-auth-service-prod/revision_name/user-auth-service-prod-00002-lsd&advancedFilter=resource.type%3D%22cloud_run_revision%22%0Aresource.labels.service_name%3D%22user-auth-service-prod%22%0Aresource.labels.revision_name%3D%22user-auth-service-prod-00002-lsd%22 
Ôöé For more troubleshooting guidance, see https://cloud.google.com/run/docs/troubleshooting#container-failed-to-start
Ôöé 
Ôöé   with google_cloud_run_service.default["user-auth-service"],
Ôöé   on services.tf line 47, in resource "google_cloud_run_service" "default":
Ôöé   47: resource "google_cloud_run_service" "default" {
Ôöé 
ÔòÁ
ÔòÀ
Ôöé Error: Error waiting to create Service: resource is in failed state "Ready:False", message: The user-provided container failed to start and listen on the port defined provided by the PORT=3000 environment variable within the allocated timeout. This can happen when the container port is misconfigured or if the timeout is too short. The health check timeout can be extended. Logs for this revision might contain more information.
Ôöé 
Ôöé Logs URL: https://console.cloud.google.com/logs/viewer?project=going-5d1ae&resource=cloud_run_revision/service_name/tracking-service-prod/revision_name/tracking-service-prod-00001-6fm&advancedFilter=resource.type%3D%22cloud_run_revision%22%0Aresource.labels.service_name%3D%22tracking-service-prod%22%0Aresource.labels.revision_name%3D%22tracking-service-prod-00001-6fm%22 
Ôöé For more troubleshooting guidance, see https://cloud.google.com/run/docs/troubleshooting#container-failed-to-start
Ôöé 
Ôöé   with google_cloud_run_service.default["tracking-service"],
Ôöé   on services.tf line 47, in resource "google_cloud_run_service" "default":
Ôöé   47: resource "google_cloud_run_service" "default" {
Ôöé 
ÔòÁ
